[ 2015-06-09T09:36:09+08:00 ] 127.0.0.1 /fundcrm/index.php/Home/Login/index
INFO: [ app_init ] --START--
INFO: Run Behavior\BuildLiteBehavior [ RunTime:0.000000s ]
INFO: Run Behavior\FlashBehaviors [ RunTime:0.000000s ]
INFO: [ app_init ] --END-- [ RunTime:0.002000s ]
INFO: [ app_begin ] --START--
INFO: Run Behavior\ReadHtmlCacheBehavior [ RunTime:0.003000s ]
INFO: [ app_begin ] --END-- [ RunTime:0.003000s ]
INFO: [ view_parse ] --START--
INFO: [ template_filter ] --START--
INFO: Run Behavior\ContentReplaceBehavior [ RunTime:0.000000s ]
INFO: [ template_filter ] --END-- [ RunTime:0.001000s ]
NOTIC: [8] Undefined variable: page_title D:\phpworkspace\fundcrm\Application\Runtime\Cache\Home\5b6adcb62ad2b5dfc2abc2cd5e11dc99.php 第 7 行.
NOTIC: [8] Undefined variable: page_description D:\phpworkspace\fundcrm\Application\Runtime\Cache\Home\5b6adcb62ad2b5dfc2abc2cd5e11dc99.php 第 9 行.
INFO: Run Behavior\ParseTemplateBehavior [ RunTime:0.024002s ]
INFO: [ view_parse ] --END-- [ RunTime:0.024002s ]
INFO: [ view_filter ] --START--
INFO: Run Behavior\WriteHtmlCacheBehavior [ RunTime:0.000000s ]
INFO: [ view_filter ] --END-- [ RunTime:0.001000s ]
INFO: [ app_end ] --START--
INFO: Run Behavior\ShowPageTraceBehavior [ RunTime:0.001000s ]
INFO: [ app_end ] --END-- [ RunTime:0.001000s ]

[ 2015-06-09T09:36:18+08:00 ] 127.0.0.1 /fundcrm/index.php/Home/Login/checkLogin
INFO: [ app_init ] --START--
INFO: Run Behavior\BuildLiteBehavior [ RunTime:0.000000s ]
INFO: Run Behavior\FlashBehaviors [ RunTime:0.000000s ]
INFO: [ app_init ] --END-- [ RunTime:0.000000s ]
INFO: [ app_begin ] --START--
INFO: Run Behavior\ReadHtmlCacheBehavior [ RunTime:0.000000s ]
INFO: [ app_begin ] --END-- [ RunTime:0.000000s ]
SQL: SELECT * FROM t_user WHERE account = 'admin' AND status > 0 LIMIT 1   [ RunTime:0.0740s ]
SQL: UPDATE t_user SET last_login_time='20150609 09:36:18',login_count=login_count+1,last_login_ip='127.0.0.1' WHERE id = 1 [ RunTime:0.0100s ]
INFO: [ view_parse ] --START--
INFO: [ template_filter ] --START--
INFO: Run Behavior\ContentReplaceBehavior [ RunTime:0.000000s ]
INFO: [ template_filter ] --END-- [ RunTime:0.001000s ]
INFO: Run Behavior\ParseTemplateBehavior [ RunTime:0.018001s ]
INFO: [ view_parse ] --END-- [ RunTime:0.018001s ]
INFO: [ view_filter ] --START--
INFO: Run Behavior\WriteHtmlCacheBehavior [ RunTime:0.000000s ]
INFO: [ view_filter ] --END-- [ RunTime:0.000000s ]
INFO: [ app_end ] --START--
INFO: Run Behavior\ShowPageTraceBehavior [ RunTime:0.001000s ]
INFO: [ app_end ] --END-- [ RunTime:0.001000s ]

[ 2015-06-09T09:36:21+08:00 ] 127.0.0.1 /fundcrm/index.php/Home/Index/index
INFO: [ app_init ] --START--
INFO: Run Behavior\BuildLiteBehavior [ RunTime:0.000000s ]
INFO: Run Behavior\FlashBehaviors [ RunTime:0.000000s ]
INFO: [ app_init ] --END-- [ RunTime:0.000000s ]
INFO: [ app_begin ] --START--
INFO: Run Behavior\ReadHtmlCacheBehavior [ RunTime:0.000000s ]
INFO: [ app_begin ] --END-- [ RunTime:0.000000s ]
SQL: select node.id,node.name from t_role as role,t_role_user as userrole,t_access as access ,t_node as node where userrole.user_id='1' and userrole.role_id=role.id and ( access.role_id=role.id  or (access.role_id=role.pid and role.pid!=0 ) ) and role.status=1 and access.node_id=node.id and node.level=1 and node.status=1 [ RunTime:0.0420s ]
SQL: select node.id,node.name from t_role as role,t_role_user as userrole,t_access as access ,t_node as node where userrole.user_id='1' and userrole.role_id=role.id and ( access.role_id=role.id  or (access.role_id=role.pid and role.pid!=0 ) ) and role.status=1 and access.node_id=node.id and node.level=2 and node.pid=18 and node.status=1 [ RunTime:0.0090s ]
SQL: select node.id,node.name from t_role as role,t_role_user as userrole,t_access as access ,t_node as node where userrole.user_id='1' and userrole.role_id=role.id and ( access.role_id=role.id  or (access.role_id=role.pid and role.pid!=0 ) ) and role.status=1 and access.node_id=node.id and node.level=3 and node.pid=19 and node.status=1 [ RunTime:0.0060s ]
SQL: select node.id,node.name from t_role as role,t_role_user as userrole,t_access as access ,t_node as node where userrole.user_id='1' and userrole.role_id=role.id and ( access.role_id=role.id  or (access.role_id=role.pid and role.pid!=0 ) ) and role.status=1 and access.node_id=node.id and node.level=3 and node.pid=24 and node.status=1 [ RunTime:0.0070s ]
SQL: select node.id,node.name from t_role as role,t_role_user as userrole,t_access as access ,t_node as node where userrole.user_id='1' and userrole.role_id=role.id and ( access.role_id=role.id  or (access.role_id=role.pid and role.pid!=0 ) ) and role.status=1 and access.node_id=node.id and node.level=2 and node.pid=30 and node.status=1 [ RunTime:0.0060s ]
SQL: select node.id,node.name from t_role as role,t_role_user as userrole,t_access as access ,t_node as node where userrole.user_id='1' and userrole.role_id=role.id and ( access.role_id=role.id  or (access.role_id=role.pid and role.pid!=0 ) ) and role.status=1 and access.node_id=node.id and node.level=3 and node.pid=28 and node.status=1 [ RunTime:0.0090s ]
INFO: [ view_parse ] --START--
INFO: [ template_filter ] --START--
INFO: Run Behavior\ContentReplaceBehavior [ RunTime:0.000000s ]
INFO: [ template_filter ] --END-- [ RunTime:0.000000s ]
NOTIC: [8] Undefined variable: page_title D:\phpworkspace\fundcrm\Application\Runtime\Cache\Home\2a94b8bda04ff446dcedd42276fc99ee.php 第 6 行.
NOTIC: [8] Undefined variable: page_description D:\phpworkspace\fundcrm\Application\Runtime\Cache\Home\2a94b8bda04ff446dcedd42276fc99ee.php 第 8 行.
INFO: Run Behavior\ParseTemplateBehavior [ RunTime:0.012001s ]
INFO: [ view_parse ] --END-- [ RunTime:0.012001s ]
INFO: [ view_filter ] --START--
INFO: Run Behavior\WriteHtmlCacheBehavior [ RunTime:0.000000s ]
INFO: [ view_filter ] --END-- [ RunTime:0.000000s ]
INFO: [ app_end ] --START--
INFO: Run Behavior\ShowPageTraceBehavior [ RunTime:0.000000s ]
INFO: [ app_end ] --END-- [ RunTime:0.000000s ]

[ 2015-06-09T09:36:23+08:00 ] 127.0.0.1 /fundcrm/index.php/Home/Role/roleList
INFO: [ app_init ] --START--
INFO: Run Behavior\BuildLiteBehavior [ RunTime:0.000000s ]
INFO: Run Behavior\FlashBehaviors [ RunTime:0.000000s ]
INFO: [ app_init ] --END-- [ RunTime:0.000000s ]
INFO: [ app_begin ] --START--
INFO: Run Behavior\ReadHtmlCacheBehavior [ RunTime:0.000000s ]
INFO: [ app_begin ] --END-- [ RunTime:0.000000s ]
SQL: select node.id,node.name from t_role as role,t_role_user as userrole,t_access as access ,t_node as node where userrole.user_id='1' and userrole.role_id=role.id and ( access.role_id=role.id  or (access.role_id=role.pid and role.pid!=0 ) ) and role.status=1 and access.node_id=node.id and node.level=1 and node.status=1 [ RunTime:0.0110s ]
SQL: select node.id,node.name from t_role as role,t_role_user as userrole,t_access as access ,t_node as node where userrole.user_id='1' and userrole.role_id=role.id and ( access.role_id=role.id  or (access.role_id=role.pid and role.pid!=0 ) ) and role.status=1 and access.node_id=node.id and node.level=2 and node.pid=18 and node.status=1 [ RunTime:0.0060s ]
SQL: select node.id,node.name from t_role as role,t_role_user as userrole,t_access as access ,t_node as node where userrole.user_id='1' and userrole.role_id=role.id and ( access.role_id=role.id  or (access.role_id=role.pid and role.pid!=0 ) ) and role.status=1 and access.node_id=node.id and node.level=3 and node.pid=19 and node.status=1 [ RunTime:0.0060s ]
SQL: select node.id,node.name from t_role as role,t_role_user as userrole,t_access as access ,t_node as node where userrole.user_id='1' and userrole.role_id=role.id and ( access.role_id=role.id  or (access.role_id=role.pid and role.pid!=0 ) ) and role.status=1 and access.node_id=node.id and node.level=3 and node.pid=24 and node.status=1 [ RunTime:0.0050s ]
SQL: select node.id,node.name from t_role as role,t_role_user as userrole,t_access as access ,t_node as node where userrole.user_id='1' and userrole.role_id=role.id and ( access.role_id=role.id  or (access.role_id=role.pid and role.pid!=0 ) ) and role.status=1 and access.node_id=node.id and node.level=2 and node.pid=30 and node.status=1 [ RunTime:0.0050s ]
SQL: select node.id,node.name from t_role as role,t_role_user as userrole,t_access as access ,t_node as node where userrole.user_id='1' and userrole.role_id=role.id and ( access.role_id=role.id  or (access.role_id=role.pid and role.pid!=0 ) ) and role.status=1 and access.node_id=node.id and node.level=3 and node.pid=28 and node.status=1 [ RunTime:0.0060s ]
SQL: SELECT * FROM t_role  [ RunTime:0.0060s ]
INFO: [ view_parse ] --START--
INFO: [ template_filter ] --START--
INFO: Run Behavior\ContentReplaceBehavior [ RunTime:0.001000s ]
INFO: [ template_filter ] --END-- [ RunTime:0.001000s ]
NOTIC: [8] Undefined variable: page_title D:\phpworkspace\fundcrm\Application\Runtime\Cache\Home\5c77cd009a0b5005507c8d4b8adbbd65.php 第 6 行.
NOTIC: [8] Undefined variable: page_description D:\phpworkspace\fundcrm\Application\Runtime\Cache\Home\5c77cd009a0b5005507c8d4b8adbbd65.php 第 8 行.
INFO: Run Behavior\ParseTemplateBehavior [ RunTime:0.017001s ]
INFO: [ view_parse ] --END-- [ RunTime:0.017001s ]
INFO: [ view_filter ] --START--
INFO: Run Behavior\WriteHtmlCacheBehavior [ RunTime:0.000000s ]
INFO: [ view_filter ] --END-- [ RunTime:0.000000s ]
INFO: [ app_end ] --START--
INFO: Run Behavior\ShowPageTraceBehavior [ RunTime:0.001000s ]
INFO: [ app_end ] --END-- [ RunTime:0.001000s ]

[ 2015-06-09T09:36:38+08:00 ] 127.0.0.1 /fundcrm/index.php/Home/Role/roleUserList?id=1
INFO: [ app_init ] --START--
INFO: Run Behavior\BuildLiteBehavior [ RunTime:0.000000s ]
INFO: Run Behavior\FlashBehaviors [ RunTime:0.000000s ]
INFO: [ app_init ] --END-- [ RunTime:0.000000s ]
INFO: [ app_begin ] --START--
INFO: Run Behavior\ReadHtmlCacheBehavior [ RunTime:0.000000s ]
INFO: [ app_begin ] --END-- [ RunTime:0.000000s ]
SQL: select node.id,node.name from t_role as role,t_role_user as userrole,t_access as access ,t_node as node where userrole.user_id='1' and userrole.role_id=role.id and ( access.role_id=role.id  or (access.role_id=role.pid and role.pid!=0 ) ) and role.status=1 and access.node_id=node.id and node.level=1 and node.status=1 [ RunTime:0.0100s ]
SQL: select node.id,node.name from t_role as role,t_role_user as userrole,t_access as access ,t_node as node where userrole.user_id='1' and userrole.role_id=role.id and ( access.role_id=role.id  or (access.role_id=role.pid and role.pid!=0 ) ) and role.status=1 and access.node_id=node.id and node.level=2 and node.pid=18 and node.status=1 [ RunTime:0.0070s ]
SQL: select node.id,node.name from t_role as role,t_role_user as userrole,t_access as access ,t_node as node where userrole.user_id='1' and userrole.role_id=role.id and ( access.role_id=role.id  or (access.role_id=role.pid and role.pid!=0 ) ) and role.status=1 and access.node_id=node.id and node.level=3 and node.pid=19 and node.status=1 [ RunTime:0.0090s ]
SQL: select node.id,node.name from t_role as role,t_role_user as userrole,t_access as access ,t_node as node where userrole.user_id='1' and userrole.role_id=role.id and ( access.role_id=role.id  or (access.role_id=role.pid and role.pid!=0 ) ) and role.status=1 and access.node_id=node.id and node.level=3 and node.pid=24 and node.status=1 [ RunTime:0.0070s ]
SQL: select node.id,node.name from t_role as role,t_role_user as userrole,t_access as access ,t_node as node where userrole.user_id='1' and userrole.role_id=role.id and ( access.role_id=role.id  or (access.role_id=role.pid and role.pid!=0 ) ) and role.status=1 and access.node_id=node.id and node.level=2 and node.pid=30 and node.status=1 [ RunTime:0.0050s ]
SQL: select node.id,node.name from t_role as role,t_role_user as userrole,t_access as access ,t_node as node where userrole.user_id='1' and userrole.role_id=role.id and ( access.role_id=role.id  or (access.role_id=role.pid and role.pid!=0 ) ) and role.status=1 and access.node_id=node.id and node.level=3 and node.pid=28 and node.status=1 [ RunTime:0.0070s ]
SQL: SELECT * FROM t_role  [ RunTime:0.0060s ]
SQL: SELECT * FROM t_role_user WHERE ( role_id = '1' )  [ RunTime:0.0050s ]
NOTIC: [8] Use of undefined constant user_id - assumed 'user_id' D:\phpworkspace\fundcrm\Application\Home\Controller\RoleController.class.php 第 221 行.
SQL: SELECT * FROM t_user WHERE status = '1'  [ RunTime:0.0100s ]
INFO: [ view_parse ] --START--
INFO: [ template_filter ] --START--
INFO: Run Behavior\ContentReplaceBehavior [ RunTime:0.000000s ]
INFO: [ template_filter ] --END-- [ RunTime:0.000000s ]
NOTIC: [8] Undefined variable: page_title D:\phpworkspace\fundcrm\Application\Runtime\Cache\Home\4f2c9264cb2d097330d41bc28ef81c95.php 第 6 行.
NOTIC: [8] Undefined variable: page_description D:\phpworkspace\fundcrm\Application\Runtime\Cache\Home\4f2c9264cb2d097330d41bc28ef81c95.php 第 8 行.
INFO: Run Behavior\ParseTemplateBehavior [ RunTime:0.014001s ]
INFO: [ view_parse ] --END-- [ RunTime:0.014001s ]
INFO: [ view_filter ] --START--
INFO: Run Behavior\WriteHtmlCacheBehavior [ RunTime:0.000000s ]
INFO: [ view_filter ] --END-- [ RunTime:0.000000s ]
INFO: [ app_end ] --START--
INFO: Run Behavior\ShowPageTraceBehavior [ RunTime:0.001000s ]
INFO: [ app_end ] --END-- [ RunTime:0.001000s ]

[ 2015-06-09T09:36:41+08:00 ] 127.0.0.1 /fundcrm/index.php/Home/Role/roleUserList?id=3
INFO: [ app_init ] --START--
INFO: Run Behavior\BuildLiteBehavior [ RunTime:0.000000s ]
INFO: Run Behavior\FlashBehaviors [ RunTime:0.000000s ]
INFO: [ app_init ] --END-- [ RunTime:0.001001s ]
INFO: [ app_begin ] --START--
INFO: Run Behavior\ReadHtmlCacheBehavior [ RunTime:0.000000s ]
INFO: [ app_begin ] --END-- [ RunTime:0.000000s ]
SQL: select node.id,node.name from t_role as role,t_role_user as userrole,t_access as access ,t_node as node where userrole.user_id='1' and userrole.role_id=role.id and ( access.role_id=role.id  or (access.role_id=role.pid and role.pid!=0 ) ) and role.status=1 and access.node_id=node.id and node.level=1 and node.status=1 [ RunTime:0.0130s ]
SQL: select node.id,node.name from t_role as role,t_role_user as userrole,t_access as access ,t_node as node where userrole.user_id='1' and userrole.role_id=role.id and ( access.role_id=role.id  or (access.role_id=role.pid and role.pid!=0 ) ) and role.status=1 and access.node_id=node.id and node.level=2 and node.pid=18 and node.status=1 [ RunTime:0.0060s ]
SQL: select node.id,node.name from t_role as role,t_role_user as userrole,t_access as access ,t_node as node where userrole.user_id='1' and userrole.role_id=role.id and ( access.role_id=role.id  or (access.role_id=role.pid and role.pid!=0 ) ) and role.status=1 and access.node_id=node.id and node.level=3 and node.pid=19 and node.status=1 [ RunTime:0.0050s ]
SQL: select node.id,node.name from t_role as role,t_role_user as userrole,t_access as access ,t_node as node where userrole.user_id='1' and userrole.role_id=role.id and ( access.role_id=role.id  or (access.role_id=role.pid and role.pid!=0 ) ) and role.status=1 and access.node_id=node.id and node.level=3 and node.pid=24 and node.status=1 [ RunTime:0.0060s ]
SQL: select node.id,node.name from t_role as role,t_role_user as userrole,t_access as access ,t_node as node where userrole.user_id='1' and userrole.role_id=role.id and ( access.role_id=role.id  or (access.role_id=role.pid and role.pid!=0 ) ) and role.status=1 and access.node_id=node.id and node.level=2 and node.pid=30 and node.status=1 [ RunTime:0.0060s ]
SQL: select node.id,node.name from t_role as role,t_role_user as userrole,t_access as access ,t_node as node where userrole.user_id='1' and userrole.role_id=role.id and ( access.role_id=role.id  or (access.role_id=role.pid and role.pid!=0 ) ) and role.status=1 and access.node_id=node.id and node.level=3 and node.pid=28 and node.status=1 [ RunTime:0.0090s ]
SQL: SELECT * FROM t_role  [ RunTime:0.0060s ]
SQL: SELECT * FROM t_role_user WHERE ( role_id = '3' )  [ RunTime:0.0050s ]
NOTIC: [8] Use of undefined constant user_id - assumed 'user_id' D:\phpworkspace\fundcrm\Application\Home\Controller\RoleController.class.php 第 221 行.
NOTIC: [8] Use of undefined constant user_id - assumed 'user_id' D:\phpworkspace\fundcrm\Application\Home\Controller\RoleController.class.php 第 221 行.
NOTIC: [8] Use of undefined constant user_id - assumed 'user_id' D:\phpworkspace\fundcrm\Application\Home\Controller\RoleController.class.php 第 221 行.
NOTIC: [8] Use of undefined constant user_id - assumed 'user_id' D:\phpworkspace\fundcrm\Application\Home\Controller\RoleController.class.php 第 221 行.
NOTIC: [8] Use of undefined constant user_id - assumed 'user_id' D:\phpworkspace\fundcrm\Application\Home\Controller\RoleController.class.php 第 221 行.
SQL: SELECT * FROM t_user WHERE status = '1'  [ RunTime:0.0080s ]
INFO: [ view_parse ] --START--
INFO: [ template_filter ] --START--
INFO: Run Behavior\ContentReplaceBehavior [ RunTime:0.001000s ]
INFO: [ template_filter ] --END-- [ RunTime:0.001000s ]
NOTIC: [8] Undefined variable: page_title D:\phpworkspace\fundcrm\Application\Runtime\Cache\Home\4f2c9264cb2d097330d41bc28ef81c95.php 第 6 行.
NOTIC: [8] Undefined variable: page_description D:\phpworkspace\fundcrm\Application\Runtime\Cache\Home\4f2c9264cb2d097330d41bc28ef81c95.php 第 8 行.
INFO: Run Behavior\ParseTemplateBehavior [ RunTime:0.014001s ]
INFO: [ view_parse ] --END-- [ RunTime:0.014001s ]
INFO: [ view_filter ] --START--
INFO: Run Behavior\WriteHtmlCacheBehavior [ RunTime:0.000000s ]
INFO: [ view_filter ] --END-- [ RunTime:0.001000s ]
INFO: [ app_end ] --START--
INFO: Run Behavior\ShowPageTraceBehavior [ RunTime:0.000000s ]
INFO: [ app_end ] --END-- [ RunTime:0.000000s ]

[ 2015-06-09T09:36:43+08:00 ] 127.0.0.1 /fundcrm/index.php/Home/Role/roleUserList?id=4
INFO: [ app_init ] --START--
INFO: Run Behavior\BuildLiteBehavior [ RunTime:0.000000s ]
INFO: Run Behavior\FlashBehaviors [ RunTime:0.000000s ]
INFO: [ app_init ] --END-- [ RunTime:0.000000s ]
INFO: [ app_begin ] --START--
INFO: Run Behavior\ReadHtmlCacheBehavior [ RunTime:0.000000s ]
INFO: [ app_begin ] --END-- [ RunTime:0.000000s ]
SQL: select node.id,node.name from t_role as role,t_role_user as userrole,t_access as access ,t_node as node where userrole.user_id='1' and userrole.role_id=role.id and ( access.role_id=role.id  or (access.role_id=role.pid and role.pid!=0 ) ) and role.status=1 and access.node_id=node.id and node.level=1 and node.status=1 [ RunTime:0.0090s ]
SQL: select node.id,node.name from t_role as role,t_role_user as userrole,t_access as access ,t_node as node where userrole.user_id='1' and userrole.role_id=role.id and ( access.role_id=role.id  or (access.role_id=role.pid and role.pid!=0 ) ) and role.status=1 and access.node_id=node.id and node.level=2 and node.pid=18 and node.status=1 [ RunTime:0.0060s ]
SQL: select node.id,node.name from t_role as role,t_role_user as userrole,t_access as access ,t_node as node where userrole.user_id='1' and userrole.role_id=role.id and ( access.role_id=role.id  or (access.role_id=role.pid and role.pid!=0 ) ) and role.status=1 and access.node_id=node.id and node.level=3 and node.pid=19 and node.status=1 [ RunTime:0.0060s ]
SQL: select node.id,node.name from t_role as role,t_role_user as userrole,t_access as access ,t_node as node where userrole.user_id='1' and userrole.role_id=role.id and ( access.role_id=role.id  or (access.role_id=role.pid and role.pid!=0 ) ) and role.status=1 and access.node_id=node.id and node.level=3 and node.pid=24 and node.status=1 [ RunTime:0.0090s ]
SQL: select node.id,node.name from t_role as role,t_role_user as userrole,t_access as access ,t_node as node where userrole.user_id='1' and userrole.role_id=role.id and ( access.role_id=role.id  or (access.role_id=role.pid and role.pid!=0 ) ) and role.status=1 and access.node_id=node.id and node.level=2 and node.pid=30 and node.status=1 [ RunTime:0.0080s ]
SQL: select node.id,node.name from t_role as role,t_role_user as userrole,t_access as access ,t_node as node where userrole.user_id='1' and userrole.role_id=role.id and ( access.role_id=role.id  or (access.role_id=role.pid and role.pid!=0 ) ) and role.status=1 and access.node_id=node.id and node.level=3 and node.pid=28 and node.status=1 [ RunTime:0.0070s ]
SQL: SELECT * FROM t_role  [ RunTime:0.0070s ]
SQL: SELECT * FROM t_role_user WHERE ( role_id = '4' )  [ RunTime:0.0050s ]
NOTIC: [8] Use of undefined constant user_id - assumed 'user_id' D:\phpworkspace\fundcrm\Application\Home\Controller\RoleController.class.php 第 221 行.
SQL: SELECT * FROM t_user WHERE status = '1'  [ RunTime:0.0080s ]
INFO: [ view_parse ] --START--
INFO: [ template_filter ] --START--
INFO: Run Behavior\ContentReplaceBehavior [ RunTime:0.000000s ]
INFO: [ template_filter ] --END-- [ RunTime:0.000000s ]
NOTIC: [8] Undefined variable: page_title D:\phpworkspace\fundcrm\Application\Runtime\Cache\Home\4f2c9264cb2d097330d41bc28ef81c95.php 第 6 行.
NOTIC: [8] Undefined variable: page_description D:\phpworkspace\fundcrm\Application\Runtime\Cache\Home\4f2c9264cb2d097330d41bc28ef81c95.php 第 8 行.
INFO: Run Behavior\ParseTemplateBehavior [ RunTime:0.014001s ]
INFO: [ view_parse ] --END-- [ RunTime:0.014001s ]
INFO: [ view_filter ] --START--
INFO: Run Behavior\WriteHtmlCacheBehavior [ RunTime:0.000000s ]
INFO: [ view_filter ] --END-- [ RunTime:0.000000s ]
INFO: [ app_end ] --START--
INFO: Run Behavior\ShowPageTraceBehavior [ RunTime:0.000000s ]
INFO: [ app_end ] --END-- [ RunTime:0.000000s ]

