[2015-11-26 21:40:56] 127.0.0.1 /fundcrm/index.php/Home/User/index
INFO: [ app_init ] --START--
INFO: Run Behavior\BuildLiteBehavior [ RunTime:0.000000s ]
INFO: Run Behavior\FlashBehaviors [ RunTime:0.000000s ]
INFO: [ app_init ] --END-- [ RunTime:0.000000s ]

[2015-11-26 21:41:03] 127.0.0.1 /fundcrm/index.php/Home/User/index.html
INFO: [ app_init ] --START--
INFO: Run Behavior\BuildLiteBehavior [ RunTime:0.000000s ]
INFO: Run Behavior\FlashBehaviors [ RunTime:0.001000s ]
INFO: [ app_init ] --END-- [ RunTime:0.001000s ]

[2015-11-26 22:08:20] 127.0.0.1 /jjtrqgl/index.php/Home/User/index.html
INFO: [ app_init ] --START--
INFO: Run Behavior\BuildLiteBehavior [ RunTime:0.000000s ]
INFO: Run Behavior\FlashBehaviors [ RunTime:0.001000s ]
INFO: [ app_init ] --END-- [ RunTime:0.002000s ]

[2015-11-26 22:10:47] 127.0.0.1 /jjtrqgl/index.php/Home/Log/logList
INFO: [ app_init ] --START--
INFO: Run Behavior\BuildLiteBehavior [ RunTime:0.000000s ]
INFO: Run Behavior\FlashBehaviors [ RunTime:0.001000s ]
INFO: [ app_init ] --END-- [ RunTime:0.001000s ]

[2015-11-26 22:32:29] 127.0.0.1 /jjtrqgl/index.php/Home/Role/roleList
INFO: [ app_init ] --START--
INFO: Run Behavior\BuildLiteBehavior [ RunTime:0.000000s ]
INFO: Run Behavior\FlashBehaviors [ RunTime:0.000000s ]
INFO: [ app_init ] --END-- [ RunTime:0.001000s ]

[2015-11-26 22:32:33] 127.0.0.1 /jjtrqgl/index.php/Home/Role/roleAuth?id=1
INFO: [ app_init ] --START--
INFO: Run Behavior\BuildLiteBehavior [ RunTime:0.000000s ]
INFO: Run Behavior\FlashBehaviors [ RunTime:0.001000s ]
INFO: [ app_init ] --END-- [ RunTime:0.001000s ]

[2015-11-26 22:32:36] 127.0.0.1 /jjtrqgl/index.php/Home/Role/roleAuth?action=3&id=1&actionId=1
INFO: [ app_init ] --START--
INFO: Run Behavior\BuildLiteBehavior [ RunTime:0.000000s ]
INFO: Run Behavior\FlashBehaviors [ RunTime:0.000000s ]
INFO: [ app_init ] --END-- [ RunTime:0.001000s ]

[2015-11-26 22:32:43] 127.0.0.1 /jjtrqgl/index.php/Home/Role/setActionList
INFO: [ app_init ] --START--
INFO: Run Behavior\BuildLiteBehavior [ RunTime:0.000000s ]
INFO: Run Behavior\FlashBehaviors [ RunTime:0.000000s ]
INFO: [ app_init ] --END-- [ RunTime:0.000000s ]

[2015-11-26 22:32:43] 127.0.0.1 /jjtrqgl/index.php/Home/Role/roleAuth?action=3&id=1&actionId=1
INFO: [ app_init ] --START--
INFO: Run Behavior\BuildLiteBehavior [ RunTime:0.000000s ]
INFO: Run Behavior\FlashBehaviors [ RunTime:0.000000s ]
INFO: [ app_init ] --END-- [ RunTime:0.000000s ]

[2015-11-26 22:32:48] 127.0.0.1 /jjtrqgl/index.php/Home/Role/setRoleMedule
INFO: [ app_init ] --START--
INFO: Run Behavior\BuildLiteBehavior [ RunTime:0.000000s ]
INFO: Run Behavior\FlashBehaviors [ RunTime:0.000000s ]
INFO: [ app_init ] --END-- [ RunTime:0.000000s ]

[2015-11-26 22:32:48] 127.0.0.1 /jjtrqgl/index.php/Home/Role/roleAuth/id/1.html
INFO: [ app_init ] --START--
INFO: Run Behavior\BuildLiteBehavior [ RunTime:0.000000s ]
INFO: Run Behavior\FlashBehaviors [ RunTime:0.000000s ]
INFO: [ app_init ] --END-- [ RunTime:0.000000s ]

[2015-11-26 22:32:52] 127.0.0.1 /jjtrqgl/index.php/Home/Role/roleAuth?action=3&id=1&actionId=7
INFO: [ app_init ] --START--
INFO: Run Behavior\BuildLiteBehavior [ RunTime:0.000000s ]
INFO: Run Behavior\FlashBehaviors [ RunTime:0.000000s ]
INFO: [ app_init ] --END-- [ RunTime:0.000000s ]

[2015-11-26 22:34:52] 127.0.0.1 /jjtrqgl/index.php/Home/Role/roleAuth?action=3&id=1&actionId=7
INFO: [ app_init ] --START--
INFO: Run Behavior\BuildLiteBehavior [ RunTime:0.000000s ]
INFO: Run Behavior\FlashBehaviors [ RunTime:0.000000s ]
INFO: [ app_init ] --END-- [ RunTime:0.001000s ]

[2015-11-26 22:34:55] 127.0.0.1 /jjtrqgl/index.php/Home/Role/roleAuth?action=3&id=1&actionId=1
INFO: [ app_init ] --START--
INFO: Run Behavior\BuildLiteBehavior [ RunTime:0.000000s ]
INFO: Run Behavior\FlashBehaviors [ RunTime:0.001000s ]
INFO: [ app_init ] --END-- [ RunTime:0.001000s ]

[2015-11-26 22:34:57] 127.0.0.1 /jjtrqgl/index.php/Home/Role/roleAuth?action=3&id=1&actionId=7
INFO: [ app_init ] --START--
INFO: Run Behavior\BuildLiteBehavior [ RunTime:0.000000s ]
INFO: Run Behavior\FlashBehaviors [ RunTime:0.000000s ]
INFO: [ app_init ] --END-- [ RunTime:0.000000s ]

[2015-11-26 22:35:59] 127.0.0.1 /jjtrqgl/index.php/Home/Role/roleAuth?action=3&id=1&actionId=7
INFO: [ app_init ] --START--
INFO: Run Behavior\BuildLiteBehavior [ RunTime:0.001000s ]
INFO: Run Behavior\FlashBehaviors [ RunTime:0.000000s ]
INFO: [ app_init ] --END-- [ RunTime:0.001000s ]

[2015-11-26 22:36:06] 127.0.0.1 /jjtrqgl/index.php/Home/Role/setActionList
INFO: [ app_init ] --START--
INFO: Run Behavior\BuildLiteBehavior [ RunTime:0.000000s ]
INFO: Run Behavior\FlashBehaviors [ RunTime:0.000000s ]
INFO: [ app_init ] --END-- [ RunTime:0.000000s ]

[2015-11-26 22:36:06] 127.0.0.1 /jjtrqgl/index.php/Home/Role/roleAuth?action=3&id=1&actionId=7
INFO: [ app_init ] --START--
INFO: Run Behavior\BuildLiteBehavior [ RunTime:0.000000s ]
INFO: Run Behavior\FlashBehaviors [ RunTime:0.000000s ]
INFO: [ app_init ] --END-- [ RunTime:0.000000s ]

[2015-11-26 22:37:11] 127.0.0.1 /jjtrqgl/index.php/Home/Role/roleAuth?action=2&id=1&actionId=7&funId=6
INFO: [ app_init ] --START--
INFO: Run Behavior\BuildLiteBehavior [ RunTime:0.000000s ]
INFO: Run Behavior\FlashBehaviors [ RunTime:0.000000s ]
INFO: [ app_init ] --END-- [ RunTime:0.001000s ]

[2015-11-26 22:37:14] 127.0.0.1 /jjtrqgl/index.php/Home/Role/setRoleAction
INFO: [ app_init ] --START--
INFO: Run Behavior\BuildLiteBehavior [ RunTime:0.000000s ]
INFO: Run Behavior\FlashBehaviors [ RunTime:0.001000s ]
INFO: [ app_init ] --END-- [ RunTime:0.001000s ]
File:F:\zendserver\Apache2\htdocs\jjtrqgl\ThinkPHP\Library\Think\Db\Driver.class.php(217)  execute  
File:F:\zendserver\Apache2\htdocs\jjtrqgl\Application\Home\Model\RoleModel.class.php(160)  execute  
File:F:\zendserver\Apache2\htdocs\jjtrqgl\Application\Home\Controller\RoleController.class.php(400)  delGroupAction  
File:()  setRoleAction  
File:F:\zendserver\Apache2\htdocs\jjtrqgl\ThinkPHP\Library\Think\App.class.php(164)  invoke  
File:F:\zendserver\Apache2\htdocs\jjtrqgl\ThinkPHP\Library\Think\App.class.php(202)  exec  
File:F:\zendserver\Apache2\htdocs\jjtrqgl\ThinkPHP\Library\Think\Think.class.php(120)  run  
File:F:\zendserver\Apache2\htdocs\jjtrqgl\ThinkPHP\ThinkPHP.php(97)  start  
File:F:\zendserver\Apache2\htdocs\jjtrqgl\index.php(30)  require  
ERR: SQLSTATE[42000]: Syntax error or access violation: 1064 You have an error in your SQL syntax; check the manual that corresponds to your MySQL server version for the right syntax to use near 'node_id=6' at line 1

[2015-11-26 22:39:11] 127.0.0.1 /jjtrqgl/index.php/Home/Role/setRoleAction
INFO: [ app_init ] --START--
INFO: Run Behavior\BuildLiteBehavior [ RunTime:0.000000s ]
INFO: Run Behavior\FlashBehaviors [ RunTime:0.000000s ]
INFO: [ app_init ] --END-- [ RunTime:0.001000s ]
File:F:\zendserver\Apache2\htdocs\jjtrqgl\ThinkPHP\Library\Think\Db\Driver.class.php(217)  execute  
File:F:\zendserver\Apache2\htdocs\jjtrqgl\Application\Home\Model\RoleModel.class.php(160)  execute  
File:F:\zendserver\Apache2\htdocs\jjtrqgl\Application\Home\Controller\RoleController.class.php(400)  delGroupAction  
File:()  setRoleAction  
File:F:\zendserver\Apache2\htdocs\jjtrqgl\ThinkPHP\Library\Think\App.class.php(164)  invoke  
File:F:\zendserver\Apache2\htdocs\jjtrqgl\ThinkPHP\Library\Think\App.class.php(202)  exec  
File:F:\zendserver\Apache2\htdocs\jjtrqgl\ThinkPHP\Library\Think\Think.class.php(120)  run  
File:F:\zendserver\Apache2\htdocs\jjtrqgl\ThinkPHP\ThinkPHP.php(97)  start  
File:F:\zendserver\Apache2\htdocs\jjtrqgl\index.php(30)  require  
ERR: SQLSTATE[42000]: Syntax error or access violation: 1064 You have an error in your SQL syntax; check the manual that corresponds to your MySQL server version for the right syntax to use near 'node_id=6' at line 1

[2015-11-26 22:41:55] 127.0.0.1 /jjtrqgl/index.php/Home/Role/setRoleAction
INFO: [ app_init ] --START--
INFO: Run Behavior\BuildLiteBehavior [ RunTime:0.000000s ]
INFO: Run Behavior\FlashBehaviors [ RunTime:0.000000s ]
INFO: [ app_init ] --END-- [ RunTime:0.001000s ]

[2015-11-26 22:41:55] 127.0.0.1 /jjtrqgl/index.php/Home/Login/index
INFO: [ app_init ] --START--
INFO: Run Behavior\BuildLiteBehavior [ RunTime:0.000000s ]
INFO: Run Behavior\FlashBehaviors [ RunTime:0.000000s ]
INFO: [ app_init ] --END-- [ RunTime:0.000000s ]

[2015-11-26 22:42:02] 127.0.0.1 /jjtrqgl/index.php/Home/Login/checkLogin
INFO: [ app_init ] --START--
INFO: Run Behavior\BuildLiteBehavior [ RunTime:0.001000s ]
INFO: Run Behavior\FlashBehaviors [ RunTime:0.000000s ]
INFO: [ app_init ] --END-- [ RunTime:0.001000s ]

[2015-11-26 22:42:04] 127.0.0.1 /jjtrqgl/index.php/Home/Index/index
INFO: [ app_init ] --START--
INFO: Run Behavior\BuildLiteBehavior [ RunTime:0.000000s ]
INFO: Run Behavior\FlashBehaviors [ RunTime:0.000000s ]
INFO: [ app_init ] --END-- [ RunTime:0.001000s ]

[2015-11-26 22:42:13] 127.0.0.1 /jjtrqgl/index.php/Home/Role/roleList
INFO: [ app_init ] --START--
INFO: Run Behavior\BuildLiteBehavior [ RunTime:0.000000s ]
INFO: Run Behavior\FlashBehaviors [ RunTime:0.000000s ]
INFO: [ app_init ] --END-- [ RunTime:0.000000s ]

[2015-11-26 22:42:18] 127.0.0.1 /jjtrqgl/index.php/Home/Role/roleAuth?id=1
INFO: [ app_init ] --START--
INFO: Run Behavior\BuildLiteBehavior [ RunTime:0.000000s ]
INFO: Run Behavior\FlashBehaviors [ RunTime:0.001000s ]
INFO: [ app_init ] --END-- [ RunTime:0.001000s ]

[2015-11-26 22:42:24] 127.0.0.1 /jjtrqgl/index.php/Home/Role/roleAuth?action=2&id=1&actionId=7
INFO: [ app_init ] --START--
INFO: Run Behavior\BuildLiteBehavior [ RunTime:0.000000s ]
INFO: Run Behavior\FlashBehaviors [ RunTime:0.000000s ]
INFO: [ app_init ] --END-- [ RunTime:0.001000s ]

[2015-11-26 22:42:26] 127.0.0.1 /jjtrqgl/index.php/Home/Role/roleAuth?action=2&id=1&actionId=7&funId=6
INFO: [ app_init ] --START--
INFO: Run Behavior\BuildLiteBehavior [ RunTime:0.000000s ]
INFO: Run Behavior\FlashBehaviors [ RunTime:0.000000s ]
INFO: [ app_init ] --END-- [ RunTime:0.000000s ]

[2015-11-26 22:42:29] 127.0.0.1 /jjtrqgl/index.php/Home/Role/setRoleAction
INFO: [ app_init ] --START--
INFO: Run Behavior\BuildLiteBehavior [ RunTime:0.000000s ]
INFO: Run Behavior\FlashBehaviors [ RunTime:0.000000s ]
INFO: [ app_init ] --END-- [ RunTime:0.000000s ]
File:F:\zendserver\Apache2\htdocs\jjtrqgl\ThinkPHP\Library\Think\Db\Driver.class.php(217)  execute  
File:F:\zendserver\Apache2\htdocs\jjtrqgl\Application\Home\Model\RoleModel.class.php(160)  execute  
File:F:\zendserver\Apache2\htdocs\jjtrqgl\Application\Home\Controller\RoleController.class.php(400)  delGroupAction  
File:()  setRoleAction  
File:F:\zendserver\Apache2\htdocs\jjtrqgl\ThinkPHP\Library\Think\App.class.php(164)  invoke  
File:F:\zendserver\Apache2\htdocs\jjtrqgl\ThinkPHP\Library\Think\App.class.php(202)  exec  
File:F:\zendserver\Apache2\htdocs\jjtrqgl\ThinkPHP\Library\Think\Think.class.php(120)  run  
File:F:\zendserver\Apache2\htdocs\jjtrqgl\ThinkPHP\ThinkPHP.php(97)  start  
File:F:\zendserver\Apache2\htdocs\jjtrqgl\index.php(30)  require  
ERR: SQLSTATE[42000]: Syntax error or access violation: 1064 You have an error in your SQL syntax; check the manual that corresponds to your MySQL server version for the right syntax to use near 'node_id=6' at line 1

[2015-11-26 22:45:16] 127.0.0.1 /jjtrqgl/index.php/Home/Role/setRoleAction
INFO: [ app_init ] --START--
INFO: Run Behavior\BuildLiteBehavior [ RunTime:0.000000s ]
INFO: Run Behavior\FlashBehaviors [ RunTime:0.000000s ]
INFO: [ app_init ] --END-- [ RunTime:0.001000s ]
File:F:\zendserver\Apache2\htdocs\jjtrqgl\ThinkPHP\Library\Think\Db\Driver.class.php(217)  execute  
File:F:\zendserver\Apache2\htdocs\jjtrqgl\Application\Home\Model\RoleModel.class.php(160)  execute  
File:F:\zendserver\Apache2\htdocs\jjtrqgl\Application\Home\Controller\RoleController.class.php(400)  delGroupAction  
File:()  setRoleAction  
File:F:\zendserver\Apache2\htdocs\jjtrqgl\ThinkPHP\Library\Think\App.class.php(164)  invoke  
File:F:\zendserver\Apache2\htdocs\jjtrqgl\ThinkPHP\Library\Think\App.class.php(202)  exec  
File:F:\zendserver\Apache2\htdocs\jjtrqgl\ThinkPHP\Library\Think\Think.class.php(120)  run  
File:F:\zendserver\Apache2\htdocs\jjtrqgl\ThinkPHP\ThinkPHP.php(97)  start  
File:F:\zendserver\Apache2\htdocs\jjtrqgl\index.php(30)  require  
ERR: SQLSTATE[42000]: Syntax error or access violation: 1064 You have an error in your SQL syntax; check the manual that corresponds to your MySQL server version for the right syntax to use near 'and role_id= and node_id=' at line 1

[2015-11-26 22:45:26] 127.0.0.1 /jjtrqgl/index.php/Home/Role/setRoleAction
INFO: [ app_init ] --START--
INFO: Run Behavior\BuildLiteBehavior [ RunTime:0.000000s ]
INFO: Run Behavior\FlashBehaviors [ RunTime:0.000000s ]
INFO: [ app_init ] --END-- [ RunTime:0.000000s ]

[2015-11-26 22:45:27] 127.0.0.1 /jjtrqgl/index.php/Home/Role/roleAuth/action/2/id/1/actionId/7.html
INFO: [ app_init ] --START--
INFO: Run Behavior\BuildLiteBehavior [ RunTime:0.000000s ]
INFO: Run Behavior\FlashBehaviors [ RunTime:0.000000s ]
INFO: [ app_init ] --END-- [ RunTime:0.000000s ]

[2015-11-26 22:45:29] 127.0.0.1 /jjtrqgl/index.php/Home/Role/roleAuth?action=2&id=1&actionId=7&funId=6
INFO: [ app_init ] --START--
INFO: Run Behavior\BuildLiteBehavior [ RunTime:0.000000s ]
INFO: Run Behavior\FlashBehaviors [ RunTime:0.000000s ]
INFO: [ app_init ] --END-- [ RunTime:0.000000s ]

[2015-11-26 22:45:33] 127.0.0.1 /jjtrqgl/index.php/Home/Role/setRoleAction
INFO: [ app_init ] --START--
INFO: Run Behavior\BuildLiteBehavior [ RunTime:0.000000s ]
INFO: Run Behavior\FlashBehaviors [ RunTime:0.000000s ]
INFO: [ app_init ] --END-- [ RunTime:0.000000s ]

[2015-11-26 22:45:33] 127.0.0.1 /jjtrqgl/index.php/Home/Role/roleAuth/action/2/id/1/actionId/7.html
INFO: [ app_init ] --START--
INFO: Run Behavior\BuildLiteBehavior [ RunTime:0.000000s ]
INFO: Run Behavior\FlashBehaviors [ RunTime:0.000000s ]
INFO: [ app_init ] --END-- [ RunTime:0.000000s ]

[2015-11-26 22:47:18] 127.0.0.1 /jjtrqgl/index.php/Home/User/index.html
INFO: [ app_init ] --START--
INFO: Run Behavior\BuildLiteBehavior [ RunTime:0.000000s ]
INFO: Run Behavior\FlashBehaviors [ RunTime:0.000000s ]
INFO: [ app_init ] --END-- [ RunTime:0.000000s ]

[2015-11-26 23:17:29] 127.0.0.1 /jjtrqgl/index.php/Home/Role/roleList
INFO: [ app_init ] --START--
INFO: Run Behavior\BuildLiteBehavior [ RunTime:0.000000s ]
INFO: Run Behavior\FlashBehaviors [ RunTime:0.000000s ]
INFO: [ app_init ] --END-- [ RunTime:0.003000s ]

[2015-11-26 23:17:31] 127.0.0.1 /jjtrqgl/index.php/Home/Role/roleAuth?id=1
INFO: [ app_init ] --START--
INFO: Run Behavior\BuildLiteBehavior [ RunTime:0.000000s ]
INFO: Run Behavior\FlashBehaviors [ RunTime:0.000000s ]
INFO: [ app_init ] --END-- [ RunTime:0.000000s ]

[2015-11-26 23:17:36] 127.0.0.1 /jjtrqgl/index.php/Home/Role/roleAuth?action=2&id=1&actionId=7
INFO: [ app_init ] --START--
INFO: Run Behavior\BuildLiteBehavior [ RunTime:0.000000s ]
INFO: Run Behavior\FlashBehaviors [ RunTime:0.000000s ]
INFO: [ app_init ] --END-- [ RunTime:0.001000s ]

[2015-11-26 23:17:37] 127.0.0.1 /jjtrqgl/index.php/Home/Role/roleAuth?action=2&id=1&actionId=7&funId=6
INFO: [ app_init ] --START--
INFO: Run Behavior\BuildLiteBehavior [ RunTime:0.000000s ]
INFO: Run Behavior\FlashBehaviors [ RunTime:0.000000s ]
INFO: [ app_init ] --END-- [ RunTime:0.000000s ]

[2015-11-26 23:17:40] 127.0.0.1 /jjtrqgl/index.php/Home/Role/setRoleAction
INFO: [ app_init ] --START--
INFO: Run Behavior\BuildLiteBehavior [ RunTime:0.000000s ]
INFO: Run Behavior\FlashBehaviors [ RunTime:0.000000s ]
INFO: [ app_init ] --END-- [ RunTime:0.000000s ]

[2015-11-26 23:17:40] 127.0.0.1 /jjtrqgl/index.php/Home/Role/roleAuth/action/2/id/1/actionId/7.html
INFO: [ app_init ] --START--
INFO: Run Behavior\BuildLiteBehavior [ RunTime:0.000000s ]
INFO: Run Behavior\FlashBehaviors [ RunTime:0.000000s ]
INFO: [ app_init ] --END-- [ RunTime:0.000000s ]

[2015-11-26 23:47:25] 127.0.0.1 /jjtrqgl/index.php/Home/User/index.html
INFO: [ app_init ] --START--
INFO: Run Behavior\BuildLiteBehavior [ RunTime:0.000000s ]
INFO: Run Behavior\FlashBehaviors [ RunTime:0.000000s ]
INFO: [ app_init ] --END-- [ RunTime:0.000000s ]

