[2015-11-07 09:36:23] 127.0.0.1 /fundcrm/
INFO: [ app_init ] --START--
INFO: Run Behavior\BuildLiteBehavior [ RunTime:0.000000s ]
INFO: Run Behavior\FlashBehaviors [ RunTime:0.000000s ]
INFO: [ app_init ] --END-- [ RunTime:0.001000s ]

[2015-11-07 09:37:37] 127.0.0.1 /fundcrm/
INFO: [ app_init ] --START--
INFO: Run Behavior\BuildLiteBehavior [ RunTime:0.000000s ]
INFO: Run Behavior\FlashBehaviors [ RunTime:0.000000s ]
INFO: [ app_init ] --END-- [ RunTime:0.001000s ]

[2015-11-07 09:43:26] 127.0.0.1 /fundcrm/index.php/Home/Login/index
INFO: [ app_init ] --START--
INFO: Run Behavior\BuildLiteBehavior [ RunTime:0.000000s ]
INFO: Run Behavior\FlashBehaviors [ RunTime:0.000000s ]
INFO: [ app_init ] --END-- [ RunTime:0.001000s ]

[2015-11-07 17:39:16] 127.0.0.1 /fundcrm/index.php/Home/Login/index
INFO: [ app_init ] --START--
INFO: Run Behavior\BuildLiteBehavior [ RunTime:0.000000s ]
INFO: Run Behavior\FlashBehaviors [ RunTime:0.001000s ]
INFO: [ app_init ] --END-- [ RunTime:0.001000s ]

[2015-11-07 17:45:00] 127.0.0.1 /fundcrm/index.php/Home/Login/checkLogin
INFO: [ app_init ] --START--
INFO: Run Behavior\BuildLiteBehavior [ RunTime:0.000000s ]
INFO: Run Behavior\FlashBehaviors [ RunTime:0.000000s ]
INFO: [ app_init ] --END-- [ RunTime:0.001000s ]
File:F:\zendserver\Apache2\htdocs\fundcrm\ThinkPHP\Library\Think\Db\Driver.class.php(109)  E  
File:F:\zendserver\Apache2\htdocs\fundcrm\ThinkPHP\Library\Think\Db\Driver.class.php(1071)  connect  
File:F:\zendserver\Apache2\htdocs\fundcrm\ThinkPHP\Library\Think\Db\Driver.class.php(140)  initConnect  
File:F:\zendserver\Apache2\htdocs\fundcrm\ThinkPHP\Library\Think\Db\Driver.class.php(942)  query  
File:F:\zendserver\Apache2\htdocs\fundcrm\ThinkPHP\Library\Think\Model.class.php(763)  select  
File:F:\zendserver\Apache2\htdocs\fundcrm\ThinkPHP\Library\Org\Util\Rbac.class.php(80)  find  
File:F:\zendserver\Apache2\htdocs\fundcrm\Application\Home\Controller\LoginController.class.php(54)  authenticate  
File:()  checkLogin  
File:F:\zendserver\Apache2\htdocs\fundcrm\ThinkPHP\Library\Think\App.class.php(164)  invoke  
File:F:\zendserver\Apache2\htdocs\fundcrm\ThinkPHP\Library\Think\App.class.php(202)  exec  
File:F:\zendserver\Apache2\htdocs\fundcrm\ThinkPHP\Library\Think\Think.class.php(120)  run  
File:F:\zendserver\Apache2\htdocs\fundcrm\ThinkPHP\ThinkPHP.php(97)  start  
File:F:\zendserver\Apache2\htdocs\fundcrm\index.php(30)  require  
ERR: SQLSTATE[08006] [7] could not connect to server: Connection timed out (0x0000274C/10060)
	Is the server running on host "10.0.2.17" and accepting
	TCP/IP connections on port 61522?

[2015-11-07 18:03:38] 127.0.0.1 /fundcrm/index.php/Home/Login/checkLogin
INFO: [ app_init ] --START--
INFO: Run Behavior\BuildLiteBehavior [ RunTime:0.000000s ]
INFO: Run Behavior\FlashBehaviors [ RunTime:0.000000s ]
INFO: [ app_init ] --END-- [ RunTime:0.000000s ]

[2015-11-07 18:03:43] 127.0.0.1 /fundcrm/index.php/Home/Login/index.html
INFO: [ app_init ] --START--
INFO: Run Behavior\BuildLiteBehavior [ RunTime:0.000000s ]
INFO: Run Behavior\FlashBehaviors [ RunTime:0.001000s ]
INFO: [ app_init ] --END-- [ RunTime:0.002001s ]

[2015-11-07 18:03:53] 127.0.0.1 /fundcrm/index.php/Home/Login/checkLogin
INFO: [ app_init ] --START--
INFO: Run Behavior\BuildLiteBehavior [ RunTime:0.000000s ]
INFO: Run Behavior\FlashBehaviors [ RunTime:0.000000s ]
INFO: [ app_init ] --END-- [ RunTime:0.000000s ]
File:F:\zendserver\Apache2\htdocs\fundcrm\ThinkPHP\Library\Think\Db\Driver.class.php(169)  execute  
File:F:\zendserver\Apache2\htdocs\fundcrm\ThinkPHP\Library\Think\Db\Driver.class.php(942)  query  
File:F:\zendserver\Apache2\htdocs\fundcrm\ThinkPHP\Library\Think\Model.class.php(763)  select  
File:F:\zendserver\Apache2\htdocs\fundcrm\ThinkPHP\Library\Org\Util\Rbac.class.php(80)  find  
File:F:\zendserver\Apache2\htdocs\fundcrm\Application\Home\Controller\LoginController.class.php(54)  authenticate  
File:()  checkLogin  
File:F:\zendserver\Apache2\htdocs\fundcrm\ThinkPHP\Library\Think\App.class.php(164)  invoke  
File:F:\zendserver\Apache2\htdocs\fundcrm\ThinkPHP\Library\Think\App.class.php(202)  exec  
File:F:\zendserver\Apache2\htdocs\fundcrm\ThinkPHP\Library\Think\Think.class.php(120)  run  
File:F:\zendserver\Apache2\htdocs\fundcrm\ThinkPHP\ThinkPHP.php(97)  start  
File:F:\zendserver\Apache2\htdocs\fundcrm\index.php(30)  require  
ERR: SQLSTATE[42S02]: Base table or view not found: 1146 Table 'trqgl.t_user' doesn't exist

[2015-11-07 18:04:40] 127.0.0.1 /fundcrm/index.php/Home/Login/checkLogin
INFO: [ app_init ] --START--
INFO: Run Behavior\BuildLiteBehavior [ RunTime:0.001000s ]
INFO: Run Behavior\FlashBehaviors [ RunTime:0.000000s ]
INFO: [ app_init ] --END-- [ RunTime:0.001000s ]

[2015-11-07 18:04:44] 127.0.0.1 /fundcrm/index.php/Home/Login/checkLogin
INFO: [ app_init ] --START--
INFO: Run Behavior\BuildLiteBehavior [ RunTime:0.000000s ]
INFO: Run Behavior\FlashBehaviors [ RunTime:0.000000s ]
INFO: [ app_init ] --END-- [ RunTime:0.000000s ]
File:F:\zendserver\Apache2\htdocs\fundcrm\ThinkPHP\Library\Think\Db\Driver.class.php(169)  execute  
File:F:\zendserver\Apache2\htdocs\fundcrm\ThinkPHP\Library\Think\Db\Driver.class.php(942)  query  
File:F:\zendserver\Apache2\htdocs\fundcrm\ThinkPHP\Library\Think\Model.class.php(763)  select  
File:F:\zendserver\Apache2\htdocs\fundcrm\ThinkPHP\Library\Org\Util\Rbac.class.php(80)  find  
File:F:\zendserver\Apache2\htdocs\fundcrm\Application\Home\Controller\LoginController.class.php(54)  authenticate  
File:()  checkLogin  
File:F:\zendserver\Apache2\htdocs\fundcrm\ThinkPHP\Library\Think\App.class.php(164)  invoke  
File:F:\zendserver\Apache2\htdocs\fundcrm\ThinkPHP\Library\Think\App.class.php(202)  exec  
File:F:\zendserver\Apache2\htdocs\fundcrm\ThinkPHP\Library\Think\Think.class.php(120)  run  
File:F:\zendserver\Apache2\htdocs\fundcrm\ThinkPHP\ThinkPHP.php(97)  start  
File:F:\zendserver\Apache2\htdocs\fundcrm\index.php(30)  require  
ERR: SQLSTATE[42S02]: Base table or view not found: 1146 Table 'trqgl.t_user' doesn't exist

[2015-11-07 18:08:13] 127.0.0.1 /fundcrm/index.php/Home/Login/checkLogin
INFO: [ app_init ] --START--
INFO: Run Behavior\BuildLiteBehavior [ RunTime:0.000000s ]
INFO: Run Behavior\FlashBehaviors [ RunTime:0.000000s ]
INFO: [ app_init ] --END-- [ RunTime:0.001001s ]

[2015-11-07 18:08:17] 127.0.0.1 /fundcrm/index.php/Home/Login/index.html
INFO: [ app_init ] --START--
INFO: Run Behavior\BuildLiteBehavior [ RunTime:0.000000s ]
INFO: Run Behavior\FlashBehaviors [ RunTime:0.000000s ]
INFO: [ app_init ] --END-- [ RunTime:0.001001s ]

[2015-11-07 18:08:22] 127.0.0.1 /fundcrm/index.php/Home/Login/checkLogin
INFO: [ app_init ] --START--
INFO: Run Behavior\BuildLiteBehavior [ RunTime:0.000000s ]
INFO: Run Behavior\FlashBehaviors [ RunTime:0.001000s ]
INFO: [ app_init ] --END-- [ RunTime:0.001000s ]
File:F:\zendserver\Apache2\htdocs\fundcrm\ThinkPHP\Library\Think\Db\Driver.class.php(169)  execute  
File:F:\zendserver\Apache2\htdocs\fundcrm\ThinkPHP\Library\Think\Db\Driver.class.php(942)  query  
File:F:\zendserver\Apache2\htdocs\fundcrm\ThinkPHP\Library\Think\Model.class.php(763)  select  
File:F:\zendserver\Apache2\htdocs\fundcrm\ThinkPHP\Library\Org\Util\Rbac.class.php(80)  find  
File:F:\zendserver\Apache2\htdocs\fundcrm\Application\Home\Controller\LoginController.class.php(54)  authenticate  
File:()  checkLogin  
File:F:\zendserver\Apache2\htdocs\fundcrm\ThinkPHP\Library\Think\App.class.php(164)  invoke  
File:F:\zendserver\Apache2\htdocs\fundcrm\ThinkPHP\Library\Think\App.class.php(202)  exec  
File:F:\zendserver\Apache2\htdocs\fundcrm\ThinkPHP\Library\Think\Think.class.php(120)  run  
File:F:\zendserver\Apache2\htdocs\fundcrm\ThinkPHP\ThinkPHP.php(97)  start  
File:F:\zendserver\Apache2\htdocs\fundcrm\index.php(30)  require  
ERR: SQLSTATE[42S22]: Column not found: 1054 Unknown column 'account' in 'where clause'

[2015-11-07 18:09:05] 127.0.0.1 /fundcrm/index.php/Home/Login/checkLogin
INFO: [ app_init ] --START--
INFO: Run Behavior\BuildLiteBehavior [ RunTime:0.000000s ]
INFO: Run Behavior\FlashBehaviors [ RunTime:0.001000s ]
INFO: [ app_init ] --END-- [ RunTime:0.001000s ]

[2015-11-07 18:09:08] 127.0.0.1 /fundcrm/index.php/Home/Login/checkLogin
INFO: [ app_init ] --START--
INFO: Run Behavior\BuildLiteBehavior [ RunTime:0.000000s ]
INFO: Run Behavior\FlashBehaviors [ RunTime:0.000000s ]
INFO: [ app_init ] --END-- [ RunTime:0.001000s ]
File:F:\zendserver\Apache2\htdocs\fundcrm\ThinkPHP\Library\Think\Db\Driver.class.php(169)  execute  
File:F:\zendserver\Apache2\htdocs\fundcrm\ThinkPHP\Library\Think\Db\Driver.class.php(942)  query  
File:F:\zendserver\Apache2\htdocs\fundcrm\ThinkPHP\Library\Think\Model.class.php(763)  select  
File:F:\zendserver\Apache2\htdocs\fundcrm\ThinkPHP\Library\Org\Util\Rbac.class.php(80)  find  
File:F:\zendserver\Apache2\htdocs\fundcrm\Application\Home\Controller\LoginController.class.php(54)  authenticate  
File:()  checkLogin  
File:F:\zendserver\Apache2\htdocs\fundcrm\ThinkPHP\Library\Think\App.class.php(164)  invoke  
File:F:\zendserver\Apache2\htdocs\fundcrm\ThinkPHP\Library\Think\App.class.php(202)  exec  
File:F:\zendserver\Apache2\htdocs\fundcrm\ThinkPHP\Library\Think\Think.class.php(120)  run  
File:F:\zendserver\Apache2\htdocs\fundcrm\ThinkPHP\ThinkPHP.php(97)  start  
File:F:\zendserver\Apache2\htdocs\fundcrm\index.php(30)  require  
ERR: SQLSTATE[42S22]: Column not found: 1054 Unknown column 'status' in 'where clause'

[2015-11-07 18:09:38] 127.0.0.1 /fundcrm/index.php/Home/Login/checkLogin
INFO: [ app_init ] --START--
INFO: Run Behavior\BuildLiteBehavior [ RunTime:0.000000s ]
INFO: Run Behavior\FlashBehaviors [ RunTime:0.000000s ]
INFO: [ app_init ] --END-- [ RunTime:0.001000s ]

[2015-11-07 18:09:41] 127.0.0.1 /fundcrm/index.php/Home/Login/checkLogin
INFO: [ app_init ] --START--
INFO: Run Behavior\BuildLiteBehavior [ RunTime:0.000000s ]
INFO: Run Behavior\FlashBehaviors [ RunTime:0.000000s ]
INFO: [ app_init ] --END-- [ RunTime:0.000000s ]

[2015-11-07 18:09:44] 127.0.0.1 /fundcrm/index.php/Home/Login/index.html
INFO: [ app_init ] --START--
INFO: Run Behavior\BuildLiteBehavior [ RunTime:0.000000s ]
INFO: Run Behavior\FlashBehaviors [ RunTime:0.000000s ]
INFO: [ app_init ] --END-- [ RunTime:0.000000s ]

[2015-11-07 18:14:56] 127.0.0.1 /fundcrm/index.php/Home/Login/checkLogin
INFO: [ app_init ] --START--
INFO: Run Behavior\BuildLiteBehavior [ RunTime:0.000000s ]
INFO: Run Behavior\FlashBehaviors [ RunTime:0.000000s ]
INFO: [ app_init ] --END-- [ RunTime:0.000000s ]
File:F:\zendserver\Apache2\htdocs\fundcrm\ThinkPHP\Library\Think\Db\Driver.class.php(217)  execute  
File:F:\zendserver\Apache2\htdocs\fundcrm\ThinkPHP\Library\Think\Db\Driver.class.php(902)  execute  
File:F:\zendserver\Apache2\htdocs\fundcrm\ThinkPHP\Library\Think\Model.class.php(455)  update  
File:F:\zendserver\Apache2\htdocs\fundcrm\Application\Home\Controller\LoginController.class.php(88)  save  
File:F:\zendserver\Apache2\htdocs\fundcrm\Application\Home\Controller\LoginController.class.php(62)  dologin  
File:()  checkLogin  
File:F:\zendserver\Apache2\htdocs\fundcrm\ThinkPHP\Library\Think\App.class.php(164)  invoke  
File:F:\zendserver\Apache2\htdocs\fundcrm\ThinkPHP\Library\Think\App.class.php(202)  exec  
File:F:\zendserver\Apache2\htdocs\fundcrm\ThinkPHP\Library\Think\Think.class.php(120)  run  
File:F:\zendserver\Apache2\htdocs\fundcrm\ThinkPHP\ThinkPHP.php(97)  start  
File:F:\zendserver\Apache2\htdocs\fundcrm\index.php(30)  require  
ERR: SQLSTATE[42S22]: Column not found: 1054 Unknown column 'last_login_time' in 'field list'

[2015-11-07 18:15:34] 127.0.0.1 /fundcrm/index.php/Home/Login/checkLogin
INFO: [ app_init ] --START--
INFO: Run Behavior\BuildLiteBehavior [ RunTime:0.000000s ]
INFO: Run Behavior\FlashBehaviors [ RunTime:0.000000s ]
INFO: [ app_init ] --END-- [ RunTime:0.000000s ]

[2015-11-07 18:15:38] 127.0.0.1 /fundcrm/index.php/Home/Login/checkLogin
INFO: [ app_init ] --START--
INFO: Run Behavior\BuildLiteBehavior [ RunTime:0.000000s ]
INFO: Run Behavior\FlashBehaviors [ RunTime:0.000000s ]
INFO: [ app_init ] --END-- [ RunTime:0.000000s ]
File:F:\zendserver\Apache2\htdocs\fundcrm\ThinkPHP\Library\Think\Db\Driver.class.php(217)  execute  
File:F:\zendserver\Apache2\htdocs\fundcrm\ThinkPHP\Library\Think\Db\Driver.class.php(902)  execute  
File:F:\zendserver\Apache2\htdocs\fundcrm\ThinkPHP\Library\Think\Model.class.php(455)  update  
File:F:\zendserver\Apache2\htdocs\fundcrm\Application\Home\Controller\LoginController.class.php(88)  save  
File:F:\zendserver\Apache2\htdocs\fundcrm\Application\Home\Controller\LoginController.class.php(62)  dologin  
File:()  checkLogin  
File:F:\zendserver\Apache2\htdocs\fundcrm\ThinkPHP\Library\Think\App.class.php(164)  invoke  
File:F:\zendserver\Apache2\htdocs\fundcrm\ThinkPHP\Library\Think\App.class.php(202)  exec  
File:F:\zendserver\Apache2\htdocs\fundcrm\ThinkPHP\Library\Think\Think.class.php(120)  run  
File:F:\zendserver\Apache2\htdocs\fundcrm\ThinkPHP\ThinkPHP.php(97)  start  
File:F:\zendserver\Apache2\htdocs\fundcrm\index.php(30)  require  
ERR: SQLSTATE[42S22]: Column not found: 1054 Unknown column 'login_count' in 'field list'

[2015-11-07 18:16:01] 127.0.0.1 /fundcrm/index.php/Home/Login/checkLogin
INFO: [ app_init ] --START--
INFO: Run Behavior\BuildLiteBehavior [ RunTime:0.000000s ]
INFO: Run Behavior\FlashBehaviors [ RunTime:0.000000s ]
INFO: [ app_init ] --END-- [ RunTime:0.001000s ]
File:F:\zendserver\Apache2\htdocs\fundcrm\ThinkPHP\Library\Think\Db\Driver.class.php(217)  execute  
File:F:\zendserver\Apache2\htdocs\fundcrm\ThinkPHP\Library\Think\Db\Driver.class.php(902)  execute  
File:F:\zendserver\Apache2\htdocs\fundcrm\ThinkPHP\Library\Think\Model.class.php(455)  update  
File:F:\zendserver\Apache2\htdocs\fundcrm\Application\Home\Controller\LoginController.class.php(88)  save  
File:F:\zendserver\Apache2\htdocs\fundcrm\Application\Home\Controller\LoginController.class.php(62)  dologin  
File:()  checkLogin  
File:F:\zendserver\Apache2\htdocs\fundcrm\ThinkPHP\Library\Think\App.class.php(164)  invoke  
File:F:\zendserver\Apache2\htdocs\fundcrm\ThinkPHP\Library\Think\App.class.php(202)  exec  
File:F:\zendserver\Apache2\htdocs\fundcrm\ThinkPHP\Library\Think\Think.class.php(120)  run  
File:F:\zendserver\Apache2\htdocs\fundcrm\ThinkPHP\ThinkPHP.php(97)  start  
File:F:\zendserver\Apache2\htdocs\fundcrm\index.php(30)  require  
ERR: SQLSTATE[42S22]: Column not found: 1054 Unknown column 'last_login_ip' in 'field list'

[2015-11-07 18:16:31] 127.0.0.1 /fundcrm/index.php/Home/Login/checkLogin
INFO: [ app_init ] --START--
INFO: Run Behavior\BuildLiteBehavior [ RunTime:0.000000s ]
INFO: Run Behavior\FlashBehaviors [ RunTime:0.000000s ]
INFO: [ app_init ] --END-- [ RunTime:0.000000s ]

[2015-11-07 18:16:32] 127.0.0.1 /fundcrm/index.php/Home/Index/index
INFO: [ app_init ] --START--
INFO: Run Behavior\BuildLiteBehavior [ RunTime:0.000000s ]
INFO: Run Behavior\FlashBehaviors [ RunTime:0.000000s ]
INFO: [ app_init ] --END-- [ RunTime:0.000000s ]
File:F:\zendserver\Apache2\htdocs\fundcrm\ThinkPHP\Library\Think\Db\Driver.class.php(169)  execute  
File:F:\zendserver\Apache2\htdocs\fundcrm\ThinkPHP\Library\Think\Db\Driver.class.php(942)  query  
File:F:\zendserver\Apache2\htdocs\fundcrm\ThinkPHP\Library\Think\Model.class.php(583)  select  
File:F:\zendserver\Apache2\htdocs\fundcrm\Application\Home\Model\TaskModel.class.php(26)  select  
File:F:\zendserver\Apache2\htdocs\fundcrm\Application\Home\Controller\BaseController.class.php(156)  get_my_task  
File:F:\zendserver\Apache2\htdocs\fundcrm\ThinkPHP\Library\Think\Controller.class.php(41)  _initialize  
File:F:\zendserver\Apache2\htdocs\fundcrm\Application\Home\Controller\BaseController.class.php(14)  __construct  
File:F:\zendserver\Apache2\htdocs\fundcrm\ThinkPHP\Common\functions.php(681)  __construct  
File:F:\zendserver\Apache2\htdocs\fundcrm\ThinkPHP\Library\Think\App.class.php(89)  controller  
File:F:\zendserver\Apache2\htdocs\fundcrm\ThinkPHP\Library\Think\App.class.php(202)  exec  
File:F:\zendserver\Apache2\htdocs\fundcrm\ThinkPHP\Library\Think\Think.class.php(120)  run  
File:F:\zendserver\Apache2\htdocs\fundcrm\ThinkPHP\ThinkPHP.php(97)  start  
File:F:\zendserver\Apache2\htdocs\fundcrm\index.php(30)  require  
ERR: SQLSTATE[42S02]: Base table or view not found: 1146 Table 'trqgl.t_task' doesn't exist

[2015-11-07 18:20:07] 127.0.0.1 /fundcrm/index.php/Home/Index/index
INFO: [ app_init ] --START--
INFO: Run Behavior\BuildLiteBehavior [ RunTime:0.000000s ]
INFO: Run Behavior\FlashBehaviors [ RunTime:0.000000s ]
INFO: [ app_init ] --END-- [ RunTime:0.001000s ]
File:F:\zendserver\Apache2\htdocs\fundcrm\ThinkPHP\Library\Think\Db\Driver.class.php(169)  execute  
File:F:\zendserver\Apache2\htdocs\fundcrm\ThinkPHP\Library\Think\Db\Driver.class.php(942)  query  
File:F:\zendserver\Apache2\htdocs\fundcrm\ThinkPHP\Library\Think\Model.class.php(583)  select  
File:F:\zendserver\Apache2\htdocs\fundcrm\Application\Home\Model\TaskModel.class.php(26)  select  
File:F:\zendserver\Apache2\htdocs\fundcrm\Application\Home\Controller\BaseController.class.php(139)  get_my_task  
File:F:\zendserver\Apache2\htdocs\fundcrm\ThinkPHP\Library\Think\Controller.class.php(41)  _initialize  
File:F:\zendserver\Apache2\htdocs\fundcrm\Application\Home\Controller\BaseController.class.php(14)  __construct  
File:F:\zendserver\Apache2\htdocs\fundcrm\ThinkPHP\Common\functions.php(681)  __construct  
File:F:\zendserver\Apache2\htdocs\fundcrm\ThinkPHP\Library\Think\App.class.php(89)  controller  
File:F:\zendserver\Apache2\htdocs\fundcrm\ThinkPHP\Library\Think\App.class.php(202)  exec  
File:F:\zendserver\Apache2\htdocs\fundcrm\ThinkPHP\Library\Think\Think.class.php(120)  run  
File:F:\zendserver\Apache2\htdocs\fundcrm\ThinkPHP\ThinkPHP.php(97)  start  
File:F:\zendserver\Apache2\htdocs\fundcrm\index.php(30)  require  
ERR: SQLSTATE[42S02]: Base table or view not found: 1146 Table 'trqgl.t_task' doesn't exist

[2015-11-07 18:20:11] 127.0.0.1 /fundcrm/index.php/Home/Login/checkLogin
INFO: [ app_init ] --START--
INFO: Run Behavior\BuildLiteBehavior [ RunTime:0.000000s ]
INFO: Run Behavior\FlashBehaviors [ RunTime:0.001000s ]
INFO: [ app_init ] --END-- [ RunTime:0.001000s ]

[2015-11-07 18:20:12] 127.0.0.1 /fundcrm/index.php/Home/Index/index
INFO: [ app_init ] --START--
INFO: Run Behavior\BuildLiteBehavior [ RunTime:0.000000s ]
INFO: Run Behavior\FlashBehaviors [ RunTime:0.001000s ]
INFO: [ app_init ] --END-- [ RunTime:0.001000s ]
File:F:\zendserver\Apache2\htdocs\fundcrm\ThinkPHP\Library\Think\Db\Driver.class.php(169)  execute  
File:F:\zendserver\Apache2\htdocs\fundcrm\ThinkPHP\Library\Think\Db\Driver.class.php(942)  query  
File:F:\zendserver\Apache2\htdocs\fundcrm\ThinkPHP\Library\Think\Model.class.php(583)  select  
File:F:\zendserver\Apache2\htdocs\fundcrm\Application\Home\Model\TaskModel.class.php(26)  select  
File:F:\zendserver\Apache2\htdocs\fundcrm\Application\Home\Controller\BaseController.class.php(139)  get_my_task  
File:F:\zendserver\Apache2\htdocs\fundcrm\ThinkPHP\Library\Think\Controller.class.php(41)  _initialize  
File:F:\zendserver\Apache2\htdocs\fundcrm\Application\Home\Controller\BaseController.class.php(14)  __construct  
File:F:\zendserver\Apache2\htdocs\fundcrm\ThinkPHP\Common\functions.php(681)  __construct  
File:F:\zendserver\Apache2\htdocs\fundcrm\ThinkPHP\Library\Think\App.class.php(89)  controller  
File:F:\zendserver\Apache2\htdocs\fundcrm\ThinkPHP\Library\Think\App.class.php(202)  exec  
File:F:\zendserver\Apache2\htdocs\fundcrm\ThinkPHP\Library\Think\Think.class.php(120)  run  
File:F:\zendserver\Apache2\htdocs\fundcrm\ThinkPHP\ThinkPHP.php(97)  start  
File:F:\zendserver\Apache2\htdocs\fundcrm\index.php(30)  require  
ERR: SQLSTATE[42S02]: Base table or view not found: 1146 Table 'trqgl.t_task' doesn't exist

[2015-11-07 18:21:25] 127.0.0.1 /fundcrm/index.php/Home/Login/checkLogin
INFO: [ app_init ] --START--
INFO: Run Behavior\BuildLiteBehavior [ RunTime:0.000000s ]
INFO: Run Behavior\FlashBehaviors [ RunTime:0.000000s ]
INFO: [ app_init ] --END-- [ RunTime:0.001001s ]

[2015-11-07 18:21:26] 127.0.0.1 /fundcrm/index.php/Home/Index/index
INFO: [ app_init ] --START--
INFO: Run Behavior\BuildLiteBehavior [ RunTime:0.000000s ]
INFO: Run Behavior\FlashBehaviors [ RunTime:0.000000s ]
INFO: [ app_init ] --END-- [ RunTime:0.000000s ]

[2015-11-07 18:22:34] 127.0.0.1 /fundcrm/index.php/Home/Index/index.html
INFO: [ app_init ] --START--
INFO: Run Behavior\BuildLiteBehavior [ RunTime:0.000000s ]
INFO: Run Behavior\FlashBehaviors [ RunTime:0.001000s ]
INFO: [ app_init ] --END-- [ RunTime:0.001000s ]

[2015-11-07 18:28:40] 127.0.0.1 /fundcrm/index.php/Home/Index/index
INFO: [ app_init ] --START--
INFO: Run Behavior\BuildLiteBehavior [ RunTime:0.000000s ]
INFO: Run Behavior\FlashBehaviors [ RunTime:0.000000s ]
INFO: [ app_init ] --END-- [ RunTime:0.001000s ]

[2015-11-07 18:30:02] 127.0.0.1 /fundcrm/index.php/Home/Index/index
INFO: [ app_init ] --START--
INFO: Run Behavior\BuildLiteBehavior [ RunTime:0.000000s ]
INFO: Run Behavior\FlashBehaviors [ RunTime:0.000000s ]
INFO: [ app_init ] --END-- [ RunTime:0.001000s ]

[2015-11-07 18:31:42] 127.0.0.1 /fundcrm/index.php/Home/Index/index
INFO: [ app_init ] --START--
INFO: Run Behavior\BuildLiteBehavior [ RunTime:0.000000s ]
INFO: Run Behavior\FlashBehaviors [ RunTime:0.001000s ]
INFO: [ app_init ] --END-- [ RunTime:0.001000s ]

[2015-11-07 18:32:33] 127.0.0.1 /fundcrm/index.php/Home/Index/index
INFO: [ app_init ] --START--
INFO: Run Behavior\BuildLiteBehavior [ RunTime:0.000000s ]
INFO: Run Behavior\FlashBehaviors [ RunTime:0.000000s ]
INFO: [ app_init ] --END-- [ RunTime:0.001000s ]

[2015-11-07 18:33:02] 127.0.0.1 /fundcrm/index.php/Home/Index/index
INFO: [ app_init ] --START--
INFO: Run Behavior\BuildLiteBehavior [ RunTime:0.000000s ]
INFO: Run Behavior\FlashBehaviors [ RunTime:0.000000s ]
INFO: [ app_init ] --END-- [ RunTime:0.000000s ]

[2015-11-07 18:33:08] 127.0.0.1 /fundcrm/index.php/Home/login/logout
INFO: [ app_init ] --START--
INFO: Run Behavior\BuildLiteBehavior [ RunTime:0.000000s ]
INFO: Run Behavior\FlashBehaviors [ RunTime:0.001000s ]
INFO: [ app_init ] --END-- [ RunTime:0.001000s ]

[2015-11-07 18:33:09] 127.0.0.1 /fundcrm/index.php/Home/Login/index
INFO: [ app_init ] --START--
INFO: Run Behavior\BuildLiteBehavior [ RunTime:0.000000s ]
INFO: Run Behavior\FlashBehaviors [ RunTime:0.001000s ]
INFO: [ app_init ] --END-- [ RunTime:0.001000s ]

[2015-11-07 18:33:26] 127.0.0.1 /fundcrm/index.php/Home/Login/checkLogin
INFO: [ app_init ] --START--
INFO: Run Behavior\BuildLiteBehavior [ RunTime:0.000000s ]
INFO: Run Behavior\FlashBehaviors [ RunTime:0.000000s ]
INFO: [ app_init ] --END-- [ RunTime:0.000000s ]

[2015-11-07 18:33:27] 127.0.0.1 /fundcrm/index.php/Home/Index/index
INFO: [ app_init ] --START--
INFO: Run Behavior\BuildLiteBehavior [ RunTime:0.000000s ]
INFO: Run Behavior\FlashBehaviors [ RunTime:0.000000s ]
INFO: [ app_init ] --END-- [ RunTime:0.000000s ]

[2015-11-07 18:34:30] 127.0.0.1 /fundcrm/index.php/Home/Login/checkLogin
INFO: [ app_init ] --START--
INFO: Run Behavior\BuildLiteBehavior [ RunTime:0.000000s ]
INFO: Run Behavior\FlashBehaviors [ RunTime:0.000000s ]
INFO: [ app_init ] --END-- [ RunTime:0.001000s ]

[2015-11-07 18:34:31] 127.0.0.1 /fundcrm/index.php/Home/Index/index
INFO: [ app_init ] --START--
INFO: Run Behavior\BuildLiteBehavior [ RunTime:0.000000s ]
INFO: Run Behavior\FlashBehaviors [ RunTime:0.000000s ]
INFO: [ app_init ] --END-- [ RunTime:0.001000s ]

[2015-11-07 18:35:11] 127.0.0.1 /fundcrm/index.php/Home/Index/index
INFO: [ app_init ] --START--
INFO: Run Behavior\BuildLiteBehavior [ RunTime:0.000000s ]
INFO: Run Behavior\FlashBehaviors [ RunTime:0.000000s ]
INFO: [ app_init ] --END-- [ RunTime:0.001000s ]

[2015-11-07 18:35:14] 127.0.0.1 /fundcrm/index.php/Home/Login/checkLogin
INFO: [ app_init ] --START--
INFO: Run Behavior\BuildLiteBehavior [ RunTime:0.000000s ]
INFO: Run Behavior\FlashBehaviors [ RunTime:0.000000s ]
INFO: [ app_init ] --END-- [ RunTime:0.001000s ]

[2015-11-07 18:35:15] 127.0.0.1 /fundcrm/index.php/Home/Index/index
INFO: [ app_init ] --START--
INFO: Run Behavior\BuildLiteBehavior [ RunTime:0.000000s ]
INFO: Run Behavior\FlashBehaviors [ RunTime:0.000000s ]
INFO: [ app_init ] --END-- [ RunTime:0.000000s ]

[2015-11-07 18:35:26] 127.0.0.1 /fundcrm/index.php/Home/Login/checkLogin
INFO: [ app_init ] --START--
INFO: Run Behavior\BuildLiteBehavior [ RunTime:0.000000s ]
INFO: Run Behavior\FlashBehaviors [ RunTime:0.000000s ]
INFO: [ app_init ] --END-- [ RunTime:0.000000s ]

[2015-11-07 18:35:28] 127.0.0.1 /fundcrm/index.php/Home/Index/index
INFO: [ app_init ] --START--
INFO: Run Behavior\BuildLiteBehavior [ RunTime:0.000000s ]
INFO: Run Behavior\FlashBehaviors [ RunTime:0.000000s ]
INFO: [ app_init ] --END-- [ RunTime:0.000000s ]

[2015-11-07 18:35:37] 127.0.0.1 /fundcrm/index.php/Home/login/logout
INFO: [ app_init ] --START--
INFO: Run Behavior\BuildLiteBehavior [ RunTime:0.000000s ]
INFO: Run Behavior\FlashBehaviors [ RunTime:0.000000s ]
INFO: [ app_init ] --END-- [ RunTime:0.001000s ]

[2015-11-07 18:35:38] 127.0.0.1 /fundcrm/index.php/Home/Login/index
INFO: [ app_init ] --START--
INFO: Run Behavior\BuildLiteBehavior [ RunTime:0.000000s ]
INFO: Run Behavior\FlashBehaviors [ RunTime:0.000000s ]
INFO: [ app_init ] --END-- [ RunTime:0.000000s ]

[2015-11-07 18:35:42] 127.0.0.1 /fundcrm/index.php/Home/Login/checkLogin
INFO: [ app_init ] --START--
INFO: Run Behavior\BuildLiteBehavior [ RunTime:0.000000s ]
INFO: Run Behavior\FlashBehaviors [ RunTime:0.000000s ]
INFO: [ app_init ] --END-- [ RunTime:0.000000s ]

[2015-11-07 18:35:43] 127.0.0.1 /fundcrm/index.php/Home/Index/index
INFO: [ app_init ] --START--
INFO: Run Behavior\BuildLiteBehavior [ RunTime:0.000000s ]
INFO: Run Behavior\FlashBehaviors [ RunTime:0.000000s ]
INFO: [ app_init ] --END-- [ RunTime:0.000000s ]

[2015-11-07 18:38:24] 127.0.0.1 /fundcrm/index.php/Home/Login/checkLogin
INFO: [ app_init ] --START--
INFO: Run Behavior\BuildLiteBehavior [ RunTime:0.000000s ]
INFO: Run Behavior\FlashBehaviors [ RunTime:0.001001s ]
INFO: [ app_init ] --END-- [ RunTime:0.001001s ]

[2015-11-07 18:38:33] 127.0.0.1 /fundcrm/index.php/Home/Login/checkLogin
INFO: [ app_init ] --START--
INFO: Run Behavior\BuildLiteBehavior [ RunTime:0.000000s ]
INFO: Run Behavior\FlashBehaviors [ RunTime:0.000000s ]
INFO: [ app_init ] --END-- [ RunTime:0.001000s ]

[2015-11-07 18:38:34] 127.0.0.1 /fundcrm/index.php/Home/Index/index
INFO: [ app_init ] --START--
INFO: Run Behavior\BuildLiteBehavior [ RunTime:0.001000s ]
INFO: Run Behavior\FlashBehaviors [ RunTime:0.000000s ]
INFO: [ app_init ] --END-- [ RunTime:0.001000s ]

[2015-11-07 18:38:36] 127.0.0.1 /fundcrm/index.php/Home/Role/roleList
INFO: [ app_init ] --START--
INFO: Run Behavior\BuildLiteBehavior [ RunTime:0.000000s ]
INFO: Run Behavior\FlashBehaviors [ RunTime:0.003001s ]
INFO: [ app_init ] --END-- [ RunTime:0.003001s ]

[2015-11-07 18:38:39] 127.0.0.1 /fundcrm/index.php/Home/Role/roleAuth?id=1
INFO: [ app_init ] --START--
INFO: Run Behavior\BuildLiteBehavior [ RunTime:0.000000s ]
INFO: Run Behavior\FlashBehaviors [ RunTime:0.000000s ]
INFO: [ app_init ] --END-- [ RunTime:0.001000s ]

[2015-11-07 18:38:43] 127.0.0.1 /fundcrm/index.php/Home/Role/roleAuth?action=3&id=1&actionId=1
INFO: [ app_init ] --START--
INFO: Run Behavior\BuildLiteBehavior [ RunTime:0.000000s ]
INFO: Run Behavior\FlashBehaviors [ RunTime:0.000000s ]
INFO: [ app_init ] --END-- [ RunTime:0.000000s ]
File:F:\zendserver\Apache2\htdocs\fundcrm\ThinkPHP\Library\Think\Db\Driver.class.php(169)  execute  
File:F:\zendserver\Apache2\htdocs\fundcrm\ThinkPHP\Library\Think\Db\Driver.class.php(942)  query  
File:F:\zendserver\Apache2\htdocs\fundcrm\ThinkPHP\Library\Think\Model.class.php(583)  select  
File:F:\zendserver\Apache2\htdocs\fundcrm\Application\Home\Controller\RoleController.class.php(219)  select  
File:F:\zendserver\Apache2\htdocs\fundcrm\Application\Home\Controller\RoleController.class.php(158)  getMyActionList  
File:()  roleAuth  
File:F:\zendserver\Apache2\htdocs\fundcrm\ThinkPHP\Library\Think\App.class.php(164)  invoke  
File:F:\zendserver\Apache2\htdocs\fundcrm\ThinkPHP\Library\Think\App.class.php(202)  exec  
File:F:\zendserver\Apache2\htdocs\fundcrm\ThinkPHP\Library\Think\Think.class.php(120)  run  
File:F:\zendserver\Apache2\htdocs\fundcrm\ThinkPHP\ThinkPHP.php(97)  start  
File:F:\zendserver\Apache2\htdocs\fundcrm\index.php(30)  require  
ERR: SQLSTATE[42S22]: Column not found: 1054 Unknown column 'pid' in 'where clause'

[2015-11-07 18:40:42] 127.0.0.1 /fundcrm/index.php/Home/Role/roleAuth?action=3&id=1&actionId=1
INFO: [ app_init ] --START--
INFO: Run Behavior\BuildLiteBehavior [ RunTime:0.000000s ]
INFO: Run Behavior\FlashBehaviors [ RunTime:0.000000s ]
INFO: [ app_init ] --END-- [ RunTime:0.001001s ]
File:F:\zendserver\Apache2\htdocs\fundcrm\ThinkPHP\Library\Think\Db\Driver.class.php(169)  execute  
File:F:\zendserver\Apache2\htdocs\fundcrm\ThinkPHP\Library\Think\Model.class.php(1378)  query  
File:F:\zendserver\Apache2\htdocs\fundcrm\Application\Home\Model\LogModel.class.php(24)  query  
File:F:\zendserver\Apache2\htdocs\fundcrm\Application\Home\Controller\BaseController.class.php(48)  addLog  
File:F:\zendserver\Apache2\htdocs\fundcrm\Application\Home\Controller\BaseController.class.php(16)  saveLog  
File:F:\zendserver\Apache2\htdocs\fundcrm\ThinkPHP\Common\functions.php(681)  __construct  
File:F:\zendserver\Apache2\htdocs\fundcrm\ThinkPHP\Library\Think\App.class.php(89)  controller  
File:F:\zendserver\Apache2\htdocs\fundcrm\ThinkPHP\Library\Think\App.class.php(202)  exec  
File:F:\zendserver\Apache2\htdocs\fundcrm\ThinkPHP\Library\Think\Think.class.php(120)  run  
File:F:\zendserver\Apache2\htdocs\fundcrm\ThinkPHP\ThinkPHP.php(97)  start  
File:F:\zendserver\Apache2\htdocs\fundcrm\index.php(30)  require  
ERR: SQLSTATE[42S02]: Base table or view not found: 1146 Table 'trqgl.t_log' doesn't exist

[2015-11-07 18:44:21] 127.0.0.1 /fundcrm/index.php/Home/Role/roleAuth?action=3&id=1&actionId=1
INFO: [ app_init ] --START--
INFO: Run Behavior\BuildLiteBehavior [ RunTime:0.000000s ]
INFO: Run Behavior\FlashBehaviors [ RunTime:0.000000s ]
INFO: [ app_init ] --END-- [ RunTime:0.001000s ]
File:F:\zendserver\Apache2\htdocs\fundcrm\ThinkPHP\Library\Think\Db\Driver.class.php(217)  execute  
File:F:\zendserver\Apache2\htdocs\fundcrm\ThinkPHP\Library\Think\Db\Driver.class.php(820)  execute  
File:F:\zendserver\Apache2\htdocs\fundcrm\ThinkPHP\Library\Think\Model.class.php(324)  insert  
File:F:\zendserver\Apache2\htdocs\fundcrm\Application\Home\Model\LogModel.class.php(13)  add  
File:F:\zendserver\Apache2\htdocs\fundcrm\Application\Home\Controller\BaseController.class.php(48)  addLog  
File:F:\zendserver\Apache2\htdocs\fundcrm\Application\Home\Controller\BaseController.class.php(16)  saveLog  
File:F:\zendserver\Apache2\htdocs\fundcrm\ThinkPHP\Common\functions.php(681)  __construct  
File:F:\zendserver\Apache2\htdocs\fundcrm\ThinkPHP\Library\Think\App.class.php(89)  controller  
File:F:\zendserver\Apache2\htdocs\fundcrm\ThinkPHP\Library\Think\App.class.php(202)  exec  
File:F:\zendserver\Apache2\htdocs\fundcrm\ThinkPHP\Library\Think\Think.class.php(120)  run  
File:F:\zendserver\Apache2\htdocs\fundcrm\ThinkPHP\ThinkPHP.php(97)  start  
File:F:\zendserver\Apache2\htdocs\fundcrm\index.php(30)  require  
ERR: SQLSTATE[23000]: Integrity constraint violation: 1048 Column 'nickname' cannot be null

[2015-11-07 18:44:54] 127.0.0.1 /fundcrm/index.php/Home/Role/roleAuth?action=3&id=1&actionId=1
INFO: [ app_init ] --START--
INFO: Run Behavior\BuildLiteBehavior [ RunTime:0.001000s ]
INFO: Run Behavior\FlashBehaviors [ RunTime:0.000000s ]
INFO: [ app_init ] --END-- [ RunTime:0.001000s ]
File:F:\zendserver\Apache2\htdocs\fundcrm\ThinkPHP\Library\Think\Db\Driver.class.php(217)  execute  
File:F:\zendserver\Apache2\htdocs\fundcrm\ThinkPHP\Library\Think\Db\Driver.class.php(820)  execute  
File:F:\zendserver\Apache2\htdocs\fundcrm\ThinkPHP\Library\Think\Model.class.php(324)  insert  
File:F:\zendserver\Apache2\htdocs\fundcrm\Application\Home\Model\LogModel.class.php(13)  add  
File:F:\zendserver\Apache2\htdocs\fundcrm\Application\Home\Controller\BaseController.class.php(48)  addLog  
File:F:\zendserver\Apache2\htdocs\fundcrm\Application\Home\Controller\BaseController.class.php(16)  saveLog  
File:F:\zendserver\Apache2\htdocs\fundcrm\ThinkPHP\Common\functions.php(681)  __construct  
File:F:\zendserver\Apache2\htdocs\fundcrm\ThinkPHP\Library\Think\App.class.php(89)  controller  
File:F:\zendserver\Apache2\htdocs\fundcrm\ThinkPHP\Library\Think\App.class.php(202)  exec  
File:F:\zendserver\Apache2\htdocs\fundcrm\ThinkPHP\Library\Think\Think.class.php(120)  run  
File:F:\zendserver\Apache2\htdocs\fundcrm\ThinkPHP\ThinkPHP.php(97)  start  
File:F:\zendserver\Apache2\htdocs\fundcrm\index.php(30)  require  
ERR: SQLSTATE[23000]: Integrity constraint violation: 1048 Column 'nickname' cannot be null

[2015-11-07 18:45:20] 127.0.0.1 /fundcrm/index.php/Home/Role/roleAuth?action=3&id=1&actionId=1
INFO: [ app_init ] --START--
INFO: Run Behavior\BuildLiteBehavior [ RunTime:0.000000s ]
INFO: Run Behavior\FlashBehaviors [ RunTime:0.000000s ]
INFO: [ app_init ] --END-- [ RunTime:0.000000s ]
File:F:\zendserver\Apache2\htdocs\fundcrm\ThinkPHP\Library\Think\Db\Driver.class.php(217)  execute  
File:F:\zendserver\Apache2\htdocs\fundcrm\ThinkPHP\Library\Think\Db\Driver.class.php(820)  execute  
File:F:\zendserver\Apache2\htdocs\fundcrm\ThinkPHP\Library\Think\Model.class.php(324)  insert  
File:F:\zendserver\Apache2\htdocs\fundcrm\Application\Home\Model\LogModel.class.php(13)  add  
File:F:\zendserver\Apache2\htdocs\fundcrm\Application\Home\Controller\BaseController.class.php(48)  addLog  
File:F:\zendserver\Apache2\htdocs\fundcrm\Application\Home\Controller\BaseController.class.php(16)  saveLog  
File:F:\zendserver\Apache2\htdocs\fundcrm\ThinkPHP\Common\functions.php(681)  __construct  
File:F:\zendserver\Apache2\htdocs\fundcrm\ThinkPHP\Library\Think\App.class.php(89)  controller  
File:F:\zendserver\Apache2\htdocs\fundcrm\ThinkPHP\Library\Think\App.class.php(202)  exec  
File:F:\zendserver\Apache2\htdocs\fundcrm\ThinkPHP\Library\Think\Think.class.php(120)  run  
File:F:\zendserver\Apache2\htdocs\fundcrm\ThinkPHP\ThinkPHP.php(97)  start  
File:F:\zendserver\Apache2\htdocs\fundcrm\index.php(30)  require  
ERR: SQLSTATE[23000]: Integrity constraint violation: 1048 Column 'nickname' cannot be null

[2015-11-07 18:45:21] 127.0.0.1 /fundcrm/index.php/Home/Role/roleAuth?action=3&id=1&actionId=1
INFO: [ app_init ] --START--
INFO: Run Behavior\BuildLiteBehavior [ RunTime:0.000000s ]
INFO: Run Behavior\FlashBehaviors [ RunTime:0.000000s ]
INFO: [ app_init ] --END-- [ RunTime:0.000000s ]
File:F:\zendserver\Apache2\htdocs\fundcrm\ThinkPHP\Library\Think\Db\Driver.class.php(217)  execute  
File:F:\zendserver\Apache2\htdocs\fundcrm\ThinkPHP\Library\Think\Db\Driver.class.php(820)  execute  
File:F:\zendserver\Apache2\htdocs\fundcrm\ThinkPHP\Library\Think\Model.class.php(324)  insert  
File:F:\zendserver\Apache2\htdocs\fundcrm\Application\Home\Model\LogModel.class.php(13)  add  
File:F:\zendserver\Apache2\htdocs\fundcrm\Application\Home\Controller\BaseController.class.php(48)  addLog  
File:F:\zendserver\Apache2\htdocs\fundcrm\Application\Home\Controller\BaseController.class.php(16)  saveLog  
File:F:\zendserver\Apache2\htdocs\fundcrm\ThinkPHP\Common\functions.php(681)  __construct  
File:F:\zendserver\Apache2\htdocs\fundcrm\ThinkPHP\Library\Think\App.class.php(89)  controller  
File:F:\zendserver\Apache2\htdocs\fundcrm\ThinkPHP\Library\Think\App.class.php(202)  exec  
File:F:\zendserver\Apache2\htdocs\fundcrm\ThinkPHP\Library\Think\Think.class.php(120)  run  
File:F:\zendserver\Apache2\htdocs\fundcrm\ThinkPHP\ThinkPHP.php(97)  start  
File:F:\zendserver\Apache2\htdocs\fundcrm\index.php(30)  require  
ERR: SQLSTATE[23000]: Integrity constraint violation: 1048 Column 'nickname' cannot be null

[2015-11-07 18:45:22] 127.0.0.1 /fundcrm/index.php/Home/Role/roleAuth?action=3&id=1&actionId=1
INFO: [ app_init ] --START--
INFO: Run Behavior\BuildLiteBehavior [ RunTime:0.000000s ]
INFO: Run Behavior\FlashBehaviors [ RunTime:0.000000s ]
INFO: [ app_init ] --END-- [ RunTime:0.001000s ]
File:F:\zendserver\Apache2\htdocs\fundcrm\ThinkPHP\Library\Think\Db\Driver.class.php(217)  execute  
File:F:\zendserver\Apache2\htdocs\fundcrm\ThinkPHP\Library\Think\Db\Driver.class.php(820)  execute  
File:F:\zendserver\Apache2\htdocs\fundcrm\ThinkPHP\Library\Think\Model.class.php(324)  insert  
File:F:\zendserver\Apache2\htdocs\fundcrm\Application\Home\Model\LogModel.class.php(13)  add  
File:F:\zendserver\Apache2\htdocs\fundcrm\Application\Home\Controller\BaseController.class.php(48)  addLog  
File:F:\zendserver\Apache2\htdocs\fundcrm\Application\Home\Controller\BaseController.class.php(16)  saveLog  
File:F:\zendserver\Apache2\htdocs\fundcrm\ThinkPHP\Common\functions.php(681)  __construct  
File:F:\zendserver\Apache2\htdocs\fundcrm\ThinkPHP\Library\Think\App.class.php(89)  controller  
File:F:\zendserver\Apache2\htdocs\fundcrm\ThinkPHP\Library\Think\App.class.php(202)  exec  
File:F:\zendserver\Apache2\htdocs\fundcrm\ThinkPHP\Library\Think\Think.class.php(120)  run  
File:F:\zendserver\Apache2\htdocs\fundcrm\ThinkPHP\ThinkPHP.php(97)  start  
File:F:\zendserver\Apache2\htdocs\fundcrm\index.php(30)  require  
ERR: SQLSTATE[23000]: Integrity constraint violation: 1048 Column 'nickname' cannot be null

[2015-11-07 18:48:25] 127.0.0.1 /fundcrm/index.php/Home/login/logout
INFO: [ app_init ] --START--
INFO: Run Behavior\BuildLiteBehavior [ RunTime:0.000000s ]
INFO: Run Behavior\FlashBehaviors [ RunTime:0.000000s ]
INFO: [ app_init ] --END-- [ RunTime:0.000000s ]

[2015-11-07 18:48:26] 127.0.0.1 /fundcrm/index.php/Home/Login/index
INFO: [ app_init ] --START--
INFO: Run Behavior\BuildLiteBehavior [ RunTime:0.000000s ]
INFO: Run Behavior\FlashBehaviors [ RunTime:0.001000s ]
INFO: [ app_init ] --END-- [ RunTime:0.001000s ]

[2015-11-07 18:48:30] 127.0.0.1 /fundcrm/index.php/Home/Login/checkLogin
INFO: [ app_init ] --START--
INFO: Run Behavior\BuildLiteBehavior [ RunTime:0.000000s ]
INFO: Run Behavior\FlashBehaviors [ RunTime:0.000000s ]
INFO: [ app_init ] --END-- [ RunTime:0.000000s ]

[2015-11-07 18:48:32] 127.0.0.1 /fundcrm/index.php/Home/Index/index
INFO: [ app_init ] --START--
INFO: Run Behavior\BuildLiteBehavior [ RunTime:0.000000s ]
INFO: Run Behavior\FlashBehaviors [ RunTime:0.001000s ]
INFO: [ app_init ] --END-- [ RunTime:0.001000s ]

[2015-11-07 18:48:35] 127.0.0.1 /fundcrm/index.php/Home/Role/roleList
INFO: [ app_init ] --START--
INFO: Run Behavior\BuildLiteBehavior [ RunTime:0.000000s ]
INFO: Run Behavior\FlashBehaviors [ RunTime:0.000000s ]
INFO: [ app_init ] --END-- [ RunTime:0.000000s ]
File:F:\zendserver\Apache2\htdocs\fundcrm\ThinkPHP\Library\Think\Db\Driver.class.php(217)  execute  
File:F:\zendserver\Apache2\htdocs\fundcrm\ThinkPHP\Library\Think\Db\Driver.class.php(820)  execute  
File:F:\zendserver\Apache2\htdocs\fundcrm\ThinkPHP\Library\Think\Model.class.php(324)  insert  
File:F:\zendserver\Apache2\htdocs\fundcrm\Application\Home\Model\LogModel.class.php(13)  add  
File:F:\zendserver\Apache2\htdocs\fundcrm\Application\Home\Controller\BaseController.class.php(48)  addLog  
File:F:\zendserver\Apache2\htdocs\fundcrm\Application\Home\Controller\BaseController.class.php(16)  saveLog  
File:F:\zendserver\Apache2\htdocs\fundcrm\ThinkPHP\Common\functions.php(681)  __construct  
File:F:\zendserver\Apache2\htdocs\fundcrm\ThinkPHP\Library\Think\App.class.php(89)  controller  
File:F:\zendserver\Apache2\htdocs\fundcrm\ThinkPHP\Library\Think\App.class.php(202)  exec  
File:F:\zendserver\Apache2\htdocs\fundcrm\ThinkPHP\Library\Think\Think.class.php(120)  run  
File:F:\zendserver\Apache2\htdocs\fundcrm\ThinkPHP\ThinkPHP.php(97)  start  
File:F:\zendserver\Apache2\htdocs\fundcrm\index.php(30)  require  
ERR: SQLSTATE[23000]: Integrity constraint violation: 1062 Duplicate entry '0' for key 'PRIMARY'

[2015-11-07 18:49:44] 127.0.0.1 /fundcrm/index.php/Home/Role/roleList
INFO: [ app_init ] --START--
INFO: Run Behavior\BuildLiteBehavior [ RunTime:0.000000s ]
INFO: Run Behavior\FlashBehaviors [ RunTime:0.000000s ]
INFO: [ app_init ] --END-- [ RunTime:0.000000s ]

[2015-11-07 18:50:58] 127.0.0.1 /fundcrm/index.php/Home/Role/roleList
INFO: [ app_init ] --START--
INFO: Run Behavior\BuildLiteBehavior [ RunTime:0.000000s ]
INFO: Run Behavior\FlashBehaviors [ RunTime:0.000000s ]
INFO: [ app_init ] --END-- [ RunTime:0.001000s ]

[2015-11-07 18:51:06] 127.0.0.1 /fundcrm/index.php/Home/Role/roleList
INFO: [ app_init ] --START--
INFO: Run Behavior\BuildLiteBehavior [ RunTime:0.000000s ]
INFO: Run Behavior\FlashBehaviors [ RunTime:0.001000s ]
INFO: [ app_init ] --END-- [ RunTime:0.001000s ]

[2015-11-07 18:51:08] 127.0.0.1 /fundcrm/index.php/Home/Role/roleAuth?id=1
INFO: [ app_init ] --START--
INFO: Run Behavior\BuildLiteBehavior [ RunTime:0.000000s ]
INFO: Run Behavior\FlashBehaviors [ RunTime:0.000000s ]
INFO: [ app_init ] --END-- [ RunTime:0.001000s ]

[2015-11-07 18:51:37] 127.0.0.1 /fundcrm/index.php/Home/Role/roleAuth?action=3&id=1&actionId=1
INFO: [ app_init ] --START--
INFO: Run Behavior\BuildLiteBehavior [ RunTime:0.000000s ]
INFO: Run Behavior\FlashBehaviors [ RunTime:0.000000s ]
INFO: [ app_init ] --END-- [ RunTime:0.000000s ]
File:F:\zendserver\Apache2\htdocs\fundcrm\ThinkPHP\Library\Think\Db\Driver.class.php(169)  execute  
File:F:\zendserver\Apache2\htdocs\fundcrm\ThinkPHP\Library\Think\Db\Driver.class.php(942)  query  
File:F:\zendserver\Apache2\htdocs\fundcrm\ThinkPHP\Library\Think\Model.class.php(583)  select  
File:F:\zendserver\Apache2\htdocs\fundcrm\Application\Home\Controller\RoleController.class.php(219)  select  
File:F:\zendserver\Apache2\htdocs\fundcrm\Application\Home\Controller\RoleController.class.php(158)  getMyActionList  
File:()  roleAuth  
File:F:\zendserver\Apache2\htdocs\fundcrm\ThinkPHP\Library\Think\App.class.php(164)  invoke  
File:F:\zendserver\Apache2\htdocs\fundcrm\ThinkPHP\Library\Think\App.class.php(202)  exec  
File:F:\zendserver\Apache2\htdocs\fundcrm\ThinkPHP\Library\Think\Think.class.php(120)  run  
File:F:\zendserver\Apache2\htdocs\fundcrm\ThinkPHP\ThinkPHP.php(97)  start  
File:F:\zendserver\Apache2\htdocs\fundcrm\index.php(30)  require  
ERR: SQLSTATE[42S22]: Column not found: 1054 Unknown column 'pid' in 'where clause'

[2015-11-07 19:08:43] 127.0.0.1 /fundcrm/index.php/Home/Role/roleAuth?id=1
INFO: [ app_init ] --START--
INFO: Run Behavior\BuildLiteBehavior [ RunTime:0.000000s ]
INFO: Run Behavior\FlashBehaviors [ RunTime:0.001000s ]
INFO: [ app_init ] --END-- [ RunTime:0.003000s ]

[2015-11-07 19:40:36] 127.0.0.1 /fundcrm/index.php/Home/Role/roleAuth?action=3&id=1&actionId=1
INFO: [ app_init ] --START--
INFO: Run Behavior\BuildLiteBehavior [ RunTime:0.000000s ]
INFO: Run Behavior\FlashBehaviors [ RunTime:0.000000s ]
INFO: [ app_init ] --END-- [ RunTime:0.001000s ]
File:F:\zendserver\Apache2\htdocs\fundcrm\ThinkPHP\Library\Think\Db\Driver.class.php(169)  execute  
File:F:\zendserver\Apache2\htdocs\fundcrm\ThinkPHP\Library\Think\Db\Driver.class.php(942)  query  
File:F:\zendserver\Apache2\htdocs\fundcrm\ThinkPHP\Library\Think\Model.class.php(583)  select  
File:F:\zendserver\Apache2\htdocs\fundcrm\Application\Home\Controller\RoleController.class.php(219)  select  
File:F:\zendserver\Apache2\htdocs\fundcrm\Application\Home\Controller\RoleController.class.php(158)  getMyActionList  
File:()  roleAuth  
File:F:\zendserver\Apache2\htdocs\fundcrm\ThinkPHP\Library\Think\App.class.php(164)  invoke  
File:F:\zendserver\Apache2\htdocs\fundcrm\ThinkPHP\Library\Think\App.class.php(202)  exec  
File:F:\zendserver\Apache2\htdocs\fundcrm\ThinkPHP\Library\Think\Think.class.php(120)  run  
File:F:\zendserver\Apache2\htdocs\fundcrm\ThinkPHP\ThinkPHP.php(97)  start  
File:F:\zendserver\Apache2\htdocs\fundcrm\index.php(30)  require  
ERR: SQLSTATE[42S22]: Column not found: 1054 Unknown column 'pid' in 'where clause'

[2015-11-07 19:40:43] 127.0.0.1 /fundcrm/index.php/Home/Role/roleAuth?action=3&id=1&actionId=1
INFO: [ app_init ] --START--
INFO: Run Behavior\BuildLiteBehavior [ RunTime:0.000000s ]
INFO: Run Behavior\FlashBehaviors [ RunTime:0.000000s ]
INFO: [ app_init ] --END-- [ RunTime:0.001000s ]

[2015-11-07 19:40:43] 127.0.0.1 /fundcrm/index.php/Home/Login/index
INFO: [ app_init ] --START--
INFO: Run Behavior\BuildLiteBehavior [ RunTime:0.000000s ]
INFO: Run Behavior\FlashBehaviors [ RunTime:0.000000s ]
INFO: [ app_init ] --END-- [ RunTime:0.000000s ]

[2015-11-07 19:40:51] 127.0.0.1 /fundcrm/index.php/Home/Login/checkLogin
INFO: [ app_init ] --START--
INFO: Run Behavior\BuildLiteBehavior [ RunTime:0.000000s ]
INFO: Run Behavior\FlashBehaviors [ RunTime:0.000000s ]
INFO: [ app_init ] --END-- [ RunTime:0.000000s ]

[2015-11-07 19:40:53] 127.0.0.1 /fundcrm/index.php/Home/Index/index
INFO: [ app_init ] --START--
INFO: Run Behavior\BuildLiteBehavior [ RunTime:0.000000s ]
INFO: Run Behavior\FlashBehaviors [ RunTime:0.000000s ]
INFO: [ app_init ] --END-- [ RunTime:0.000000s ]

[2015-11-07 19:41:03] 127.0.0.1 /fundcrm/index.php/Home/Index/index
INFO: [ app_init ] --START--
INFO: Run Behavior\BuildLiteBehavior [ RunTime:0.000000s ]
INFO: Run Behavior\FlashBehaviors [ RunTime:0.002001s ]
INFO: [ app_init ] --END-- [ RunTime:0.005001s ]

[2015-11-07 19:41:14] 127.0.0.1 /fundcrm/index.php/Home/Role/roleList
INFO: [ app_init ] --START--
INFO: Run Behavior\BuildLiteBehavior [ RunTime:0.000000s ]
INFO: Run Behavior\FlashBehaviors [ RunTime:0.000000s ]
INFO: [ app_init ] --END-- [ RunTime:0.000000s ]

[2015-11-07 19:41:16] 127.0.0.1 /fundcrm/index.php/Home/Role/roleAuth?id=1
INFO: [ app_init ] --START--
INFO: Run Behavior\BuildLiteBehavior [ RunTime:0.000000s ]
INFO: Run Behavior\FlashBehaviors [ RunTime:0.000000s ]
INFO: [ app_init ] --END-- [ RunTime:0.000000s ]

[2015-11-07 19:41:18] 127.0.0.1 /fundcrm/index.php/Home/Role/roleAuth?action=3&id=1&actionId=1
INFO: [ app_init ] --START--
INFO: Run Behavior\BuildLiteBehavior [ RunTime:0.000000s ]
INFO: Run Behavior\FlashBehaviors [ RunTime:0.000000s ]
INFO: [ app_init ] --END-- [ RunTime:0.000000s ]
File:F:\zendserver\Apache2\htdocs\fundcrm\ThinkPHP\Library\Think\Db\Driver.class.php(169)  execute  
File:F:\zendserver\Apache2\htdocs\fundcrm\ThinkPHP\Library\Think\Db\Driver.class.php(942)  query  
File:F:\zendserver\Apache2\htdocs\fundcrm\ThinkPHP\Library\Think\Model.class.php(583)  select  
File:F:\zendserver\Apache2\htdocs\fundcrm\Application\Home\Controller\RoleController.class.php(219)  select  
File:F:\zendserver\Apache2\htdocs\fundcrm\Application\Home\Controller\RoleController.class.php(158)  getMyActionList  
File:()  roleAuth  
File:F:\zendserver\Apache2\htdocs\fundcrm\ThinkPHP\Library\Think\App.class.php(164)  invoke  
File:F:\zendserver\Apache2\htdocs\fundcrm\ThinkPHP\Library\Think\App.class.php(202)  exec  
File:F:\zendserver\Apache2\htdocs\fundcrm\ThinkPHP\Library\Think\Think.class.php(120)  run  
File:F:\zendserver\Apache2\htdocs\fundcrm\ThinkPHP\ThinkPHP.php(97)  start  
File:F:\zendserver\Apache2\htdocs\fundcrm\index.php(30)  require  
ERR: SQLSTATE[42S22]: Column not found: 1054 Unknown column 'pid' in 'where clause'

[2015-11-07 19:41:28] 127.0.0.1 /fundcrm/index.php/Home/Role/roleAuth?action=3&id=1&actionId=0
INFO: [ app_init ] --START--
INFO: Run Behavior\BuildLiteBehavior [ RunTime:0.000000s ]
INFO: Run Behavior\FlashBehaviors [ RunTime:0.003000s ]
INFO: [ app_init ] --END-- [ RunTime:0.007001s ]

[2015-11-07 19:43:45] 127.0.0.1 /fundcrm/index.php/Home/Role/roleAuth?action=3&id=1&actionId=0
INFO: [ app_init ] --START--
INFO: Run Behavior\BuildLiteBehavior [ RunTime:0.000000s ]
INFO: Run Behavior\FlashBehaviors [ RunTime:0.000000s ]
INFO: [ app_init ] --END-- [ RunTime:0.000000s ]

[2015-11-07 19:45:44] 127.0.0.1 /fundcrm/index.php/Home/Role/roleAuth?id=1
INFO: [ app_init ] --START--
INFO: Run Behavior\BuildLiteBehavior [ RunTime:0.000000s ]
INFO: Run Behavior\FlashBehaviors [ RunTime:0.001000s ]
INFO: [ app_init ] --END-- [ RunTime:0.001000s ]

[2015-11-07 19:45:47] 127.0.0.1 /fundcrm/index.php/Home/Role/roleAuth?action=3&id=1&actionId=1
INFO: [ app_init ] --START--
INFO: Run Behavior\BuildLiteBehavior [ RunTime:0.000000s ]
INFO: Run Behavior\FlashBehaviors [ RunTime:0.001000s ]
INFO: [ app_init ] --END-- [ RunTime:0.001000s ]

[2015-11-07 19:45:49] 127.0.0.1 /fundcrm/index.php/Home/Role/setActionList
INFO: [ app_init ] --START--
INFO: Run Behavior\BuildLiteBehavior [ RunTime:0.000000s ]
INFO: Run Behavior\FlashBehaviors [ RunTime:0.001000s ]
INFO: [ app_init ] --END-- [ RunTime:0.001000s ]

[2015-11-07 19:45:49] 127.0.0.1 /fundcrm/index.php/Home/Role/roleAuth?action=3&id=1&actionId=1
INFO: [ app_init ] --START--
INFO: Run Behavior\BuildLiteBehavior [ RunTime:0.000000s ]
INFO: Run Behavior\FlashBehaviors [ RunTime:0.000000s ]
INFO: [ app_init ] --END-- [ RunTime:0.000000s ]

[2015-11-07 19:46:00] 127.0.0.1 /fundcrm/index.php/Home/Role/setActionList
INFO: [ app_init ] --START--
INFO: Run Behavior\BuildLiteBehavior [ RunTime:0.000000s ]
INFO: Run Behavior\FlashBehaviors [ RunTime:0.000000s ]
INFO: [ app_init ] --END-- [ RunTime:0.000000s ]

[2015-11-07 19:46:00] 127.0.0.1 /fundcrm/index.php/Home/Role/roleAuth?action=3&id=1&actionId=1
INFO: [ app_init ] --START--
INFO: Run Behavior\BuildLiteBehavior [ RunTime:0.000000s ]
INFO: Run Behavior\FlashBehaviors [ RunTime:0.000000s ]
INFO: [ app_init ] --END-- [ RunTime:0.000000s ]

[2015-11-07 19:46:03] 127.0.0.1 /fundcrm/index.php/Home/Role/roleList
INFO: [ app_init ] --START--
INFO: Run Behavior\BuildLiteBehavior [ RunTime:0.000000s ]
INFO: Run Behavior\FlashBehaviors [ RunTime:0.000000s ]
INFO: [ app_init ] --END-- [ RunTime:0.000000s ]

[2015-11-07 19:46:06] 127.0.0.1 /fundcrm/index.php/Home/Role/roleUserList?id=1
INFO: [ app_init ] --START--
INFO: Run Behavior\BuildLiteBehavior [ RunTime:0.000000s ]
INFO: Run Behavior\FlashBehaviors [ RunTime:0.000000s ]
INFO: [ app_init ] --END-- [ RunTime:0.000000s ]

[2015-11-07 19:46:10] 127.0.0.1 /fundcrm/index.php/Home/Role/useraddrole
INFO: [ app_init ] --START--
INFO: Run Behavior\BuildLiteBehavior [ RunTime:0.000000s ]
INFO: Run Behavior\FlashBehaviors [ RunTime:0.000000s ]
INFO: [ app_init ] --END-- [ RunTime:0.000000s ]

[2015-11-07 19:46:10] 127.0.0.1 /fundcrm/index.php/Home/Role/roleUserList/id/1.html
INFO: [ app_init ] --START--
INFO: Run Behavior\BuildLiteBehavior [ RunTime:0.000000s ]
INFO: Run Behavior\FlashBehaviors [ RunTime:0.000000s ]
INFO: [ app_init ] --END-- [ RunTime:0.000000s ]

[2015-11-07 19:46:24] 127.0.0.1 /fundcrm/index.php/Home/login/logout
INFO: [ app_init ] --START--
INFO: Run Behavior\BuildLiteBehavior [ RunTime:0.000000s ]
INFO: Run Behavior\FlashBehaviors [ RunTime:0.000000s ]
INFO: [ app_init ] --END-- [ RunTime:0.000000s ]

[2015-11-07 19:46:26] 127.0.0.1 /fundcrm/index.php/Home/Login/index
INFO: [ app_init ] --START--
INFO: Run Behavior\BuildLiteBehavior [ RunTime:0.000000s ]
INFO: Run Behavior\FlashBehaviors [ RunTime:0.001000s ]
INFO: [ app_init ] --END-- [ RunTime:0.001000s ]

[2015-11-07 19:46:35] 127.0.0.1 /fundcrm/index.php/Home/Login/checkLogin
INFO: [ app_init ] --START--
INFO: Run Behavior\BuildLiteBehavior [ RunTime:0.000000s ]
INFO: Run Behavior\FlashBehaviors [ RunTime:0.000000s ]
INFO: [ app_init ] --END-- [ RunTime:0.000000s ]

[2015-11-07 19:46:37] 127.0.0.1 /fundcrm/index.php/Home/Index/index
INFO: [ app_init ] --START--
INFO: Run Behavior\BuildLiteBehavior [ RunTime:0.000000s ]
INFO: Run Behavior\FlashBehaviors [ RunTime:0.000000s ]
INFO: [ app_init ] --END-- [ RunTime:0.000000s ]

[2015-11-07 19:47:34] 127.0.0.1 /fundcrm/index.php/Home/login/logout
INFO: [ app_init ] --START--
INFO: Run Behavior\BuildLiteBehavior [ RunTime:0.000000s ]
INFO: Run Behavior\FlashBehaviors [ RunTime:0.000000s ]
INFO: [ app_init ] --END-- [ RunTime:0.001000s ]

[2015-11-07 19:47:36] 127.0.0.1 /fundcrm/index.php/Home/Login/index
INFO: [ app_init ] --START--
INFO: Run Behavior\BuildLiteBehavior [ RunTime:0.000000s ]
INFO: Run Behavior\FlashBehaviors [ RunTime:0.000000s ]
INFO: [ app_init ] --END-- [ RunTime:0.000000s ]

[2015-11-07 19:48:49] 127.0.0.1 /fundcrm/index.php/Home/Login/checkLogin
INFO: [ app_init ] --START--
INFO: Run Behavior\BuildLiteBehavior [ RunTime:0.000000s ]
INFO: Run Behavior\FlashBehaviors [ RunTime:0.001000s ]
INFO: [ app_init ] --END-- [ RunTime:0.005000s ]

[2015-11-07 19:48:51] 127.0.0.1 /fundcrm/index.php/Home/Index/index
INFO: [ app_init ] --START--
INFO: Run Behavior\BuildLiteBehavior [ RunTime:0.000000s ]
INFO: Run Behavior\FlashBehaviors [ RunTime:0.000000s ]
INFO: [ app_init ] --END-- [ RunTime:0.000000s ]

[2015-11-07 19:49:21] 127.0.0.1 /fundcrm/index.php/Home/Login/checkLogin
INFO: [ app_init ] --START--
INFO: Run Behavior\BuildLiteBehavior [ RunTime:0.000000s ]
INFO: Run Behavior\FlashBehaviors [ RunTime:0.002000s ]
INFO: [ app_init ] --END-- [ RunTime:0.006000s ]

[2015-11-07 19:49:22] 127.0.0.1 /fundcrm/index.php/Home/Index/index
INFO: [ app_init ] --START--
INFO: Run Behavior\BuildLiteBehavior [ RunTime:0.000000s ]
INFO: Run Behavior\FlashBehaviors [ RunTime:0.000000s ]
INFO: [ app_init ] --END-- [ RunTime:0.000000s ]

[2015-11-07 19:49:44] 127.0.0.1 /fundcrm/index.php/Home/Login/checkLogin
INFO: [ app_init ] --START--
INFO: Run Behavior\BuildLiteBehavior [ RunTime:0.001001s ]
INFO: Run Behavior\FlashBehaviors [ RunTime:0.001000s ]
INFO: [ app_init ] --END-- [ RunTime:0.004001s ]

[2015-11-07 19:49:45] 127.0.0.1 /fundcrm/index.php/Home/Index/index
INFO: [ app_init ] --START--
INFO: Run Behavior\BuildLiteBehavior [ RunTime:0.000000s ]
INFO: Run Behavior\FlashBehaviors [ RunTime:0.000000s ]
INFO: [ app_init ] --END-- [ RunTime:0.000000s ]

[2015-11-07 19:53:08] 127.0.0.1 /fundcrm/index.php/Home/Login/checkLogin
INFO: [ app_init ] --START--
INFO: Run Behavior\BuildLiteBehavior [ RunTime:0.001000s ]
INFO: Run Behavior\FlashBehaviors [ RunTime:0.002001s ]
INFO: [ app_init ] --END-- [ RunTime:15.149867s ]

[2015-11-07 19:54:04] 127.0.0.1 /fundcrm/index.php/Home/Login/checkLogin
INFO: [ app_init ] --START--
INFO: Run Behavior\BuildLiteBehavior [ RunTime:0.000000s ]
INFO: Run Behavior\FlashBehaviors [ RunTime:0.002001s ]
INFO: [ app_init ] --END-- [ RunTime:0.004001s ]

[2015-11-07 19:54:06] 127.0.0.1 /fundcrm/index.php/Home/Index/index
INFO: [ app_init ] --START--
INFO: Run Behavior\BuildLiteBehavior [ RunTime:0.000000s ]
INFO: Run Behavior\FlashBehaviors [ RunTime:0.000000s ]
INFO: [ app_init ] --END-- [ RunTime:0.000000s ]

[2015-11-07 19:57:37] 127.0.0.1 /fundcrm/index.php/Home/Login/checkLogin
INFO: [ app_init ] --START--
INFO: Run Behavior\BuildLiteBehavior [ RunTime:0.000000s ]
INFO: Run Behavior\FlashBehaviors [ RunTime:0.001000s ]
INFO: [ app_init ] --END-- [ RunTime:0.005000s ]

[2015-11-07 19:59:45] 127.0.0.1 /fundcrm/index.php/Home/Login/checkLogin
INFO: [ app_init ] --START--
INFO: Run Behavior\BuildLiteBehavior [ RunTime:0.000000s ]
INFO: Run Behavior\FlashBehaviors [ RunTime:0.001000s ]
INFO: [ app_init ] --END-- [ RunTime:0.005000s ]

[2015-11-07 20:00:44] 127.0.0.1 /fundcrm/index.php/Home/Login/index
INFO: [ app_init ] --START--
INFO: Run Behavior\BuildLiteBehavior [ RunTime:0.000000s ]
INFO: Run Behavior\FlashBehaviors [ RunTime:0.001000s ]
INFO: [ app_init ] --END-- [ RunTime:0.002000s ]

[2015-11-07 20:04:15] 127.0.0.1 /fundcrm/index.php/Home/Login/checkLogin
INFO: [ app_init ] --START--
INFO: Run Behavior\BuildLiteBehavior [ RunTime:0.000000s ]
INFO: Run Behavior\FlashBehaviors [ RunTime:0.000000s ]
INFO: [ app_init ] --END-- [ RunTime:0.001000s ]

[2015-11-07 20:04:16] 127.0.0.1 /fundcrm/index.php/Home/Index/index
INFO: [ app_init ] --START--
INFO: Run Behavior\BuildLiteBehavior [ RunTime:0.000000s ]
INFO: Run Behavior\FlashBehaviors [ RunTime:0.001000s ]
INFO: [ app_init ] --END-- [ RunTime:0.001000s ]

[2015-11-07 20:04:23] 127.0.0.1 /fundcrm/index.php/Home/Role/roleList
INFO: [ app_init ] --START--
INFO: Run Behavior\BuildLiteBehavior [ RunTime:0.000000s ]
INFO: Run Behavior\FlashBehaviors [ RunTime:0.000000s ]
INFO: [ app_init ] --END-- [ RunTime:0.000000s ]

[2015-11-07 20:04:26] 127.0.0.1 /fundcrm/index.php/Home/Role/roleUserList?id=1
INFO: [ app_init ] --START--
INFO: Run Behavior\BuildLiteBehavior [ RunTime:0.000000s ]
INFO: Run Behavior\FlashBehaviors [ RunTime:0.000000s ]
INFO: [ app_init ] --END-- [ RunTime:0.001000s ]

[2015-11-07 20:04:28] 127.0.0.1 /fundcrm/index.php/Home/Role/useraddrole
INFO: [ app_init ] --START--
INFO: Run Behavior\BuildLiteBehavior [ RunTime:0.000000s ]
INFO: Run Behavior\FlashBehaviors [ RunTime:0.001000s ]
INFO: [ app_init ] --END-- [ RunTime:0.001000s ]

[2015-11-07 20:04:28] 127.0.0.1 /fundcrm/index.php/Home/Role/roleUserList/id/1.html
INFO: [ app_init ] --START--
INFO: Run Behavior\BuildLiteBehavior [ RunTime:0.000000s ]
INFO: Run Behavior\FlashBehaviors [ RunTime:0.001000s ]
INFO: [ app_init ] --END-- [ RunTime:0.001000s ]

[2015-11-07 20:04:31] 127.0.0.1 /fundcrm/index.php/Home/Role/roleUserList/id/1.html
INFO: [ app_init ] --START--
INFO: Run Behavior\BuildLiteBehavior [ RunTime:0.000000s ]
INFO: Run Behavior\FlashBehaviors [ RunTime:0.000000s ]
INFO: [ app_init ] --END-- [ RunTime:0.000000s ]

[2015-11-07 20:04:37] 127.0.0.1 /fundcrm/index.php/Home/login/logout
INFO: [ app_init ] --START--
INFO: Run Behavior\BuildLiteBehavior [ RunTime:0.000000s ]
INFO: Run Behavior\FlashBehaviors [ RunTime:0.000000s ]
INFO: [ app_init ] --END-- [ RunTime:0.000000s ]

[2015-11-07 20:04:38] 127.0.0.1 /fundcrm/index.php/Home/Login/index
INFO: [ app_init ] --START--
INFO: Run Behavior\BuildLiteBehavior [ RunTime:0.000000s ]
INFO: Run Behavior\FlashBehaviors [ RunTime:0.000000s ]
INFO: [ app_init ] --END-- [ RunTime:0.000000s ]

[2015-11-07 20:04:49] 127.0.0.1 /fundcrm/index.php/Home/Login/checkLogin
INFO: [ app_init ] --START--
INFO: Run Behavior\BuildLiteBehavior [ RunTime:0.000000s ]
INFO: Run Behavior\FlashBehaviors [ RunTime:0.000000s ]
INFO: [ app_init ] --END-- [ RunTime:0.000000s ]

[2015-11-07 20:04:51] 127.0.0.1 /fundcrm/index.php/Home/Index/index
INFO: [ app_init ] --START--
INFO: Run Behavior\BuildLiteBehavior [ RunTime:0.000000s ]
INFO: Run Behavior\FlashBehaviors [ RunTime:0.000000s ]
INFO: [ app_init ] --END-- [ RunTime:0.000000s ]

[2015-11-07 20:08:40] 127.0.0.1 /fundcrm/index.php/Home/Login/checkLogin
INFO: [ app_init ] --START--
INFO: Run Behavior\BuildLiteBehavior [ RunTime:0.000000s ]
INFO: Run Behavior\FlashBehaviors [ RunTime:0.001000s ]
INFO: [ app_init ] --END-- [ RunTime:0.003000s ]

[2015-11-07 20:08:43] 127.0.0.1 /fundcrm/index.php/Home/Index/index
INFO: [ app_init ] --START--
INFO: Run Behavior\BuildLiteBehavior [ RunTime:0.000000s ]
INFO: Run Behavior\FlashBehaviors [ RunTime:0.000000s ]
INFO: [ app_init ] --END-- [ RunTime:0.000000s ]

[2015-11-07 20:11:14] 127.0.0.1 /fundcrm/index.php/Home/Login/checkLogin
INFO: [ app_init ] --START--
INFO: Run Behavior\BuildLiteBehavior [ RunTime:0.000000s ]
INFO: Run Behavior\FlashBehaviors [ RunTime:0.002000s ]
INFO: [ app_init ] --END-- [ RunTime:0.004000s ]

[2015-11-07 20:11:16] 127.0.0.1 /fundcrm/index.php/Home/Index/index
INFO: [ app_init ] --START--
INFO: Run Behavior\BuildLiteBehavior [ RunTime:0.000000s ]
INFO: Run Behavior\FlashBehaviors [ RunTime:0.001000s ]
INFO: [ app_init ] --END-- [ RunTime:0.001000s ]

[2015-11-07 20:21:13] 127.0.0.1 /fundcrm/index.php/Home/Index/index
INFO: [ app_init ] --START--
INFO: Run Behavior\BuildLiteBehavior [ RunTime:0.000000s ]
INFO: Run Behavior\FlashBehaviors [ RunTime:0.002000s ]
INFO: [ app_init ] --END-- [ RunTime:0.004000s ]

[2015-11-07 20:25:14] 127.0.0.1 /fundcrm/index.php/Home/Index/index
INFO: [ app_init ] --START--
INFO: Run Behavior\BuildLiteBehavior [ RunTime:0.000000s ]
INFO: Run Behavior\FlashBehaviors [ RunTime:0.001000s ]
INFO: [ app_init ] --END-- [ RunTime:0.001000s ]

[2015-11-07 20:25:20] 127.0.0.1 /fundcrm/index.php/Home/login/logout
INFO: [ app_init ] --START--
INFO: Run Behavior\BuildLiteBehavior [ RunTime:0.000000s ]
INFO: Run Behavior\FlashBehaviors [ RunTime:0.000000s ]
INFO: [ app_init ] --END-- [ RunTime:0.000000s ]

[2015-11-07 20:25:21] 127.0.0.1 /fundcrm/index.php/Home/Login/index
INFO: [ app_init ] --START--
INFO: Run Behavior\BuildLiteBehavior [ RunTime:0.000000s ]
INFO: Run Behavior\FlashBehaviors [ RunTime:0.000000s ]
INFO: [ app_init ] --END-- [ RunTime:0.001000s ]

[2015-11-07 20:25:25] 127.0.0.1 /fundcrm/index.php/Home/Login/checkLogin
INFO: [ app_init ] --START--
INFO: Run Behavior\BuildLiteBehavior [ RunTime:0.000000s ]
INFO: Run Behavior\FlashBehaviors [ RunTime:0.000000s ]
INFO: [ app_init ] --END-- [ RunTime:0.001000s ]

[2015-11-07 20:25:27] 127.0.0.1 /fundcrm/index.php/Home/Index/index
INFO: [ app_init ] --START--
INFO: Run Behavior\BuildLiteBehavior [ RunTime:0.000000s ]
INFO: Run Behavior\FlashBehaviors [ RunTime:0.002000s ]
INFO: [ app_init ] --END-- [ RunTime:0.002000s ]

[2015-11-07 20:27:42] 127.0.0.1 /fundcrm/index.php/Home/login/logout
INFO: [ app_init ] --START--
INFO: Run Behavior\BuildLiteBehavior [ RunTime:0.000000s ]
INFO: Run Behavior\FlashBehaviors [ RunTime:0.001000s ]
INFO: [ app_init ] --END-- [ RunTime:0.001000s ]

[2015-11-07 20:27:44] 127.0.0.1 /fundcrm/index.php/Home/Login/index
INFO: [ app_init ] --START--
INFO: Run Behavior\BuildLiteBehavior [ RunTime:0.000000s ]
INFO: Run Behavior\FlashBehaviors [ RunTime:0.001000s ]
INFO: [ app_init ] --END-- [ RunTime:0.001000s ]

[2015-11-07 20:27:48] 127.0.0.1 /fundcrm/index.php/Home/Login/checkLogin
INFO: [ app_init ] --START--
INFO: Run Behavior\BuildLiteBehavior [ RunTime:0.000000s ]
INFO: Run Behavior\FlashBehaviors [ RunTime:0.001000s ]
INFO: [ app_init ] --END-- [ RunTime:0.001000s ]

[2015-11-07 20:27:49] 127.0.0.1 /fundcrm/index.php/Home/Index/index
INFO: [ app_init ] --START--
INFO: Run Behavior\BuildLiteBehavior [ RunTime:0.000000s ]
INFO: Run Behavior\FlashBehaviors [ RunTime:0.001000s ]
INFO: [ app_init ] --END-- [ RunTime:0.001000s ]

[2015-11-07 20:29:10] 127.0.0.1 /fundcrm/index.php/Home/Index/index
INFO: [ app_init ] --START--
INFO: Run Behavior\BuildLiteBehavior [ RunTime:0.000000s ]
INFO: Run Behavior\FlashBehaviors [ RunTime:0.001000s ]
INFO: [ app_init ] --END-- [ RunTime:0.001000s ]

[2015-11-07 20:29:21] 127.0.0.1 /fundcrm/index.php/Home/Index/index
INFO: [ app_init ] --START--
INFO: Run Behavior\BuildLiteBehavior [ RunTime:0.000000s ]
INFO: Run Behavior\FlashBehaviors [ RunTime:0.000000s ]
INFO: [ app_init ] --END-- [ RunTime:0.000000s ]

[2015-11-07 20:29:23] 127.0.0.1 /fundcrm/index.php/Home/Role/roleList
INFO: [ app_init ] --START--
INFO: Run Behavior\BuildLiteBehavior [ RunTime:0.000000s ]
INFO: Run Behavior\FlashBehaviors [ RunTime:0.000000s ]
INFO: [ app_init ] --END-- [ RunTime:0.000000s ]

[2015-11-07 20:29:28] 127.0.0.1 /fundcrm/index.php/Home/User/index
INFO: [ app_init ] --START--
INFO: Run Behavior\BuildLiteBehavior [ RunTime:0.000000s ]
INFO: Run Behavior\FlashBehaviors [ RunTime:0.000000s ]
INFO: [ app_init ] --END-- [ RunTime:0.000000s ]

[2015-11-07 20:33:21] 127.0.0.1 /fundcrm/index.php/Home/Log/logList
INFO: [ app_init ] --START--
INFO: Run Behavior\BuildLiteBehavior [ RunTime:0.000000s ]
INFO: Run Behavior\FlashBehaviors [ RunTime:0.000000s ]
INFO: [ app_init ] --END-- [ RunTime:0.001000s ]
File:F:\zendserver\Apache2\htdocs\fundcrm\ThinkPHP\Library\Think\Db\Driver.class.php(169)  execute  
File:F:\zendserver\Apache2\htdocs\fundcrm\ThinkPHP\Library\Think\Model.class.php(1378)  query  
File:F:\zendserver\Apache2\htdocs\fundcrm\Application\Home\Model\LogModel.class.php(143)  query  
File:F:\zendserver\Apache2\htdocs\fundcrm\Application\Home\Model\LogModel.class.php(125)  getModuleActionFunction  
File:F:\zendserver\Apache2\htdocs\fundcrm\Application\Home\Model\LogModel.class.php(82)  fixLogList  
File:F:\zendserver\Apache2\htdocs\fundcrm\Application\Home\Controller\LogController.class.php(33)  logList  
File:()  logList  
File:F:\zendserver\Apache2\htdocs\fundcrm\ThinkPHP\Library\Think\App.class.php(164)  invoke  
File:F:\zendserver\Apache2\htdocs\fundcrm\ThinkPHP\Library\Think\App.class.php(202)  exec  
File:F:\zendserver\Apache2\htdocs\fundcrm\ThinkPHP\Library\Think\Think.class.php(120)  run  
File:F:\zendserver\Apache2\htdocs\fundcrm\ThinkPHP\ThinkPHP.php(97)  start  
File:F:\zendserver\Apache2\htdocs\fundcrm\index.php(30)  require  
ERR: SQLSTATE[42000]: Syntax error or access violation: 1064 You have an error in your SQL syntax; check the manual that corresponds to your MySQL server version for the right syntax to use near 'AND level = 3' at line 3

[2015-11-07 20:33:46] 127.0.0.1 /fundcrm/index.php/Home/Role/roleList
INFO: [ app_init ] --START--
INFO: Run Behavior\BuildLiteBehavior [ RunTime:0.000000s ]
INFO: Run Behavior\FlashBehaviors [ RunTime:0.000000s ]
INFO: [ app_init ] --END-- [ RunTime:0.000000s ]

[2015-11-07 20:33:49] 127.0.0.1 /fundcrm/index.php/Home/Role/roleAuth?id=1
INFO: [ app_init ] --START--
INFO: Run Behavior\BuildLiteBehavior [ RunTime:0.000000s ]
INFO: Run Behavior\FlashBehaviors [ RunTime:0.000000s ]
INFO: [ app_init ] --END-- [ RunTime:0.000000s ]

[2015-11-07 20:33:59] 127.0.0.1 /fundcrm/index.php/Home/User/index
INFO: [ app_init ] --START--
INFO: Run Behavior\BuildLiteBehavior [ RunTime:0.000000s ]
INFO: Run Behavior\FlashBehaviors [ RunTime:0.000000s ]
INFO: [ app_init ] --END-- [ RunTime:0.001000s ]

[2015-11-07 20:34:09] 127.0.0.1 /fundcrm/index.php/Home/Role/roleList
INFO: [ app_init ] --START--
INFO: Run Behavior\BuildLiteBehavior [ RunTime:0.000000s ]
INFO: Run Behavior\FlashBehaviors [ RunTime:0.000000s ]
INFO: [ app_init ] --END-- [ RunTime:0.000000s ]

[2015-11-07 20:34:11] 127.0.0.1 /fundcrm/index.php/Home/Role/roleEdit?id=1
INFO: [ app_init ] --START--
INFO: Run Behavior\BuildLiteBehavior [ RunTime:0.000000s ]
INFO: Run Behavior\FlashBehaviors [ RunTime:0.001000s ]
INFO: [ app_init ] --END-- [ RunTime:0.001000s ]

[2015-11-07 20:34:27] 127.0.0.1 /fundcrm/index.php/Home/Role/roleEdit?id=1
INFO: [ app_init ] --START--
INFO: Run Behavior\BuildLiteBehavior [ RunTime:0.000000s ]
INFO: Run Behavior\FlashBehaviors [ RunTime:0.001000s ]
INFO: [ app_init ] --END-- [ RunTime:0.001000s ]

[2015-11-07 20:34:27] 127.0.0.1 /fundcrm/index.php/Home/Role/roleEdit/id/1.html
INFO: [ app_init ] --START--
INFO: Run Behavior\BuildLiteBehavior [ RunTime:0.000000s ]
INFO: Run Behavior\FlashBehaviors [ RunTime:0.000000s ]
INFO: [ app_init ] --END-- [ RunTime:0.000000s ]

[2015-11-07 20:34:32] 127.0.0.1 /fundcrm/index.php/Home/Role/roleEdit/id/1.html
INFO: [ app_init ] --START--
INFO: Run Behavior\BuildLiteBehavior [ RunTime:0.000000s ]
INFO: Run Behavior\FlashBehaviors [ RunTime:0.000000s ]
INFO: [ app_init ] --END-- [ RunTime:0.001000s ]

[2015-11-07 20:34:35] 127.0.0.1 /fundcrm/index.php/Home/Role/roleList
INFO: [ app_init ] --START--
INFO: Run Behavior\BuildLiteBehavior [ RunTime:0.000000s ]
INFO: Run Behavior\FlashBehaviors [ RunTime:0.000000s ]
INFO: [ app_init ] --END-- [ RunTime:0.000000s ]

[2015-11-07 20:34:40] 127.0.0.1 /fundcrm/index.php/Home/Role/roleUserList?id=1
INFO: [ app_init ] --START--
INFO: Run Behavior\BuildLiteBehavior [ RunTime:0.000000s ]
INFO: Run Behavior\FlashBehaviors [ RunTime:0.000000s ]
INFO: [ app_init ] --END-- [ RunTime:0.000000s ]

[2015-11-07 20:34:44] 127.0.0.1 /fundcrm/index.php/Home/Role/roleAdd
INFO: [ app_init ] --START--
INFO: Run Behavior\BuildLiteBehavior [ RunTime:0.000000s ]
INFO: Run Behavior\FlashBehaviors [ RunTime:0.000000s ]
INFO: [ app_init ] --END-- [ RunTime:0.001001s ]

[2015-11-07 20:34:54] 127.0.0.1 /fundcrm/index.php/Home/Role/roleAdd
INFO: [ app_init ] --START--
INFO: Run Behavior\BuildLiteBehavior [ RunTime:0.000000s ]
INFO: Run Behavior\FlashBehaviors [ RunTime:0.000000s ]
INFO: [ app_init ] --END-- [ RunTime:0.000000s ]

[2015-11-07 20:34:55] 127.0.0.1 /fundcrm/index.php/Home/Role/roleList.html
INFO: [ app_init ] --START--
INFO: Run Behavior\BuildLiteBehavior [ RunTime:0.000000s ]
INFO: Run Behavior\FlashBehaviors [ RunTime:0.000000s ]
INFO: [ app_init ] --END-- [ RunTime:0.000000s ]

[2015-11-07 20:39:05] 127.0.0.1 /fundcrm/index.php/Home/Role/roleList.html
INFO: [ app_init ] --START--
INFO: Run Behavior\BuildLiteBehavior [ RunTime:0.000000s ]
INFO: Run Behavior\FlashBehaviors [ RunTime:0.000000s ]
INFO: [ app_init ] --END-- [ RunTime:0.000000s ]

[2015-11-07 20:39:07] 127.0.0.1 /fundcrm/index.php/Home/Role/roleDel?id=4
INFO: [ app_init ] --START--
INFO: Run Behavior\BuildLiteBehavior [ RunTime:0.000000s ]
INFO: Run Behavior\FlashBehaviors [ RunTime:0.000000s ]
INFO: [ app_init ] --END-- [ RunTime:0.000000s ]

[2015-11-07 20:39:08] 127.0.0.1 /fundcrm/index.php/Home/Role/roleList.html
INFO: [ app_init ] --START--
INFO: Run Behavior\BuildLiteBehavior [ RunTime:0.000000s ]
INFO: Run Behavior\FlashBehaviors [ RunTime:0.000000s ]
INFO: [ app_init ] --END-- [ RunTime:0.004000s ]

[2015-11-07 20:39:12] 127.0.0.1 /fundcrm/index.php/Home/Role/roleList.html
INFO: [ app_init ] --START--
INFO: Run Behavior\BuildLiteBehavior [ RunTime:0.000000s ]
INFO: Run Behavior\FlashBehaviors [ RunTime:0.001000s ]
INFO: [ app_init ] --END-- [ RunTime:0.001000s ]

[2015-11-07 20:39:19] 127.0.0.1 /fundcrm/index.php/Home/Role/roleAuth?id=1
INFO: [ app_init ] --START--
INFO: Run Behavior\BuildLiteBehavior [ RunTime:0.000000s ]
INFO: Run Behavior\FlashBehaviors [ RunTime:0.000000s ]
INFO: [ app_init ] --END-- [ RunTime:0.000000s ]

[2015-11-07 20:42:27] 127.0.0.1 /fundcrm/index.php/Home/Role/roleAuth?id=1
INFO: [ app_init ] --START--
INFO: Run Behavior\BuildLiteBehavior [ RunTime:0.000000s ]
INFO: Run Behavior\FlashBehaviors [ RunTime:0.000000s ]
INFO: [ app_init ] --END-- [ RunTime:0.000000s ]

[2015-11-07 20:42:31] 127.0.0.1 /fundcrm/index.php/Home/Node/nodeList
INFO: [ app_init ] --START--
INFO: Run Behavior\BuildLiteBehavior [ RunTime:0.000000s ]
INFO: Run Behavior\FlashBehaviors [ RunTime:0.001000s ]
INFO: [ app_init ] --END-- [ RunTime:0.002000s ]
File:F:\zendserver\Apache2\htdocs\fundcrm\ThinkPHP\Library\Think\App.class.php(101)  E  
File:F:\zendserver\Apache2\htdocs\fundcrm\ThinkPHP\Library\Think\App.class.php(202)  exec  
File:F:\zendserver\Apache2\htdocs\fundcrm\ThinkPHP\Library\Think\Think.class.php(120)  run  
File:F:\zendserver\Apache2\htdocs\fundcrm\ThinkPHP\ThinkPHP.php(97)  start  
File:F:\zendserver\Apache2\htdocs\fundcrm\index.php(30)  require  
ERR: :Node

[2015-11-07 20:43:53] 127.0.0.1 /fundcrm/index.php/Home/User/index
INFO: [ app_init ] --START--
INFO: Run Behavior\BuildLiteBehavior [ RunTime:0.000000s ]
INFO: Run Behavior\FlashBehaviors [ RunTime:0.000000s ]
INFO: [ app_init ] --END-- [ RunTime:0.000000s ]

[2015-11-07 20:46:53] 127.0.0.1 /fundcrm/index.php/Home/User/index
INFO: [ app_init ] --START--
INFO: Run Behavior\BuildLiteBehavior [ RunTime:0.000000s ]
INFO: Run Behavior\FlashBehaviors [ RunTime:0.001000s ]
INFO: [ app_init ] --END-- [ RunTime:0.001000s ]

[2015-11-07 20:46:57] 127.0.0.1 /fundcrm/index.php/Home/Node/nodeList
INFO: [ app_init ] --START--
INFO: Run Behavior\BuildLiteBehavior [ RunTime:0.000000s ]
INFO: Run Behavior\FlashBehaviors [ RunTime:0.000000s ]
INFO: [ app_init ] --END-- [ RunTime:0.003001s ]
File:F:\zendserver\Apache2\htdocs\fundcrm\ThinkPHP\Library\Think\Controller.class.php(170)  E  
File:()  __call  
File:F:\zendserver\Apache2\htdocs\fundcrm\ThinkPHP\Library\Think\App.class.php(180)  invokeArgs  
File:F:\zendserver\Apache2\htdocs\fundcrm\ThinkPHP\Library\Think\App.class.php(202)  exec  
File:F:\zendserver\Apache2\htdocs\fundcrm\ThinkPHP\Library\Think\Think.class.php(120)  run  
File:F:\zendserver\Apache2\htdocs\fundcrm\ThinkPHP\ThinkPHP.php(97)  start  
File:F:\zendserver\Apache2\htdocs\fundcrm\index.php(30)  require  
ERR: :nodeList

[2015-11-07 20:48:03] 127.0.0.1 /fundcrm/index.php/Home/Node/nodeList
INFO: [ app_init ] --START--
INFO: Run Behavior\BuildLiteBehavior [ RunTime:0.000000s ]
INFO: Run Behavior\FlashBehaviors [ RunTime:0.000000s ]
INFO: [ app_init ] --END-- [ RunTime:0.000000s ]
File:F:\zendserver\Apache2\htdocs\fundcrm\ThinkPHP\Library\Think\View.class.php(110)  E  
File:F:\zendserver\Apache2\htdocs\fundcrm\ThinkPHP\Library\Think\View.class.php(72)  fetch  
File:F:\zendserver\Apache2\htdocs\fundcrm\ThinkPHP\Library\Think\Controller.class.php(56)  display  
File:F:\zendserver\Apache2\htdocs\fundcrm\Application\Home\Controller\NodeController.class.php(14)  display  
File:()  nodeList  
File:F:\zendserver\Apache2\htdocs\fundcrm\ThinkPHP\Library\Think\App.class.php(164)  invoke  
File:F:\zendserver\Apache2\htdocs\fundcrm\ThinkPHP\Library\Think\App.class.php(202)  exec  
File:F:\zendserver\Apache2\htdocs\fundcrm\ThinkPHP\Library\Think\Think.class.php(120)  run  
File:F:\zendserver\Apache2\htdocs\fundcrm\ThinkPHP\ThinkPHP.php(97)  start  
File:F:\zendserver\Apache2\htdocs\fundcrm\index.php(30)  require  
ERR: :./Application/Home/View/Node/nodeList.html

[2015-11-07 20:50:00] 127.0.0.1 /fundcrm/index.php/Home/Node/nodeList
INFO: [ app_init ] --START--
INFO: Run Behavior\BuildLiteBehavior [ RunTime:0.000000s ]
INFO: Run Behavior\FlashBehaviors [ RunTime:0.001000s ]
INFO: [ app_init ] --END-- [ RunTime:0.001000s ]

[2015-11-07 21:00:12] 127.0.0.1 /fundcrm/index.php/Home/User/index
INFO: [ app_init ] --START--
INFO: Run Behavior\BuildLiteBehavior [ RunTime:0.000000s ]
INFO: Run Behavior\FlashBehaviors [ RunTime:0.000000s ]
INFO: [ app_init ] --END-- [ RunTime:0.001000s ]

[2015-11-07 21:03:51] 127.0.0.1 /fundcrm/index.php/Home/User/index
INFO: [ app_init ] --START--
INFO: Run Behavior\BuildLiteBehavior [ RunTime:0.000000s ]
INFO: Run Behavior\FlashBehaviors [ RunTime:0.000000s ]
INFO: [ app_init ] --END-- [ RunTime:0.001000s ]

[2015-11-07 21:16:40] 127.0.0.1 /fundcrm/index.php/Home/User/index
INFO: [ app_init ] --START--
INFO: Run Behavior\BuildLiteBehavior [ RunTime:0.000000s ]
INFO: Run Behavior\FlashBehaviors [ RunTime:0.000000s ]
INFO: [ app_init ] --END-- [ RunTime:0.001000s ]

[2015-11-07 21:18:22] 127.0.0.1 /fundcrm/index.php/Home/User/index
INFO: [ app_init ] --START--
INFO: Run Behavior\BuildLiteBehavior [ RunTime:0.000000s ]
INFO: Run Behavior\FlashBehaviors [ RunTime:0.000000s ]
INFO: [ app_init ] --END-- [ RunTime:0.000000s ]

[2015-11-07 21:18:42] 127.0.0.1 /fundcrm/index.php/Home/User/index
INFO: [ app_init ] --START--
INFO: Run Behavior\BuildLiteBehavior [ RunTime:0.000000s ]
INFO: Run Behavior\FlashBehaviors [ RunTime:0.000000s ]
INFO: [ app_init ] --END-- [ RunTime:0.001000s ]

[2015-11-07 21:21:53] 127.0.0.1 /fundcrm/index.php/Home/User/index
INFO: [ app_init ] --START--
INFO: Run Behavior\BuildLiteBehavior [ RunTime:0.000000s ]
INFO: Run Behavior\FlashBehaviors [ RunTime:0.000000s ]
INFO: [ app_init ] --END-- [ RunTime:0.001000s ]

[2015-11-07 21:23:15] 127.0.0.1 /fundcrm/index.php/Home/User/index
INFO: [ app_init ] --START--
INFO: Run Behavior\BuildLiteBehavior [ RunTime:0.000000s ]
INFO: Run Behavior\FlashBehaviors [ RunTime:0.000000s ]
INFO: [ app_init ] --END-- [ RunTime:0.001000s ]

[2015-11-07 21:27:39] 127.0.0.1 /fundcrm/index.php/Home/User/index
INFO: [ app_init ] --START--
INFO: Run Behavior\BuildLiteBehavior [ RunTime:0.000000s ]
INFO: Run Behavior\FlashBehaviors [ RunTime:0.001000s ]
INFO: [ app_init ] --END-- [ RunTime:0.001000s ]

[2015-11-07 21:28:02] 127.0.0.1 /fundcrm/index.php/Home/User/index
INFO: [ app_init ] --START--
INFO: Run Behavior\BuildLiteBehavior [ RunTime:0.000000s ]
INFO: Run Behavior\FlashBehaviors [ RunTime:0.000000s ]
INFO: [ app_init ] --END-- [ RunTime:0.000000s ]

[2015-11-07 21:40:17] 127.0.0.1 /fundcrm/index.php/Home/User/index
INFO: [ app_init ] --START--
INFO: Run Behavior\BuildLiteBehavior [ RunTime:0.000000s ]
INFO: Run Behavior\FlashBehaviors [ RunTime:0.001000s ]
INFO: [ app_init ] --END-- [ RunTime:0.001000s ]

[2015-11-07 21:54:37] 127.0.0.1 /fundcrm/index.php/Home/User/index
INFO: [ app_init ] --START--
INFO: Run Behavior\BuildLiteBehavior [ RunTime:0.000000s ]
INFO: Run Behavior\FlashBehaviors [ RunTime:0.004000s ]
INFO: [ app_init ] --END-- [ RunTime:0.005000s ]
File:F:\zendserver\Apache2\htdocs\fundcrm\ThinkPHP\Library\Think\Model.class.php(245)  E  
File:F:\zendserver\Apache2\htdocs\fundcrm\Application\Home\Model\UserModel.class.php(18)  __call  
File:F:\zendserver\Apache2\htdocs\fundcrm\Application\Home\Model\UserModel.class.php(18)  filed  
File:F:\zendserver\Apache2\htdocs\fundcrm\Application\Home\Controller\UserController.class.php(19)  get_user_list  
File:()  index  
File:F:\zendserver\Apache2\htdocs\fundcrm\ThinkPHP\Library\Think\App.class.php(164)  invoke  
File:F:\zendserver\Apache2\htdocs\fundcrm\ThinkPHP\Library\Think\App.class.php(202)  exec  
File:F:\zendserver\Apache2\htdocs\fundcrm\ThinkPHP\Library\Think\Think.class.php(120)  run  
File:F:\zendserver\Apache2\htdocs\fundcrm\ThinkPHP\ThinkPHP.php(97)  start  
File:F:\zendserver\Apache2\htdocs\fundcrm\index.php(30)  require  
ERR: Think\Model:filed

[2015-11-07 21:54:57] 127.0.0.1 /fundcrm/index.php/Home/User/index
INFO: [ app_init ] --START--
INFO: Run Behavior\BuildLiteBehavior [ RunTime:0.000000s ]
INFO: Run Behavior\FlashBehaviors [ RunTime:0.001000s ]
INFO: [ app_init ] --END-- [ RunTime:0.001000s ]

[2015-11-07 21:57:14] 127.0.0.1 /fundcrm/index.php/Home/User/index
INFO: [ app_init ] --START--
INFO: Run Behavior\BuildLiteBehavior [ RunTime:0.000000s ]
INFO: Run Behavior\FlashBehaviors [ RunTime:0.000000s ]
INFO: [ app_init ] --END-- [ RunTime:0.001000s ]

[2015-11-07 21:57:58] 127.0.0.1 /fundcrm/index.php/Home/User/index
INFO: [ app_init ] --START--
INFO: Run Behavior\BuildLiteBehavior [ RunTime:0.000000s ]
INFO: Run Behavior\FlashBehaviors [ RunTime:0.000000s ]
INFO: [ app_init ] --END-- [ RunTime:0.001000s ]

[2015-11-07 21:58:02] 127.0.0.1 /fundcrm/index.php/Home/User/index/p/2.html
INFO: [ app_init ] --START--
INFO: Run Behavior\BuildLiteBehavior [ RunTime:0.000000s ]
INFO: Run Behavior\FlashBehaviors [ RunTime:0.000000s ]
INFO: [ app_init ] --END-- [ RunTime:0.001000s ]

