[2015-11-26 23:26:32] 127.0.0.1 /jjtrqgl/index.php/District/addDistict
INFO: [ app_init ] --START--
INFO: Run Behavior\BuildLiteBehavior [ RunTime:0.000000s ]
INFO: Run Behavior\FlashBehaviors [ RunTime:0.000000s ]
INFO: [ app_init ] --END-- [ RunTime:0.000000s ]
File:F:\zendserver\Apache2\htdocs\jjtrqgl\ThinkPHP\Library\Think\Dispatcher.class.php(176)  E  
File:F:\zendserver\Apache2\htdocs\jjtrqgl\ThinkPHP\Library\Think\App.class.php(38)  dispatch  
File:F:\zendserver\Apache2\htdocs\jjtrqgl\ThinkPHP\Library\Think\App.class.php(193)  init  
File:F:\zendserver\Apache2\htdocs\jjtrqgl\ThinkPHP\Library\Think\Think.class.php(120)  run  
File:F:\zendserver\Apache2\htdocs\jjtrqgl\ThinkPHP\ThinkPHP.php(97)  start  
File:F:\zendserver\Apache2\htdocs\jjtrqgl\index.php(30)  require  
ERR: 无法加载模块:District

[2015-11-26 23:27:06] 127.0.0.1 /jjtrqgl/index.php/District/addDistict
INFO: [ app_init ] --START--
INFO: Run Behavior\BuildLiteBehavior [ RunTime:0.000000s ]
INFO: Run Behavior\FlashBehaviors [ RunTime:0.000000s ]
INFO: [ app_init ] --END-- [ RunTime:0.000000s ]
File:F:\zendserver\Apache2\htdocs\jjtrqgl\ThinkPHP\Library\Think\Dispatcher.class.php(176)  E  
File:F:\zendserver\Apache2\htdocs\jjtrqgl\ThinkPHP\Library\Think\App.class.php(38)  dispatch  
File:F:\zendserver\Apache2\htdocs\jjtrqgl\ThinkPHP\Library\Think\App.class.php(193)  init  
File:F:\zendserver\Apache2\htdocs\jjtrqgl\ThinkPHP\Library\Think\Think.class.php(120)  run  
File:F:\zendserver\Apache2\htdocs\jjtrqgl\ThinkPHP\ThinkPHP.php(97)  start  
File:F:\zendserver\Apache2\htdocs\jjtrqgl\index.php(30)  require  
ERR: 无法加载模块:District

