2015-11-08 12:06:34  2015-11-08 12:06:34  0
  SELECT count(id) as num   FROM t_log  WHERE nickname like '%%'  AND ctime < '2015-11-08 12:06:34'   AND ctime >= '2000-01-01 00:00:00'  



2015-11-08 12:06:34  2015-11-08 12:06:34  0
   SELECT id
				,nickname
				,ctime
				,module
				,action
				,function
				,parameter
				 FROM t_log  WHERE nickname like '%%'  AND ctime < '2015-11-08 12:06:34'   AND ctime >= '2000-01-01 00:00:00'   ORDER BY ctime DESC  LIMIT 20 offset 0 



2015-11-08 12:06:34  2015-11-08 12:06:34  0
   SELECT id,title FROM t_node WHERE name LIKE 'Home' 
				AND pid = 0
				AND level = 1 



2015-11-08 12:06:34  2015-11-08 12:06:34  0
   SELECT id,title FROM t_node WHERE name LIKE 'User' 
				AND pid = 1
				AND level = 2 



2015-11-08 12:09:13  2015-11-08 12:09:13  0
  SELECT count(id) as num   FROM t_log  WHERE nickname like '%%'  AND ctime < '2015-11-08 12:08:42'   AND ctime >= '2000-01-01 00:00:00'  



2015-11-08 12:09:42  2015-11-08 12:09:42  0
   SELECT id
				,nickname
				,ctime
				,module
				,action
				,function
				,parameter
				 FROM t_log  WHERE nickname like '%%'  AND ctime < '2015-11-08 12:08:42'   AND ctime >= '2000-01-01 00:00:00'   ORDER BY ctime DESC  LIMIT 20 offset 0 



2015-11-08 12:10:22  2015-11-08 12:10:22  0
   SELECT id,title FROM t_node WHERE name LIKE 'Home' 
				AND pid = 0
				AND level = 1 



2015-11-08 12:10:45  2015-11-08 12:10:46  1
   SELECT id,title FROM t_node WHERE name LIKE 'User' 
				AND pid = 1
				AND level = 2 



2015-11-08 12:13:17  2015-11-08 12:13:17  0
  SELECT count(id) as num   FROM t_log  WHERE nickname like '%%'  AND ctime < '2015-11-08 12:13:17'   AND ctime >= '2000-01-01 00:00:00'  



2015-11-08 12:13:17  2015-11-08 12:13:17  0
   SELECT id
				,nickname
				,ctime
				,module
				,action
				,function
				,parameter
				 FROM t_log  WHERE nickname like '%%'  AND ctime < '2015-11-08 12:13:17'   AND ctime >= '2000-01-01 00:00:00'   ORDER BY ctime DESC  LIMIT 20 offset 0 



2015-11-08 12:13:26  2015-11-08 12:13:26  0
  SELECT count(id) as num   FROM t_log  WHERE nickname like '%%'  AND ctime < '2015-11-08 12:13:17'   AND ctime >= '2000-01-01 00:00:00'  



2015-11-08 12:13:26  2015-11-08 12:13:27  1
   SELECT id
				,nickname
				,ctime
				,module
				,action
				,function
				,parameter
				 FROM t_log  WHERE nickname like '%%'  AND ctime < '2015-11-08 12:13:17'   AND ctime >= '2000-01-01 00:00:00'   ORDER BY ctime DESC  LIMIT 20 offset 160 



2015-11-08 12:15:03  2015-11-08 12:15:03  0
  SELECT count(id) as num   FROM t_log  WHERE nickname like '%%'  AND ctime < '2015-11-08 12:15:02'   AND ctime >= '2000-01-01 00:00:00'  



2015-11-08 12:15:04  2015-11-08 12:15:04  0
   SELECT id
				,nickname
				,ctime
				,module
				,action
				,function
				,parameter
				 FROM t_log  WHERE nickname like '%%'  AND ctime < '2015-11-08 12:15:02'   AND ctime >= '2000-01-01 00:00:00'   ORDER BY ctime DESC  LIMIT 20 offset 0 



2015-11-08 12:16:00  2015-11-08 12:16:00  0
  SELECT count(id) as num   FROM t_log  WHERE nickname like '%%'  AND ctime < '2015-11-08 12:13:17'   AND ctime >= '2000-01-01 00:00:00'  



2015-11-08 12:16:00  2015-11-08 12:16:00  0
   SELECT id
				,nickname
				,ctime
				,module
				,action
				,function
				,parameter
				 FROM t_log  WHERE nickname like '%%'  AND ctime < '2015-11-08 12:13:17'   AND ctime >= '2000-01-01 00:00:00'   ORDER BY ctime DESC  LIMIT 20 offset 160 



2015-11-08 12:17:00  2015-11-08 12:17:00  0
  SELECT count(id) as num   FROM t_log  WHERE nickname like '%%'  AND ctime < '2015-11-08 12:17:00'   AND ctime >= '2000-01-01 00:00:00'  



2015-11-08 12:17:00  2015-11-08 12:17:00  0
   SELECT id
				,nickname
				,ctime
				,module
				,action
				,function
				,parameter
				 FROM t_log  WHERE nickname like '%%'  AND ctime < '2015-11-08 12:17:00'   AND ctime >= '2000-01-01 00:00:00'   ORDER BY ctime DESC  LIMIT 20 offset 0 



