[ 2015-05-29T11:19:26+08:00 ] 127.0.0.1 /fundcrm/index.php/Hefm/Order/orderlist
INFO: [ app_init ] --START--
INFO: Run Behavior\BuildLiteBehavior [ RunTime:0.000000s ]
INFO: Run Behavior\FlashBehaviors [ RunTime:0.000000s ]
INFO: [ app_init ] --END-- [ RunTime:0.000000s ]
INFO: [ app_begin ] --START--
INFO: Run Behavior\ReadHtmlCacheBehavior [ RunTime:0.000000s ]
INFO: [ app_begin ] --END-- [ RunTime:0.000000s ]
SQL: SELECT COUNT(*) AS tp_count FROM t_order LIMIT 1   [ RunTime:0.0150s ]
SQL: select o.id,o.ctime,o.mtime,o.custname,o.amount,o.orderlevel,o.status,u.nickname
            from t_order o left join t_user u on o.user_id=o.id
            limit 20 offset 0 [ RunTime:0.0140s ]
INFO: [ view_parse ] --START--
ERR: 模板不存在:./Application/Hefm/View/layout.html

[ 2015-05-29T11:19:40+08:00 ] 127.0.0.1 /fundcrm/index.php/Hefm/Order/orderList
INFO: [ app_init ] --START--
INFO: Run Behavior\BuildLiteBehavior [ RunTime:0.000000s ]
INFO: Run Behavior\FlashBehaviors [ RunTime:0.000000s ]
INFO: [ app_init ] --END-- [ RunTime:0.000000s ]
INFO: [ app_begin ] --START--
INFO: Run Behavior\ReadHtmlCacheBehavior [ RunTime:0.000000s ]
INFO: [ app_begin ] --END-- [ RunTime:0.000000s ]
SQL: SELECT COUNT(*) AS tp_count FROM t_order LIMIT 1   [ RunTime:0.0280s ]
SQL: select o.id,o.ctime,o.mtime,o.custname,o.amount,o.orderlevel,o.status,u.nickname
            from t_order o left join t_user u on o.user_id=o.id
            limit 20 offset 0 [ RunTime:0.0370s ]
INFO: [ view_parse ] --START--
ERR: 模板不存在:./Application/Hefm/View/layout.html

[ 2015-05-29T17:24:12+08:00 ] 127.0.0.1 /fundcrm/index.php/Hefm/order/orderList
INFO: [ app_init ] --START--
INFO: Run Behavior\BuildLiteBehavior [ RunTime:0.000000s ]
INFO: Run Behavior\FlashBehaviors [ RunTime:0.001000s ]
INFO: [ app_init ] --END-- [ RunTime:0.001000s ]
INFO: [ app_begin ] --START--
INFO: Run Behavior\ReadHtmlCacheBehavior [ RunTime:0.000000s ]
INFO: [ app_begin ] --END-- [ RunTime:0.000000s ]
SQL: select node.id,node.name,access.module from t_role as role,t_role_user as userrole,t_access as access ,t_node as node where userrole.user_id='26' and userrole.role_id=role.id and ( access.role_id=role.id  or (access.role_id=role.pid and role.pid!=0 ) ) and role.status=1 and access.node_id=node.id and node.level=1 and node.status=1 [ RunTime:0.0110s ]
SQL: select node.id,node.name from t_role as role,t_role_user as userrole,t_access as access ,t_node as node where userrole.user_id='26' and userrole.role_id=role.id and ( access.role_id=role.id  or (access.role_id=role.pid and role.pid!=0 ) ) and role.status=1 and access.node_id=node.id and node.level=2 and node.pid=2 and node.status=1 [ RunTime:0.0060s ]
SQL: select node.id,node.name from t_role as role,t_role_user as userrole,t_access as access ,t_node as node where userrole.user_id='26' and userrole.role_id=role.id and ( access.role_id=role.id  or (access.role_id=role.pid and role.pid!=0 ) ) and role.status=1 and access.node_id=node.id and node.level=3 and node.pid=3 and node.status=1 [ RunTime:0.0060s ]
SQL: select node.id,node.name from t_role as role,t_role_user as userrole,t_access as access ,t_node as node where userrole.user_id='26' and userrole.role_id=role.id and ( access.role_id=role.id  or (access.role_id=role.pid and role.pid!=0 ) ) and role.status=1 and access.node_id=node.id and node.level=3 and node.pid=8 and node.status=1 [ RunTime:0.0080s ]
SQL: select node.id,node.name from t_role as role,t_role_user as userrole,t_access as access ,t_node as node where userrole.user_id='26' and userrole.role_id=role.id and ( access.role_id=role.id  or (access.role_id=role.pid and role.pid!=0 ) ) and role.status=1 and access.node_id=node.id and node.level=3 and node.pid=9 and node.status=1 [ RunTime:0.0060s ]
SQL: select node.id,node.name from t_role as role,t_role_user as userrole,t_access as access ,t_node as node where userrole.user_id='26' and userrole.role_id=role.id and ( access.role_id=role.id  or (access.role_id=role.pid and role.pid!=0 ) ) and role.status=1 and access.node_id=node.id and node.level=3 and node.pid=10 and node.status=1 [ RunTime:0.0060s ]
SQL: select node.id,node.name from t_role as role,t_role_user as userrole,t_access as access ,t_node as node where userrole.user_id='26' and userrole.role_id=role.id and ( access.role_id=role.id  or (access.role_id=role.pid and role.pid!=0 ) ) and role.status=1 and access.node_id=node.id and node.level=3 and node.pid=11 and node.status=1 [ RunTime:0.0080s ]
SQL: select node.id,node.name from t_role as role,t_role_user as userrole,t_access as access ,t_node as node where userrole.user_id='26' and userrole.role_id=role.id and ( access.role_id=role.id  or (access.role_id=role.pid and role.pid!=0 ) ) and role.status=1 and access.node_id=node.id and node.level=2 and node.pid=4 and node.status=1 [ RunTime:0.0070s ]
SQL: select node.id,node.name from t_role as role,t_role_user as userrole,t_access as access ,t_node as node where userrole.user_id='26' and userrole.role_id=role.id and ( access.role_id=role.id  or (access.role_id=role.pid and role.pid!=0 ) ) and role.status=1 and access.node_id=node.id and node.level=2 and node.pid=5 and node.status=1 [ RunTime:0.0060s ]
SQL: select node.id,node.name from t_role as role,t_role_user as userrole,t_access as access ,t_node as node where userrole.user_id='26' and userrole.role_id=role.id and ( access.role_id=role.id  or (access.role_id=role.pid and role.pid!=0 ) ) and role.status=1 and access.node_id=node.id and node.level=2 and node.pid=12 and node.status=1 [ RunTime:0.0070s ]
SQL: SELECT COUNT(*) AS tp_count FROM t_order LIMIT 1   [ RunTime:0.0070s ]
SQL: select o.id,o.ctime,o.mtime,o.custname,o.amount,o.orderlevel,o.status,u.nickname
            from t_order o left join t_user u on o.user_id=o.id
            limit 20 offset 0 [ RunTime:0.0070s ]
INFO: [ view_parse ] --START--
ERR: 模板不存在:./Application/Hefm/View/layout.html

