[ 2015-06-08T10:17:35+08:00 ] 127.0.0.1 /fundcrm/index.php/Hefm/Order/orderlist
INFO: [ app_init ] --START--
INFO: Run Behavior\BuildLiteBehavior [ RunTime:0.000000s ]
INFO: Run Behavior\FlashBehaviors [ RunTime:0.001000s ]
INFO: [ app_init ] --END-- [ RunTime:0.001000s ]
INFO: [ app_begin ] --START--
INFO: Run Behavior\ReadHtmlCacheBehavior [ RunTime:0.000000s ]
INFO: [ app_begin ] --END-- [ RunTime:0.000000s ]
NOTIC: [8] Undefined index: authId D:\phpworkspace\fundcrm\Application\Hefm\Controller\OrderController.class.php 第 15 行.
SQL: SELECT COUNT(*) AS tp_count FROM t_order LIMIT 1   [ RunTime:0.0070s ]
SQL: select user_id from t_role_user where role_id = 3 [ RunTime:0.0060s ]
NOTIC: [2] in_array() expects parameter 2 to be array, null given D:\phpworkspace\fundcrm\Application\Hefm\Model\OrderModel.class.php 第 22 行.
ERR: SQLSTATE[42601]: Syntax error: 7 ERROR:  syntax error at or near "limit"
LINE 3:             limit 1 offset 0
                    ^

[ 2015-06-08T10:17:51+08:00 ] 127.0.0.1 /fundcrm/index.php/Hefm/Order/orderlist
INFO: [ app_init ] --START--
INFO: Run Behavior\BuildLiteBehavior [ RunTime:0.000000s ]
INFO: Run Behavior\FlashBehaviors [ RunTime:0.000000s ]
INFO: [ app_init ] --END-- [ RunTime:0.000000s ]
INFO: [ app_begin ] --START--
INFO: Run Behavior\ReadHtmlCacheBehavior [ RunTime:0.000000s ]
INFO: [ app_begin ] --END-- [ RunTime:0.000000s ]

[ 2015-06-08T10:18:22+08:00 ] 127.0.0.1 /fundcrm/index.php/Hefm/Order/orderlist
INFO: [ app_init ] --START--
INFO: Run Behavior\BuildLiteBehavior [ RunTime:0.000000s ]
INFO: Run Behavior\FlashBehaviors [ RunTime:0.000000s ]
INFO: [ app_init ] --END-- [ RunTime:0.000000s ]
INFO: [ app_begin ] --START--
INFO: Run Behavior\ReadHtmlCacheBehavior [ RunTime:0.001000s ]
INFO: [ app_begin ] --END-- [ RunTime:0.001000s ]
SQL: select node.id,node.name from t_role as role,t_role_user as userrole,t_access as access ,t_node as node where userrole.user_id='1' and userrole.role_id=role.id and ( access.role_id=role.id  or (access.role_id=role.pid and role.pid!=0 ) ) and role.status=1 and access.node_id=node.id and node.level=1 and node.status=1 [ RunTime:0.0090s ]
SQL: select node.id,node.name from t_role as role,t_role_user as userrole,t_access as access ,t_node as node where userrole.user_id='1' and userrole.role_id=role.id and ( access.role_id=role.id  or (access.role_id=role.pid and role.pid!=0 ) ) and role.status=1 and access.node_id=node.id and node.level=2 and node.pid=18 and node.status=1 [ RunTime:0.0060s ]
SQL: select node.id,node.name from t_role as role,t_role_user as userrole,t_access as access ,t_node as node where userrole.user_id='1' and userrole.role_id=role.id and ( access.role_id=role.id  or (access.role_id=role.pid and role.pid!=0 ) ) and role.status=1 and access.node_id=node.id and node.level=3 and node.pid=19 and node.status=1 [ RunTime:0.0060s ]
SQL: select node.id,node.name from t_role as role,t_role_user as userrole,t_access as access ,t_node as node where userrole.user_id='1' and userrole.role_id=role.id and ( access.role_id=role.id  or (access.role_id=role.pid and role.pid!=0 ) ) and role.status=1 and access.node_id=node.id and node.level=3 and node.pid=24 and node.status=1 [ RunTime:0.0070s ]
SQL: select node.id,node.name from t_role as role,t_role_user as userrole,t_access as access ,t_node as node where userrole.user_id='1' and userrole.role_id=role.id and ( access.role_id=role.id  or (access.role_id=role.pid and role.pid!=0 ) ) and role.status=1 and access.node_id=node.id and node.level=2 and node.pid=30 and node.status=1 [ RunTime:0.0060s ]
SQL: select node.id,node.name from t_role as role,t_role_user as userrole,t_access as access ,t_node as node where userrole.user_id='1' and userrole.role_id=role.id and ( access.role_id=role.id  or (access.role_id=role.pid and role.pid!=0 ) ) and role.status=1 and access.node_id=node.id and node.level=3 and node.pid=28 and node.status=1 [ RunTime:0.0090s ]
SQL: SELECT COUNT(*) AS tp_count FROM t_order LIMIT 1   [ RunTime:0.0070s ]
SQL: select user_id from t_role_user where role_id = 3 [ RunTime:0.0060s ]
NOTIC: [2] in_array() expects parameter 2 to be array, null given D:\phpworkspace\fundcrm\Application\Hefm\Model\OrderModel.class.php 第 22 行.
SQL: select o.id,o.ctime,o.mtime,o.custname,o.amount,o.orderlevel,o.status,u.nickname
            from t_order o left join t_user u on o.user_id=u.id where o.user_id=1
            limit 1 offset 0 [ RunTime:0.0070s ]
SQL: select u.id,u.nickname from t_user u,t_role_user ru where ru.role_id=3 and u.id=ru.user_id [ RunTime:0.0050s ]
INFO: [ view_parse ] --START--
INFO: [ template_filter ] --START--
INFO: Run Behavior\ContentReplaceBehavior [ RunTime:0.000000s ]
INFO: [ template_filter ] --END-- [ RunTime:0.001001s ]
NOTIC: [8] Undefined variable: page_title D:\phpworkspace\fundcrm\Application\Runtime\Cache\Hefm\2c5a0e7c869de7976992d67fc15dd391.php 第 6 行.
NOTIC: [8] Undefined variable: page_description D:\phpworkspace\fundcrm\Application\Runtime\Cache\Hefm\2c5a0e7c869de7976992d67fc15dd391.php 第 8 行.
INFO: Run Behavior\ParseTemplateBehavior [ RunTime:0.016001s ]
INFO: [ view_parse ] --END-- [ RunTime:0.016001s ]
INFO: [ view_filter ] --START--
INFO: Run Behavior\WriteHtmlCacheBehavior [ RunTime:0.001000s ]
INFO: [ view_filter ] --END-- [ RunTime:0.001000s ]
INFO: [ app_end ] --START--
INFO: Run Behavior\ShowPageTraceBehavior [ RunTime:0.000000s ]
INFO: [ app_end ] --END-- [ RunTime:0.000000s ]

[ 2015-06-08T10:18:36+08:00 ] 127.0.0.1 /fundcrm/index.php/Hefm/Order/orderlist
INFO: [ app_init ] --START--
INFO: Run Behavior\BuildLiteBehavior [ RunTime:0.000000s ]
INFO: Run Behavior\FlashBehaviors [ RunTime:0.000000s ]
INFO: [ app_init ] --END-- [ RunTime:0.000000s ]
INFO: [ app_begin ] --START--
INFO: Run Behavior\ReadHtmlCacheBehavior [ RunTime:0.001000s ]
INFO: [ app_begin ] --END-- [ RunTime:0.001000s ]
SQL: select node.id,node.name from t_role as role,t_role_user as userrole,t_access as access ,t_node as node where userrole.user_id='1' and userrole.role_id=role.id and ( access.role_id=role.id  or (access.role_id=role.pid and role.pid!=0 ) ) and role.status=1 and access.node_id=node.id and node.level=1 and node.status=1 [ RunTime:0.0080s ]
SQL: select node.id,node.name from t_role as role,t_role_user as userrole,t_access as access ,t_node as node where userrole.user_id='1' and userrole.role_id=role.id and ( access.role_id=role.id  or (access.role_id=role.pid and role.pid!=0 ) ) and role.status=1 and access.node_id=node.id and node.level=2 and node.pid=18 and node.status=1 [ RunTime:0.0070s ]
SQL: select node.id,node.name from t_role as role,t_role_user as userrole,t_access as access ,t_node as node where userrole.user_id='1' and userrole.role_id=role.id and ( access.role_id=role.id  or (access.role_id=role.pid and role.pid!=0 ) ) and role.status=1 and access.node_id=node.id and node.level=3 and node.pid=19 and node.status=1 [ RunTime:0.0090s ]
SQL: select node.id,node.name from t_role as role,t_role_user as userrole,t_access as access ,t_node as node where userrole.user_id='1' and userrole.role_id=role.id and ( access.role_id=role.id  or (access.role_id=role.pid and role.pid!=0 ) ) and role.status=1 and access.node_id=node.id and node.level=3 and node.pid=24 and node.status=1 [ RunTime:0.0080s ]
SQL: select node.id,node.name from t_role as role,t_role_user as userrole,t_access as access ,t_node as node where userrole.user_id='1' and userrole.role_id=role.id and ( access.role_id=role.id  or (access.role_id=role.pid and role.pid!=0 ) ) and role.status=1 and access.node_id=node.id and node.level=2 and node.pid=30 and node.status=1 [ RunTime:0.0070s ]
SQL: select node.id,node.name from t_role as role,t_role_user as userrole,t_access as access ,t_node as node where userrole.user_id='1' and userrole.role_id=role.id and ( access.role_id=role.id  or (access.role_id=role.pid and role.pid!=0 ) ) and role.status=1 and access.node_id=node.id and node.level=3 and node.pid=28 and node.status=1 [ RunTime:0.0070s ]
SQL: SELECT COUNT(*) AS tp_count FROM t_order LIMIT 1   [ RunTime:0.0260s ]
SQL: select user_id from t_role_user where role_id = 3 [ RunTime:0.0100s ]

[ 2015-06-08T10:18:37+08:00 ] 127.0.0.1 /fundcrm/index.php/Hefm/Order/orderlist
INFO: [ app_init ] --START--
INFO: Run Behavior\BuildLiteBehavior [ RunTime:0.000000s ]
INFO: Run Behavior\FlashBehaviors [ RunTime:0.000000s ]
INFO: [ app_init ] --END-- [ RunTime:0.000000s ]
INFO: [ app_begin ] --START--
INFO: Run Behavior\ReadHtmlCacheBehavior [ RunTime:0.000000s ]
INFO: [ app_begin ] --END-- [ RunTime:0.000000s ]
SQL: select node.id,node.name from t_role as role,t_role_user as userrole,t_access as access ,t_node as node where userrole.user_id='1' and userrole.role_id=role.id and ( access.role_id=role.id  or (access.role_id=role.pid and role.pid!=0 ) ) and role.status=1 and access.node_id=node.id and node.level=1 and node.status=1 [ RunTime:0.0120s ]
SQL: select node.id,node.name from t_role as role,t_role_user as userrole,t_access as access ,t_node as node where userrole.user_id='1' and userrole.role_id=role.id and ( access.role_id=role.id  or (access.role_id=role.pid and role.pid!=0 ) ) and role.status=1 and access.node_id=node.id and node.level=2 and node.pid=18 and node.status=1 [ RunTime:0.0070s ]
SQL: select node.id,node.name from t_role as role,t_role_user as userrole,t_access as access ,t_node as node where userrole.user_id='1' and userrole.role_id=role.id and ( access.role_id=role.id  or (access.role_id=role.pid and role.pid!=0 ) ) and role.status=1 and access.node_id=node.id and node.level=3 and node.pid=19 and node.status=1 [ RunTime:0.0100s ]
SQL: select node.id,node.name from t_role as role,t_role_user as userrole,t_access as access ,t_node as node where userrole.user_id='1' and userrole.role_id=role.id and ( access.role_id=role.id  or (access.role_id=role.pid and role.pid!=0 ) ) and role.status=1 and access.node_id=node.id and node.level=3 and node.pid=24 and node.status=1 [ RunTime:0.0180s ]
SQL: select node.id,node.name from t_role as role,t_role_user as userrole,t_access as access ,t_node as node where userrole.user_id='1' and userrole.role_id=role.id and ( access.role_id=role.id  or (access.role_id=role.pid and role.pid!=0 ) ) and role.status=1 and access.node_id=node.id and node.level=2 and node.pid=30 and node.status=1 [ RunTime:0.0070s ]
SQL: select node.id,node.name from t_role as role,t_role_user as userrole,t_access as access ,t_node as node where userrole.user_id='1' and userrole.role_id=role.id and ( access.role_id=role.id  or (access.role_id=role.pid and role.pid!=0 ) ) and role.status=1 and access.node_id=node.id and node.level=3 and node.pid=28 and node.status=1 [ RunTime:0.0070s ]
SQL: SELECT COUNT(*) AS tp_count FROM t_order LIMIT 1   [ RunTime:0.0080s ]
SQL: select user_id from t_role_user where role_id = 3 [ RunTime:0.0050s ]

[ 2015-06-08T10:19:25+08:00 ] 127.0.0.1 /fundcrm/index.php/Hefm/Order/orderlist
INFO: [ app_init ] --START--
INFO: Run Behavior\BuildLiteBehavior [ RunTime:0.000000s ]
INFO: Run Behavior\FlashBehaviors [ RunTime:0.000000s ]
INFO: [ app_init ] --END-- [ RunTime:0.000000s ]
INFO: [ app_begin ] --START--
INFO: Run Behavior\ReadHtmlCacheBehavior [ RunTime:0.000000s ]
INFO: [ app_begin ] --END-- [ RunTime:0.000000s ]
SQL: select node.id,node.name from t_role as role,t_role_user as userrole,t_access as access ,t_node as node where userrole.user_id='1' and userrole.role_id=role.id and ( access.role_id=role.id  or (access.role_id=role.pid and role.pid!=0 ) ) and role.status=1 and access.node_id=node.id and node.level=1 and node.status=1 [ RunTime:0.0130s ]
SQL: select node.id,node.name from t_role as role,t_role_user as userrole,t_access as access ,t_node as node where userrole.user_id='1' and userrole.role_id=role.id and ( access.role_id=role.id  or (access.role_id=role.pid and role.pid!=0 ) ) and role.status=1 and access.node_id=node.id and node.level=2 and node.pid=18 and node.status=1 [ RunTime:0.0090s ]
SQL: select node.id,node.name from t_role as role,t_role_user as userrole,t_access as access ,t_node as node where userrole.user_id='1' and userrole.role_id=role.id and ( access.role_id=role.id  or (access.role_id=role.pid and role.pid!=0 ) ) and role.status=1 and access.node_id=node.id and node.level=3 and node.pid=19 and node.status=1 [ RunTime:0.0070s ]
SQL: select node.id,node.name from t_role as role,t_role_user as userrole,t_access as access ,t_node as node where userrole.user_id='1' and userrole.role_id=role.id and ( access.role_id=role.id  or (access.role_id=role.pid and role.pid!=0 ) ) and role.status=1 and access.node_id=node.id and node.level=3 and node.pid=24 and node.status=1 [ RunTime:0.0060s ]
SQL: select node.id,node.name from t_role as role,t_role_user as userrole,t_access as access ,t_node as node where userrole.user_id='1' and userrole.role_id=role.id and ( access.role_id=role.id  or (access.role_id=role.pid and role.pid!=0 ) ) and role.status=1 and access.node_id=node.id and node.level=2 and node.pid=30 and node.status=1 [ RunTime:0.0060s ]
SQL: select node.id,node.name from t_role as role,t_role_user as userrole,t_access as access ,t_node as node where userrole.user_id='1' and userrole.role_id=role.id and ( access.role_id=role.id  or (access.role_id=role.pid and role.pid!=0 ) ) and role.status=1 and access.node_id=node.id and node.level=3 and node.pid=28 and node.status=1 [ RunTime:0.0070s ]
SQL: SELECT COUNT(*) AS tp_count FROM t_order LIMIT 1   [ RunTime:0.0050s ]
SQL: select user_id from t_role_user where role_id = 3 [ RunTime:0.0050s ]

[ 2015-06-08T10:19:46+08:00 ] 127.0.0.1 /fundcrm/index.php/Hefm/Order/orderlist
INFO: [ app_init ] --START--
INFO: Run Behavior\BuildLiteBehavior [ RunTime:0.000000s ]
INFO: Run Behavior\FlashBehaviors [ RunTime:0.000000s ]
INFO: [ app_init ] --END-- [ RunTime:0.000000s ]
INFO: [ app_begin ] --START--
INFO: Run Behavior\ReadHtmlCacheBehavior [ RunTime:0.000000s ]
INFO: [ app_begin ] --END-- [ RunTime:0.000000s ]
SQL: select node.id,node.name from t_role as role,t_role_user as userrole,t_access as access ,t_node as node where userrole.user_id='1' and userrole.role_id=role.id and ( access.role_id=role.id  or (access.role_id=role.pid and role.pid!=0 ) ) and role.status=1 and access.node_id=node.id and node.level=1 and node.status=1 [ RunTime:0.0100s ]
SQL: select node.id,node.name from t_role as role,t_role_user as userrole,t_access as access ,t_node as node where userrole.user_id='1' and userrole.role_id=role.id and ( access.role_id=role.id  or (access.role_id=role.pid and role.pid!=0 ) ) and role.status=1 and access.node_id=node.id and node.level=2 and node.pid=18 and node.status=1 [ RunTime:0.0070s ]
SQL: select node.id,node.name from t_role as role,t_role_user as userrole,t_access as access ,t_node as node where userrole.user_id='1' and userrole.role_id=role.id and ( access.role_id=role.id  or (access.role_id=role.pid and role.pid!=0 ) ) and role.status=1 and access.node_id=node.id and node.level=3 and node.pid=19 and node.status=1 [ RunTime:0.0070s ]
SQL: select node.id,node.name from t_role as role,t_role_user as userrole,t_access as access ,t_node as node where userrole.user_id='1' and userrole.role_id=role.id and ( access.role_id=role.id  or (access.role_id=role.pid and role.pid!=0 ) ) and role.status=1 and access.node_id=node.id and node.level=3 and node.pid=24 and node.status=1 [ RunTime:0.0160s ]
SQL: select node.id,node.name from t_role as role,t_role_user as userrole,t_access as access ,t_node as node where userrole.user_id='1' and userrole.role_id=role.id and ( access.role_id=role.id  or (access.role_id=role.pid and role.pid!=0 ) ) and role.status=1 and access.node_id=node.id and node.level=2 and node.pid=30 and node.status=1 [ RunTime:0.0050s ]
SQL: select node.id,node.name from t_role as role,t_role_user as userrole,t_access as access ,t_node as node where userrole.user_id='1' and userrole.role_id=role.id and ( access.role_id=role.id  or (access.role_id=role.pid and role.pid!=0 ) ) and role.status=1 and access.node_id=node.id and node.level=3 and node.pid=28 and node.status=1 [ RunTime:0.0050s ]
SQL: SELECT COUNT(*) AS tp_count FROM t_order LIMIT 1   [ RunTime:0.0090s ]
SQL: select user_id from t_role_user where role_id = (select id from t_role where name = '销售经理') [ RunTime:0.0070s ]

[ 2015-06-08T10:19:59+08:00 ] 127.0.0.1 /fundcrm/index.php/Hefm/Order/orderlist
INFO: [ app_init ] --START--
INFO: Run Behavior\BuildLiteBehavior [ RunTime:0.001000s ]
INFO: Run Behavior\FlashBehaviors [ RunTime:0.000000s ]
INFO: [ app_init ] --END-- [ RunTime:0.001000s ]
INFO: [ app_begin ] --START--
INFO: Run Behavior\ReadHtmlCacheBehavior [ RunTime:0.000000s ]
INFO: [ app_begin ] --END-- [ RunTime:0.000000s ]
SQL: select node.id,node.name from t_role as role,t_role_user as userrole,t_access as access ,t_node as node where userrole.user_id='1' and userrole.role_id=role.id and ( access.role_id=role.id  or (access.role_id=role.pid and role.pid!=0 ) ) and role.status=1 and access.node_id=node.id and node.level=1 and node.status=1 [ RunTime:0.0100s ]
SQL: select node.id,node.name from t_role as role,t_role_user as userrole,t_access as access ,t_node as node where userrole.user_id='1' and userrole.role_id=role.id and ( access.role_id=role.id  or (access.role_id=role.pid and role.pid!=0 ) ) and role.status=1 and access.node_id=node.id and node.level=2 and node.pid=18 and node.status=1 [ RunTime:0.0070s ]
SQL: select node.id,node.name from t_role as role,t_role_user as userrole,t_access as access ,t_node as node where userrole.user_id='1' and userrole.role_id=role.id and ( access.role_id=role.id  or (access.role_id=role.pid and role.pid!=0 ) ) and role.status=1 and access.node_id=node.id and node.level=3 and node.pid=19 and node.status=1 [ RunTime:0.0070s ]
SQL: select node.id,node.name from t_role as role,t_role_user as userrole,t_access as access ,t_node as node where userrole.user_id='1' and userrole.role_id=role.id and ( access.role_id=role.id  or (access.role_id=role.pid and role.pid!=0 ) ) and role.status=1 and access.node_id=node.id and node.level=3 and node.pid=24 and node.status=1 [ RunTime:0.0060s ]
SQL: select node.id,node.name from t_role as role,t_role_user as userrole,t_access as access ,t_node as node where userrole.user_id='1' and userrole.role_id=role.id and ( access.role_id=role.id  or (access.role_id=role.pid and role.pid!=0 ) ) and role.status=1 and access.node_id=node.id and node.level=2 and node.pid=30 and node.status=1 [ RunTime:0.0070s ]
SQL: select node.id,node.name from t_role as role,t_role_user as userrole,t_access as access ,t_node as node where userrole.user_id='1' and userrole.role_id=role.id and ( access.role_id=role.id  or (access.role_id=role.pid and role.pid!=0 ) ) and role.status=1 and access.node_id=node.id and node.level=3 and node.pid=28 and node.status=1 [ RunTime:0.0070s ]
SQL: SELECT COUNT(*) AS tp_count FROM t_order LIMIT 1   [ RunTime:0.0070s ]
SQL: select user_id from t_role_user where role_id = (select id from t_role where name = '销售经理') [ RunTime:0.0130s ]
NOTIC: [2] in_array() expects parameter 2 to be array, null given D:\phpworkspace\fundcrm\Application\Hefm\Model\OrderModel.class.php 第 23 行.
SQL: select o.id,o.ctime,o.mtime,o.custname,o.amount,o.orderlevel,o.status,u.nickname
            from t_order o left join t_user u on o.user_id=u.id where o.user_id=1
            limit 1 offset 0 [ RunTime:0.0080s ]
SQL: select u.id,u.nickname from t_user u,t_role_user ru where ru.role_id=3 and u.id=ru.user_id [ RunTime:0.0070s ]
INFO: [ view_parse ] --START--
INFO: [ template_filter ] --START--
INFO: Run Behavior\ContentReplaceBehavior [ RunTime:0.000000s ]
INFO: [ template_filter ] --END-- [ RunTime:0.000000s ]
NOTIC: [8] Undefined variable: page_title D:\phpworkspace\fundcrm\Application\Runtime\Cache\Hefm\2c5a0e7c869de7976992d67fc15dd391.php 第 6 行.
NOTIC: [8] Undefined variable: page_description D:\phpworkspace\fundcrm\Application\Runtime\Cache\Hefm\2c5a0e7c869de7976992d67fc15dd391.php 第 8 行.
INFO: Run Behavior\ParseTemplateBehavior [ RunTime:0.016001s ]
INFO: [ view_parse ] --END-- [ RunTime:0.016001s ]
INFO: [ view_filter ] --START--
INFO: Run Behavior\WriteHtmlCacheBehavior [ RunTime:0.000000s ]
INFO: [ view_filter ] --END-- [ RunTime:0.000000s ]
INFO: [ app_end ] --START--
INFO: Run Behavior\ShowPageTraceBehavior [ RunTime:0.000000s ]
INFO: [ app_end ] --END-- [ RunTime:0.000000s ]

[ 2015-06-08T10:23:01+08:00 ] 127.0.0.1 /fundcrm/index.php/Hefm/Order/orderlist
INFO: [ app_init ] --START--
INFO: Run Behavior\BuildLiteBehavior [ RunTime:0.000000s ]
INFO: Run Behavior\FlashBehaviors [ RunTime:0.000000s ]
INFO: [ app_init ] --END-- [ RunTime:0.001000s ]
INFO: [ app_begin ] --START--
INFO: Run Behavior\ReadHtmlCacheBehavior [ RunTime:0.001000s ]
INFO: [ app_begin ] --END-- [ RunTime:0.001000s ]
SQL: select node.id,node.name from t_role as role,t_role_user as userrole,t_access as access ,t_node as node where userrole.user_id='1' and userrole.role_id=role.id and ( access.role_id=role.id  or (access.role_id=role.pid and role.pid!=0 ) ) and role.status=1 and access.node_id=node.id and node.level=1 and node.status=1 [ RunTime:0.0090s ]
SQL: select node.id,node.name from t_role as role,t_role_user as userrole,t_access as access ,t_node as node where userrole.user_id='1' and userrole.role_id=role.id and ( access.role_id=role.id  or (access.role_id=role.pid and role.pid!=0 ) ) and role.status=1 and access.node_id=node.id and node.level=2 and node.pid=18 and node.status=1 [ RunTime:0.0070s ]
SQL: select node.id,node.name from t_role as role,t_role_user as userrole,t_access as access ,t_node as node where userrole.user_id='1' and userrole.role_id=role.id and ( access.role_id=role.id  or (access.role_id=role.pid and role.pid!=0 ) ) and role.status=1 and access.node_id=node.id and node.level=3 and node.pid=19 and node.status=1 [ RunTime:0.0070s ]
SQL: select node.id,node.name from t_role as role,t_role_user as userrole,t_access as access ,t_node as node where userrole.user_id='1' and userrole.role_id=role.id and ( access.role_id=role.id  or (access.role_id=role.pid and role.pid!=0 ) ) and role.status=1 and access.node_id=node.id and node.level=3 and node.pid=24 and node.status=1 [ RunTime:0.0070s ]
SQL: select node.id,node.name from t_role as role,t_role_user as userrole,t_access as access ,t_node as node where userrole.user_id='1' and userrole.role_id=role.id and ( access.role_id=role.id  or (access.role_id=role.pid and role.pid!=0 ) ) and role.status=1 and access.node_id=node.id and node.level=2 and node.pid=30 and node.status=1 [ RunTime:0.0080s ]
SQL: select node.id,node.name from t_role as role,t_role_user as userrole,t_access as access ,t_node as node where userrole.user_id='1' and userrole.role_id=role.id and ( access.role_id=role.id  or (access.role_id=role.pid and role.pid!=0 ) ) and role.status=1 and access.node_id=node.id and node.level=3 and node.pid=28 and node.status=1 [ RunTime:0.0070s ]
SQL: SELECT COUNT(*) AS tp_count FROM t_order LIMIT 1   [ RunTime:0.0140s ]
SQL: select user_id from t_role_user where role_id = (select id from t_role where name = '销售经理') [ RunTime:0.0090s ]
SQL: select user_id from t_role_user where role_id = (select id from t_role where name = '客服组') [ RunTime:0.0080s ]

[ 2015-06-08T10:23:07+08:00 ] 127.0.0.1 /fundcrm/index.php/Hefm/Order/orderlist
INFO: [ app_init ] --START--
INFO: Run Behavior\BuildLiteBehavior [ RunTime:0.000000s ]
INFO: Run Behavior\FlashBehaviors [ RunTime:0.001000s ]
INFO: [ app_init ] --END-- [ RunTime:0.001000s ]
INFO: [ app_begin ] --START--
INFO: Run Behavior\ReadHtmlCacheBehavior [ RunTime:0.000000s ]
INFO: [ app_begin ] --END-- [ RunTime:0.000000s ]
SQL: select node.id,node.name from t_role as role,t_role_user as userrole,t_access as access ,t_node as node where userrole.user_id='1' and userrole.role_id=role.id and ( access.role_id=role.id  or (access.role_id=role.pid and role.pid!=0 ) ) and role.status=1 and access.node_id=node.id and node.level=1 and node.status=1 [ RunTime:0.0110s ]
SQL: select node.id,node.name from t_role as role,t_role_user as userrole,t_access as access ,t_node as node where userrole.user_id='1' and userrole.role_id=role.id and ( access.role_id=role.id  or (access.role_id=role.pid and role.pid!=0 ) ) and role.status=1 and access.node_id=node.id and node.level=2 and node.pid=18 and node.status=1 [ RunTime:0.0050s ]
SQL: select node.id,node.name from t_role as role,t_role_user as userrole,t_access as access ,t_node as node where userrole.user_id='1' and userrole.role_id=role.id and ( access.role_id=role.id  or (access.role_id=role.pid and role.pid!=0 ) ) and role.status=1 and access.node_id=node.id and node.level=3 and node.pid=19 and node.status=1 [ RunTime:0.0060s ]
SQL: select node.id,node.name from t_role as role,t_role_user as userrole,t_access as access ,t_node as node where userrole.user_id='1' and userrole.role_id=role.id and ( access.role_id=role.id  or (access.role_id=role.pid and role.pid!=0 ) ) and role.status=1 and access.node_id=node.id and node.level=3 and node.pid=24 and node.status=1 [ RunTime:0.0060s ]
SQL: select node.id,node.name from t_role as role,t_role_user as userrole,t_access as access ,t_node as node where userrole.user_id='1' and userrole.role_id=role.id and ( access.role_id=role.id  or (access.role_id=role.pid and role.pid!=0 ) ) and role.status=1 and access.node_id=node.id and node.level=2 and node.pid=30 and node.status=1 [ RunTime:0.0060s ]
SQL: select node.id,node.name from t_role as role,t_role_user as userrole,t_access as access ,t_node as node where userrole.user_id='1' and userrole.role_id=role.id and ( access.role_id=role.id  or (access.role_id=role.pid and role.pid!=0 ) ) and role.status=1 and access.node_id=node.id and node.level=3 and node.pid=28 and node.status=1 [ RunTime:0.0060s ]
SQL: SELECT COUNT(*) AS tp_count FROM t_order LIMIT 1   [ RunTime:0.0060s ]
SQL: select user_id from t_role_user where role_id = (select id from t_role where name = '销售经理') [ RunTime:0.0060s ]
SQL: select user_id from t_role_user where role_id = (select id from t_role where name = '客服组') [ RunTime:0.0060s ]

[ 2015-06-08T10:23:48+08:00 ] 127.0.0.1 /fundcrm/index.php/Hefm/Order/orderlist
INFO: [ app_init ] --START--
INFO: Run Behavior\BuildLiteBehavior [ RunTime:0.000000s ]
INFO: Run Behavior\FlashBehaviors [ RunTime:0.000000s ]
INFO: [ app_init ] --END-- [ RunTime:0.000000s ]
INFO: [ app_begin ] --START--
INFO: Run Behavior\ReadHtmlCacheBehavior [ RunTime:0.000000s ]
INFO: [ app_begin ] --END-- [ RunTime:0.000000s ]
SQL: select node.id,node.name from t_role as role,t_role_user as userrole,t_access as access ,t_node as node where userrole.user_id='1' and userrole.role_id=role.id and ( access.role_id=role.id  or (access.role_id=role.pid and role.pid!=0 ) ) and role.status=1 and access.node_id=node.id and node.level=1 and node.status=1 [ RunTime:0.0130s ]
SQL: select node.id,node.name from t_role as role,t_role_user as userrole,t_access as access ,t_node as node where userrole.user_id='1' and userrole.role_id=role.id and ( access.role_id=role.id  or (access.role_id=role.pid and role.pid!=0 ) ) and role.status=1 and access.node_id=node.id and node.level=2 and node.pid=18 and node.status=1 [ RunTime:0.0160s ]
SQL: select node.id,node.name from t_role as role,t_role_user as userrole,t_access as access ,t_node as node where userrole.user_id='1' and userrole.role_id=role.id and ( access.role_id=role.id  or (access.role_id=role.pid and role.pid!=0 ) ) and role.status=1 and access.node_id=node.id and node.level=3 and node.pid=19 and node.status=1 [ RunTime:0.0100s ]
SQL: select node.id,node.name from t_role as role,t_role_user as userrole,t_access as access ,t_node as node where userrole.user_id='1' and userrole.role_id=role.id and ( access.role_id=role.id  or (access.role_id=role.pid and role.pid!=0 ) ) and role.status=1 and access.node_id=node.id and node.level=3 and node.pid=24 and node.status=1 [ RunTime:0.0060s ]
SQL: select node.id,node.name from t_role as role,t_role_user as userrole,t_access as access ,t_node as node where userrole.user_id='1' and userrole.role_id=role.id and ( access.role_id=role.id  or (access.role_id=role.pid and role.pid!=0 ) ) and role.status=1 and access.node_id=node.id and node.level=2 and node.pid=30 and node.status=1 [ RunTime:0.0060s ]
SQL: select node.id,node.name from t_role as role,t_role_user as userrole,t_access as access ,t_node as node where userrole.user_id='1' and userrole.role_id=role.id and ( access.role_id=role.id  or (access.role_id=role.pid and role.pid!=0 ) ) and role.status=1 and access.node_id=node.id and node.level=3 and node.pid=28 and node.status=1 [ RunTime:0.0050s ]
SQL: SELECT COUNT(*) AS tp_count FROM t_order LIMIT 1   [ RunTime:0.0070s ]
SQL: select user_id from t_role_user where role_id = (select id from t_role where name = '销售经理') [ RunTime:0.0060s ]
SQL: select user_id from t_role_user where role_id = (select id from t_role where name = '客服组') [ RunTime:0.0040s ]
SQL: select o.id,o.ctime,o.mtime,o.custname,o.amount,o.orderlevel,o.status,u.nickname
            from t_order o left join t_user u on o.user_id=u.id where o.user_id=1
            limit 1 offset 0 [ RunTime:0.0050s ]
SQL: select u.id,u.nickname from t_user u,t_role_user ru where ru.role_id=3 and u.id=ru.user_id [ RunTime:0.0050s ]
INFO: [ view_parse ] --START--
INFO: [ template_filter ] --START--
INFO: Run Behavior\ContentReplaceBehavior [ RunTime:0.000000s ]
INFO: [ template_filter ] --END-- [ RunTime:0.001000s ]
NOTIC: [8] Undefined variable: page_title D:\phpworkspace\fundcrm\Application\Runtime\Cache\Hefm\2c5a0e7c869de7976992d67fc15dd391.php 第 6 行.
NOTIC: [8] Undefined variable: page_description D:\phpworkspace\fundcrm\Application\Runtime\Cache\Hefm\2c5a0e7c869de7976992d67fc15dd391.php 第 8 行.
INFO: Run Behavior\ParseTemplateBehavior [ RunTime:0.017001s ]
INFO: [ view_parse ] --END-- [ RunTime:0.017001s ]
INFO: [ view_filter ] --START--
INFO: Run Behavior\WriteHtmlCacheBehavior [ RunTime:0.001000s ]
INFO: [ view_filter ] --END-- [ RunTime:0.001000s ]
INFO: [ app_end ] --START--
INFO: Run Behavior\ShowPageTraceBehavior [ RunTime:0.000000s ]
INFO: [ app_end ] --END-- [ RunTime:0.000000s ]

[ 2015-06-08T10:28:22+08:00 ] 127.0.0.1 /fundcrm/index.php/Hefm/Order/orderList
INFO: [ app_init ] --START--
INFO: Run Behavior\BuildLiteBehavior [ RunTime:0.000000s ]
INFO: Run Behavior\FlashBehaviors [ RunTime:0.000000s ]
INFO: [ app_init ] --END-- [ RunTime:0.001000s ]
INFO: [ app_begin ] --START--
INFO: Run Behavior\ReadHtmlCacheBehavior [ RunTime:0.000000s ]
INFO: [ app_begin ] --END-- [ RunTime:0.000000s ]
SQL: select node.id,node.name from t_role as role,t_role_user as userrole,t_access as access ,t_node as node where userrole.user_id='27' and userrole.role_id=role.id and ( access.role_id=role.id  or (access.role_id=role.pid and role.pid!=0 ) ) and role.status=1 and access.node_id=node.id and node.level=1 and node.status=1 [ RunTime:0.0070s ]
SQL: select node.id,node.name from t_role as role,t_role_user as userrole,t_access as access ,t_node as node where userrole.user_id='27' and userrole.role_id=role.id and ( access.role_id=role.id  or (access.role_id=role.pid and role.pid!=0 ) ) and role.status=1 and access.node_id=node.id and node.level=2 and node.pid=18 and node.status=1 [ RunTime:0.0060s ]
SQL: select node.id,node.name from t_role as role,t_role_user as userrole,t_access as access ,t_node as node where userrole.user_id='27' and userrole.role_id=role.id and ( access.role_id=role.id  or (access.role_id=role.pid and role.pid!=0 ) ) and role.status=1 and access.node_id=node.id and node.level=3 and node.pid=37 and node.status=1 [ RunTime:0.0060s ]
SQL: select node.id,node.name from t_role as role,t_role_user as userrole,t_access as access ,t_node as node where userrole.user_id='27' and userrole.role_id=role.id and ( access.role_id=role.id  or (access.role_id=role.pid and role.pid!=0 ) ) and role.status=1 and access.node_id=node.id and node.level=2 and node.pid=30 and node.status=1 [ RunTime:0.0050s ]
SQL: select node.id,node.name from t_role as role,t_role_user as userrole,t_access as access ,t_node as node where userrole.user_id='27' and userrole.role_id=role.id and ( access.role_id=role.id  or (access.role_id=role.pid and role.pid!=0 ) ) and role.status=1 and access.node_id=node.id and node.level=3 and node.pid=28 and node.status=1 [ RunTime:0.0090s ]
SQL: SELECT COUNT(*) AS tp_count FROM t_order LIMIT 1   [ RunTime:0.0080s ]
SQL: select user_id from t_role_user where role_id = (select id from t_role where name = '销售经理') [ RunTime:0.0070s ]
SQL: select user_id from t_role_user where role_id = (select id from t_role where name = '客服组') [ RunTime:0.0050s ]
SQL: select o.id,o.ctime,o.mtime,o.custname,o.amount,o.orderlevel,o.status,u.nickname
            from t_order o left join t_user u on o.user_id=u.id
            limit 1 offset 0 [ RunTime:0.0060s ]
SQL: select u.id,u.nickname from t_user u,t_role_user ru where ru.role_id=3 and u.id=ru.user_id [ RunTime:0.0050s ]
SQL: select node.id,node.name from t_role as role,t_role_user as userrole,t_access as access ,t_node as node where userrole.user_id='27' and userrole.role_id=role.id and ( access.role_id=role.id  or (access.role_id=role.pid and role.pid!=0 ) ) and role.status=1 and access.node_id=node.id and node.level=1 and node.status=1 [ RunTime:0.0080s ]
SQL: select node.id,node.name from t_role as role,t_role_user as userrole,t_access as access ,t_node as node where userrole.user_id='27' and userrole.role_id=role.id and ( access.role_id=role.id  or (access.role_id=role.pid and role.pid!=0 ) ) and role.status=1 and access.node_id=node.id and node.level=2 and node.pid=18 and node.status=1 [ RunTime:0.0080s ]
SQL: select node.id,node.name from t_role as role,t_role_user as userrole,t_access as access ,t_node as node where userrole.user_id='27' and userrole.role_id=role.id and ( access.role_id=role.id  or (access.role_id=role.pid and role.pid!=0 ) ) and role.status=1 and access.node_id=node.id and node.level=3 and node.pid=37 and node.status=1 [ RunTime:0.0070s ]
SQL: select node.id,node.name from t_role as role,t_role_user as userrole,t_access as access ,t_node as node where userrole.user_id='27' and userrole.role_id=role.id and ( access.role_id=role.id  or (access.role_id=role.pid and role.pid!=0 ) ) and role.status=1 and access.node_id=node.id and node.level=2 and node.pid=30 and node.status=1 [ RunTime:0.0100s ]
SQL: select node.id,node.name from t_role as role,t_role_user as userrole,t_access as access ,t_node as node where userrole.user_id='27' and userrole.role_id=role.id and ( access.role_id=role.id  or (access.role_id=role.pid and role.pid!=0 ) ) and role.status=1 and access.node_id=node.id and node.level=3 and node.pid=28 and node.status=1 [ RunTime:0.0070s ]
INFO: [ view_parse ] --START--
INFO: [ template_filter ] --START--
INFO: Run Behavior\ContentReplaceBehavior [ RunTime:0.000000s ]
INFO: [ template_filter ] --END-- [ RunTime:0.000000s ]
NOTIC: [8] Undefined variable: page_title D:\phpworkspace\fundcrm\Application\Runtime\Cache\Hefm\d882fbfc004315468cc8bc18d0450847.php 第 6 行.
NOTIC: [8] Undefined variable: page_description D:\phpworkspace\fundcrm\Application\Runtime\Cache\Hefm\d882fbfc004315468cc8bc18d0450847.php 第 8 行.
INFO: Run Behavior\ParseTemplateBehavior [ RunTime:0.017001s ]
INFO: [ view_parse ] --END-- [ RunTime:0.017001s ]
INFO: [ view_filter ] --START--
INFO: Run Behavior\WriteHtmlCacheBehavior [ RunTime:0.001000s ]
INFO: [ view_filter ] --END-- [ RunTime:0.001000s ]
INFO: [ app_end ] --START--
INFO: Run Behavior\ShowPageTraceBehavior [ RunTime:0.000000s ]
INFO: [ app_end ] --END-- [ RunTime:0.000000s ]

[ 2015-06-08T10:28:26+08:00 ] 127.0.0.1 /fundcrm/index.php/Hefm/Order/orderList/p/2.html
INFO: [ app_init ] --START--
INFO: Run Behavior\BuildLiteBehavior [ RunTime:0.000000s ]
INFO: Run Behavior\FlashBehaviors [ RunTime:0.000000s ]
INFO: [ app_init ] --END-- [ RunTime:0.000000s ]
INFO: [ app_begin ] --START--
INFO: Run Behavior\ReadHtmlCacheBehavior [ RunTime:0.000000s ]
INFO: [ app_begin ] --END-- [ RunTime:0.000000s ]
SQL: select node.id,node.name from t_role as role,t_role_user as userrole,t_access as access ,t_node as node where userrole.user_id='27' and userrole.role_id=role.id and ( access.role_id=role.id  or (access.role_id=role.pid and role.pid!=0 ) ) and role.status=1 and access.node_id=node.id and node.level=1 and node.status=1 [ RunTime:0.0110s ]
SQL: select node.id,node.name from t_role as role,t_role_user as userrole,t_access as access ,t_node as node where userrole.user_id='27' and userrole.role_id=role.id and ( access.role_id=role.id  or (access.role_id=role.pid and role.pid!=0 ) ) and role.status=1 and access.node_id=node.id and node.level=2 and node.pid=18 and node.status=1 [ RunTime:0.0080s ]
SQL: select node.id,node.name from t_role as role,t_role_user as userrole,t_access as access ,t_node as node where userrole.user_id='27' and userrole.role_id=role.id and ( access.role_id=role.id  or (access.role_id=role.pid and role.pid!=0 ) ) and role.status=1 and access.node_id=node.id and node.level=3 and node.pid=37 and node.status=1 [ RunTime:0.0060s ]
SQL: select node.id,node.name from t_role as role,t_role_user as userrole,t_access as access ,t_node as node where userrole.user_id='27' and userrole.role_id=role.id and ( access.role_id=role.id  or (access.role_id=role.pid and role.pid!=0 ) ) and role.status=1 and access.node_id=node.id and node.level=2 and node.pid=30 and node.status=1 [ RunTime:0.0060s ]
SQL: select node.id,node.name from t_role as role,t_role_user as userrole,t_access as access ,t_node as node where userrole.user_id='27' and userrole.role_id=role.id and ( access.role_id=role.id  or (access.role_id=role.pid and role.pid!=0 ) ) and role.status=1 and access.node_id=node.id and node.level=3 and node.pid=28 and node.status=1 [ RunTime:0.0050s ]
SQL: SELECT COUNT(*) AS tp_count FROM t_order LIMIT 1   [ RunTime:0.0060s ]
SQL: select user_id from t_role_user where role_id = (select id from t_role where name = '销售经理') [ RunTime:0.0060s ]
SQL: select user_id from t_role_user where role_id = (select id from t_role where name = '客服组') [ RunTime:0.0040s ]
SQL: select o.id,o.ctime,o.mtime,o.custname,o.amount,o.orderlevel,o.status,u.nickname
            from t_order o left join t_user u on o.user_id=u.id
            limit 1 offset 1 [ RunTime:0.0060s ]
SQL: select u.id,u.nickname from t_user u,t_role_user ru where ru.role_id=3 and u.id=ru.user_id [ RunTime:0.0090s ]
SQL: select node.id,node.name from t_role as role,t_role_user as userrole,t_access as access ,t_node as node where userrole.user_id='27' and userrole.role_id=role.id and ( access.role_id=role.id  or (access.role_id=role.pid and role.pid!=0 ) ) and role.status=1 and access.node_id=node.id and node.level=1 and node.status=1 [ RunTime:0.0090s ]
SQL: select node.id,node.name from t_role as role,t_role_user as userrole,t_access as access ,t_node as node where userrole.user_id='27' and userrole.role_id=role.id and ( access.role_id=role.id  or (access.role_id=role.pid and role.pid!=0 ) ) and role.status=1 and access.node_id=node.id and node.level=2 and node.pid=18 and node.status=1 [ RunTime:0.0070s ]
SQL: select node.id,node.name from t_role as role,t_role_user as userrole,t_access as access ,t_node as node where userrole.user_id='27' and userrole.role_id=role.id and ( access.role_id=role.id  or (access.role_id=role.pid and role.pid!=0 ) ) and role.status=1 and access.node_id=node.id and node.level=3 and node.pid=37 and node.status=1 [ RunTime:0.0080s ]
SQL: select node.id,node.name from t_role as role,t_role_user as userrole,t_access as access ,t_node as node where userrole.user_id='27' and userrole.role_id=role.id and ( access.role_id=role.id  or (access.role_id=role.pid and role.pid!=0 ) ) and role.status=1 and access.node_id=node.id and node.level=2 and node.pid=30 and node.status=1 [ RunTime:0.0060s ]
SQL: select node.id,node.name from t_role as role,t_role_user as userrole,t_access as access ,t_node as node where userrole.user_id='27' and userrole.role_id=role.id and ( access.role_id=role.id  or (access.role_id=role.pid and role.pid!=0 ) ) and role.status=1 and access.node_id=node.id and node.level=3 and node.pid=28 and node.status=1 [ RunTime:0.0100s ]
INFO: [ view_parse ] --START--
INFO: [ template_filter ] --START--
INFO: Run Behavior\ContentReplaceBehavior [ RunTime:0.000000s ]
INFO: [ template_filter ] --END-- [ RunTime:0.000000s ]
NOTIC: [8] Undefined variable: page_title D:\phpworkspace\fundcrm\Application\Runtime\Cache\Hefm\d882fbfc004315468cc8bc18d0450847.php 第 6 行.
NOTIC: [8] Undefined variable: page_description D:\phpworkspace\fundcrm\Application\Runtime\Cache\Hefm\d882fbfc004315468cc8bc18d0450847.php 第 8 行.
INFO: Run Behavior\ParseTemplateBehavior [ RunTime:0.021001s ]
INFO: [ view_parse ] --END-- [ RunTime:0.021001s ]
INFO: [ view_filter ] --START--
INFO: Run Behavior\WriteHtmlCacheBehavior [ RunTime:0.000000s ]
INFO: [ view_filter ] --END-- [ RunTime:0.000000s ]
INFO: [ app_end ] --START--
INFO: Run Behavior\ShowPageTraceBehavior [ RunTime:0.000000s ]
INFO: [ app_end ] --END-- [ RunTime:0.000000s ]

[ 2015-06-08T10:28:27+08:00 ] 127.0.0.1 /fundcrm/index.php/Hefm/Order/orderList/p/1.html
INFO: [ app_init ] --START--
INFO: Run Behavior\BuildLiteBehavior [ RunTime:0.000000s ]
INFO: Run Behavior\FlashBehaviors [ RunTime:0.000000s ]
INFO: [ app_init ] --END-- [ RunTime:0.001000s ]
INFO: [ app_begin ] --START--
INFO: Run Behavior\ReadHtmlCacheBehavior [ RunTime:0.000000s ]
INFO: [ app_begin ] --END-- [ RunTime:0.000000s ]
SQL: select node.id,node.name from t_role as role,t_role_user as userrole,t_access as access ,t_node as node where userrole.user_id='27' and userrole.role_id=role.id and ( access.role_id=role.id  or (access.role_id=role.pid and role.pid!=0 ) ) and role.status=1 and access.node_id=node.id and node.level=1 and node.status=1 [ RunTime:0.0200s ]
SQL: select node.id,node.name from t_role as role,t_role_user as userrole,t_access as access ,t_node as node where userrole.user_id='27' and userrole.role_id=role.id and ( access.role_id=role.id  or (access.role_id=role.pid and role.pid!=0 ) ) and role.status=1 and access.node_id=node.id and node.level=2 and node.pid=18 and node.status=1 [ RunTime:0.0090s ]
SQL: select node.id,node.name from t_role as role,t_role_user as userrole,t_access as access ,t_node as node where userrole.user_id='27' and userrole.role_id=role.id and ( access.role_id=role.id  or (access.role_id=role.pid and role.pid!=0 ) ) and role.status=1 and access.node_id=node.id and node.level=3 and node.pid=37 and node.status=1 [ RunTime:0.0060s ]
SQL: select node.id,node.name from t_role as role,t_role_user as userrole,t_access as access ,t_node as node where userrole.user_id='27' and userrole.role_id=role.id and ( access.role_id=role.id  or (access.role_id=role.pid and role.pid!=0 ) ) and role.status=1 and access.node_id=node.id and node.level=2 and node.pid=30 and node.status=1 [ RunTime:0.0110s ]
SQL: select node.id,node.name from t_role as role,t_role_user as userrole,t_access as access ,t_node as node where userrole.user_id='27' and userrole.role_id=role.id and ( access.role_id=role.id  or (access.role_id=role.pid and role.pid!=0 ) ) and role.status=1 and access.node_id=node.id and node.level=3 and node.pid=28 and node.status=1 [ RunTime:0.0060s ]
SQL: SELECT COUNT(*) AS tp_count FROM t_order LIMIT 1   [ RunTime:0.0070s ]
SQL: select user_id from t_role_user where role_id = (select id from t_role where name = '销售经理') [ RunTime:0.0060s ]
SQL: select user_id from t_role_user where role_id = (select id from t_role where name = '客服组') [ RunTime:0.0060s ]
SQL: select o.id,o.ctime,o.mtime,o.custname,o.amount,o.orderlevel,o.status,u.nickname
            from t_order o left join t_user u on o.user_id=u.id
            limit 1 offset 0 [ RunTime:0.0060s ]
SQL: select u.id,u.nickname from t_user u,t_role_user ru where ru.role_id=3 and u.id=ru.user_id [ RunTime:0.0100s ]
SQL: select node.id,node.name from t_role as role,t_role_user as userrole,t_access as access ,t_node as node where userrole.user_id='27' and userrole.role_id=role.id and ( access.role_id=role.id  or (access.role_id=role.pid and role.pid!=0 ) ) and role.status=1 and access.node_id=node.id and node.level=1 and node.status=1 [ RunTime:0.0120s ]
SQL: select node.id,node.name from t_role as role,t_role_user as userrole,t_access as access ,t_node as node where userrole.user_id='27' and userrole.role_id=role.id and ( access.role_id=role.id  or (access.role_id=role.pid and role.pid!=0 ) ) and role.status=1 and access.node_id=node.id and node.level=2 and node.pid=18 and node.status=1 [ RunTime:0.0090s ]
SQL: select node.id,node.name from t_role as role,t_role_user as userrole,t_access as access ,t_node as node where userrole.user_id='27' and userrole.role_id=role.id and ( access.role_id=role.id  or (access.role_id=role.pid and role.pid!=0 ) ) and role.status=1 and access.node_id=node.id and node.level=3 and node.pid=37 and node.status=1 [ RunTime:0.0080s ]
SQL: select node.id,node.name from t_role as role,t_role_user as userrole,t_access as access ,t_node as node where userrole.user_id='27' and userrole.role_id=role.id and ( access.role_id=role.id  or (access.role_id=role.pid and role.pid!=0 ) ) and role.status=1 and access.node_id=node.id and node.level=2 and node.pid=30 and node.status=1 [ RunTime:0.0060s ]
SQL: select node.id,node.name from t_role as role,t_role_user as userrole,t_access as access ,t_node as node where userrole.user_id='27' and userrole.role_id=role.id and ( access.role_id=role.id  or (access.role_id=role.pid and role.pid!=0 ) ) and role.status=1 and access.node_id=node.id and node.level=3 and node.pid=28 and node.status=1 [ RunTime:0.0060s ]
INFO: [ view_parse ] --START--
INFO: [ template_filter ] --START--
INFO: Run Behavior\ContentReplaceBehavior [ RunTime:0.001000s ]
INFO: [ template_filter ] --END-- [ RunTime:0.001000s ]
NOTIC: [8] Undefined variable: page_title D:\phpworkspace\fundcrm\Application\Runtime\Cache\Hefm\d882fbfc004315468cc8bc18d0450847.php 第 6 行.
NOTIC: [8] Undefined variable: page_description D:\phpworkspace\fundcrm\Application\Runtime\Cache\Hefm\d882fbfc004315468cc8bc18d0450847.php 第 8 行.
INFO: Run Behavior\ParseTemplateBehavior [ RunTime:0.015001s ]
INFO: [ view_parse ] --END-- [ RunTime:0.015001s ]
INFO: [ view_filter ] --START--
INFO: Run Behavior\WriteHtmlCacheBehavior [ RunTime:0.000000s ]
INFO: [ view_filter ] --END-- [ RunTime:0.000000s ]
INFO: [ app_end ] --START--
INFO: Run Behavior\ShowPageTraceBehavior [ RunTime:0.000000s ]
INFO: [ app_end ] --END-- [ RunTime:0.000000s ]

[ 2015-06-08T10:28:28+08:00 ] 127.0.0.1 /fundcrm/index.php/Hefm/Order/orderList/p/3.html
INFO: [ app_init ] --START--
INFO: Run Behavior\BuildLiteBehavior [ RunTime:0.000000s ]
INFO: Run Behavior\FlashBehaviors [ RunTime:0.000000s ]
INFO: [ app_init ] --END-- [ RunTime:0.000000s ]
INFO: [ app_begin ] --START--
INFO: Run Behavior\ReadHtmlCacheBehavior [ RunTime:0.000000s ]
INFO: [ app_begin ] --END-- [ RunTime:0.000000s ]
SQL: select node.id,node.name from t_role as role,t_role_user as userrole,t_access as access ,t_node as node where userrole.user_id='27' and userrole.role_id=role.id and ( access.role_id=role.id  or (access.role_id=role.pid and role.pid!=0 ) ) and role.status=1 and access.node_id=node.id and node.level=1 and node.status=1 [ RunTime:0.0090s ]
SQL: select node.id,node.name from t_role as role,t_role_user as userrole,t_access as access ,t_node as node where userrole.user_id='27' and userrole.role_id=role.id and ( access.role_id=role.id  or (access.role_id=role.pid and role.pid!=0 ) ) and role.status=1 and access.node_id=node.id and node.level=2 and node.pid=18 and node.status=1 [ RunTime:0.0060s ]
SQL: select node.id,node.name from t_role as role,t_role_user as userrole,t_access as access ,t_node as node where userrole.user_id='27' and userrole.role_id=role.id and ( access.role_id=role.id  or (access.role_id=role.pid and role.pid!=0 ) ) and role.status=1 and access.node_id=node.id and node.level=3 and node.pid=37 and node.status=1 [ RunTime:0.0070s ]
SQL: select node.id,node.name from t_role as role,t_role_user as userrole,t_access as access ,t_node as node where userrole.user_id='27' and userrole.role_id=role.id and ( access.role_id=role.id  or (access.role_id=role.pid and role.pid!=0 ) ) and role.status=1 and access.node_id=node.id and node.level=2 and node.pid=30 and node.status=1 [ RunTime:0.0070s ]
SQL: select node.id,node.name from t_role as role,t_role_user as userrole,t_access as access ,t_node as node where userrole.user_id='27' and userrole.role_id=role.id and ( access.role_id=role.id  or (access.role_id=role.pid and role.pid!=0 ) ) and role.status=1 and access.node_id=node.id and node.level=3 and node.pid=28 and node.status=1 [ RunTime:0.0080s ]
SQL: SELECT COUNT(*) AS tp_count FROM t_order LIMIT 1   [ RunTime:0.0080s ]
SQL: select user_id from t_role_user where role_id = (select id from t_role where name = '销售经理') [ RunTime:0.0080s ]
SQL: select user_id from t_role_user where role_id = (select id from t_role where name = '客服组') [ RunTime:0.0050s ]
SQL: select o.id,o.ctime,o.mtime,o.custname,o.amount,o.orderlevel,o.status,u.nickname
            from t_order o left join t_user u on o.user_id=u.id
            limit 1 offset 2 [ RunTime:0.0070s ]
SQL: select u.id,u.nickname from t_user u,t_role_user ru where ru.role_id=3 and u.id=ru.user_id [ RunTime:0.0100s ]
SQL: select node.id,node.name from t_role as role,t_role_user as userrole,t_access as access ,t_node as node where userrole.user_id='27' and userrole.role_id=role.id and ( access.role_id=role.id  or (access.role_id=role.pid and role.pid!=0 ) ) and role.status=1 and access.node_id=node.id and node.level=1 and node.status=1 [ RunTime:0.0070s ]
SQL: select node.id,node.name from t_role as role,t_role_user as userrole,t_access as access ,t_node as node where userrole.user_id='27' and userrole.role_id=role.id and ( access.role_id=role.id  or (access.role_id=role.pid and role.pid!=0 ) ) and role.status=1 and access.node_id=node.id and node.level=2 and node.pid=18 and node.status=1 [ RunTime:0.0070s ]
SQL: select node.id,node.name from t_role as role,t_role_user as userrole,t_access as access ,t_node as node where userrole.user_id='27' and userrole.role_id=role.id and ( access.role_id=role.id  or (access.role_id=role.pid and role.pid!=0 ) ) and role.status=1 and access.node_id=node.id and node.level=3 and node.pid=37 and node.status=1 [ RunTime:0.0090s ]
SQL: select node.id,node.name from t_role as role,t_role_user as userrole,t_access as access ,t_node as node where userrole.user_id='27' and userrole.role_id=role.id and ( access.role_id=role.id  or (access.role_id=role.pid and role.pid!=0 ) ) and role.status=1 and access.node_id=node.id and node.level=2 and node.pid=30 and node.status=1 [ RunTime:0.0070s ]
SQL: select node.id,node.name from t_role as role,t_role_user as userrole,t_access as access ,t_node as node where userrole.user_id='27' and userrole.role_id=role.id and ( access.role_id=role.id  or (access.role_id=role.pid and role.pid!=0 ) ) and role.status=1 and access.node_id=node.id and node.level=3 and node.pid=28 and node.status=1 [ RunTime:0.0060s ]
INFO: [ view_parse ] --START--
INFO: [ template_filter ] --START--
INFO: Run Behavior\ContentReplaceBehavior [ RunTime:0.000000s ]
INFO: [ template_filter ] --END-- [ RunTime:0.001000s ]
NOTIC: [8] Undefined variable: page_title D:\phpworkspace\fundcrm\Application\Runtime\Cache\Hefm\d882fbfc004315468cc8bc18d0450847.php 第 6 行.
NOTIC: [8] Undefined variable: page_description D:\phpworkspace\fundcrm\Application\Runtime\Cache\Hefm\d882fbfc004315468cc8bc18d0450847.php 第 8 行.
INFO: Run Behavior\ParseTemplateBehavior [ RunTime:0.016001s ]
INFO: [ view_parse ] --END-- [ RunTime:0.016001s ]
INFO: [ view_filter ] --START--
INFO: Run Behavior\WriteHtmlCacheBehavior [ RunTime:0.000000s ]
INFO: [ view_filter ] --END-- [ RunTime:0.000000s ]
INFO: [ app_end ] --START--
INFO: Run Behavior\ShowPageTraceBehavior [ RunTime:0.000000s ]
INFO: [ app_end ] --END-- [ RunTime:0.000000s ]

[ 2015-06-08T10:36:49+08:00 ] 127.0.0.1 /fundcrm/index.php/Hefm/Order/orderList/p/3.html
INFO: [ app_init ] --START--
INFO: Run Behavior\BuildLiteBehavior [ RunTime:0.000000s ]
INFO: Run Behavior\FlashBehaviors [ RunTime:0.001000s ]
INFO: [ app_init ] --END-- [ RunTime:0.001000s ]
INFO: [ app_begin ] --START--
INFO: Run Behavior\ReadHtmlCacheBehavior [ RunTime:0.000000s ]
INFO: [ app_begin ] --END-- [ RunTime:0.000000s ]
SQL: select node.id,node.name from t_role as role,t_role_user as userrole,t_access as access ,t_node as node where userrole.user_id='27' and userrole.role_id=role.id and ( access.role_id=role.id  or (access.role_id=role.pid and role.pid!=0 ) ) and role.status=1 and access.node_id=node.id and node.level=1 and node.status=1 [ RunTime:0.0080s ]
SQL: select node.id,node.name from t_role as role,t_role_user as userrole,t_access as access ,t_node as node where userrole.user_id='27' and userrole.role_id=role.id and ( access.role_id=role.id  or (access.role_id=role.pid and role.pid!=0 ) ) and role.status=1 and access.node_id=node.id and node.level=2 and node.pid=18 and node.status=1 [ RunTime:0.0060s ]
SQL: select node.id,node.name from t_role as role,t_role_user as userrole,t_access as access ,t_node as node where userrole.user_id='27' and userrole.role_id=role.id and ( access.role_id=role.id  or (access.role_id=role.pid and role.pid!=0 ) ) and role.status=1 and access.node_id=node.id and node.level=3 and node.pid=37 and node.status=1 [ RunTime:0.0050s ]
SQL: select node.id,node.name from t_role as role,t_role_user as userrole,t_access as access ,t_node as node where userrole.user_id='27' and userrole.role_id=role.id and ( access.role_id=role.id  or (access.role_id=role.pid and role.pid!=0 ) ) and role.status=1 and access.node_id=node.id and node.level=2 and node.pid=30 and node.status=1 [ RunTime:0.0050s ]
SQL: select node.id,node.name from t_role as role,t_role_user as userrole,t_access as access ,t_node as node where userrole.user_id='27' and userrole.role_id=role.id and ( access.role_id=role.id  or (access.role_id=role.pid and role.pid!=0 ) ) and role.status=1 and access.node_id=node.id and node.level=3 and node.pid=28 and node.status=1 [ RunTime:0.0060s ]
SQL: SELECT COUNT(*) AS tp_count FROM t_order LIMIT 1   [ RunTime:0.0060s ]
SQL: select user_id from t_role_user where role_id = (select id from t_role where name = '销售经理') [ RunTime:0.0070s ]
SQL: select user_id from t_role_user where role_id = (select id from t_role where name = '客服组') [ RunTime:0.0060s ]
SQL: select o.id,o.ctime,o.mtime,o.custname,o.amount,o.orderlevel,o.status,u.nickname
            from t_order o left join t_user u on o.user_id=u.id
            limit 1 offset 2 [ RunTime:0.0110s ]
SQL: select u.id,u.nickname from t_user u,t_role_user ru where ru.role_id=3 and u.id=ru.user_id [ RunTime:0.0050s ]
SQL: select node.id,node.name from t_role as role,t_role_user as userrole,t_access as access ,t_node as node where userrole.user_id='27' and userrole.role_id=role.id and ( access.role_id=role.id  or (access.role_id=role.pid and role.pid!=0 ) ) and role.status=1 and access.node_id=node.id and node.level=1 and node.status=1 [ RunTime:0.0060s ]
SQL: select node.id,node.name from t_role as role,t_role_user as userrole,t_access as access ,t_node as node where userrole.user_id='27' and userrole.role_id=role.id and ( access.role_id=role.id  or (access.role_id=role.pid and role.pid!=0 ) ) and role.status=1 and access.node_id=node.id and node.level=2 and node.pid=18 and node.status=1 [ RunTime:0.0060s ]
SQL: select node.id,node.name from t_role as role,t_role_user as userrole,t_access as access ,t_node as node where userrole.user_id='27' and userrole.role_id=role.id and ( access.role_id=role.id  or (access.role_id=role.pid and role.pid!=0 ) ) and role.status=1 and access.node_id=node.id and node.level=3 and node.pid=37 and node.status=1 [ RunTime:0.0060s ]
SQL: select node.id,node.name from t_role as role,t_role_user as userrole,t_access as access ,t_node as node where userrole.user_id='27' and userrole.role_id=role.id and ( access.role_id=role.id  or (access.role_id=role.pid and role.pid!=0 ) ) and role.status=1 and access.node_id=node.id and node.level=2 and node.pid=30 and node.status=1 [ RunTime:0.0070s ]
SQL: select node.id,node.name from t_role as role,t_role_user as userrole,t_access as access ,t_node as node where userrole.user_id='27' and userrole.role_id=role.id and ( access.role_id=role.id  or (access.role_id=role.pid and role.pid!=0 ) ) and role.status=1 and access.node_id=node.id and node.level=3 and node.pid=28 and node.status=1 [ RunTime:0.0100s ]
INFO: [ view_parse ] --START--
INFO: [ template_filter ] --START--
INFO: Run Behavior\ContentReplaceBehavior [ RunTime:0.000000s ]
INFO: [ template_filter ] --END-- [ RunTime:0.000000s ]
NOTIC: [8] Undefined variable: page_title D:\phpworkspace\fundcrm\Application\Runtime\Cache\Hefm\d882fbfc004315468cc8bc18d0450847.php 第 6 行.
NOTIC: [8] Undefined variable: page_description D:\phpworkspace\fundcrm\Application\Runtime\Cache\Hefm\d882fbfc004315468cc8bc18d0450847.php 第 8 行.
INFO: Run Behavior\ParseTemplateBehavior [ RunTime:0.017001s ]
INFO: [ view_parse ] --END-- [ RunTime:0.017001s ]
INFO: [ view_filter ] --START--
INFO: Run Behavior\WriteHtmlCacheBehavior [ RunTime:0.000000s ]
INFO: [ view_filter ] --END-- [ RunTime:0.000000s ]
INFO: [ app_end ] --START--
INFO: Run Behavior\ShowPageTraceBehavior [ RunTime:0.001000s ]
INFO: [ app_end ] --END-- [ RunTime:0.001000s ]

[ 2015-06-08T10:36:59+08:00 ] 127.0.0.1 /fundcrm/index.php/Hefm/Order/orderList/p/3.html
INFO: [ app_init ] --START--
INFO: Run Behavior\BuildLiteBehavior [ RunTime:0.000000s ]
INFO: Run Behavior\FlashBehaviors [ RunTime:0.000000s ]
INFO: [ app_init ] --END-- [ RunTime:0.000000s ]
INFO: [ app_begin ] --START--
INFO: Run Behavior\ReadHtmlCacheBehavior [ RunTime:0.000000s ]
INFO: [ app_begin ] --END-- [ RunTime:0.000000s ]
SQL: select node.id,node.name from t_role as role,t_role_user as userrole,t_access as access ,t_node as node where userrole.user_id='27' and userrole.role_id=role.id and ( access.role_id=role.id  or (access.role_id=role.pid and role.pid!=0 ) ) and role.status=1 and access.node_id=node.id and node.level=1 and node.status=1 [ RunTime:0.0090s ]
SQL: select node.id,node.name from t_role as role,t_role_user as userrole,t_access as access ,t_node as node where userrole.user_id='27' and userrole.role_id=role.id and ( access.role_id=role.id  or (access.role_id=role.pid and role.pid!=0 ) ) and role.status=1 and access.node_id=node.id and node.level=2 and node.pid=18 and node.status=1 [ RunTime:0.0070s ]
SQL: select node.id,node.name from t_role as role,t_role_user as userrole,t_access as access ,t_node as node where userrole.user_id='27' and userrole.role_id=role.id and ( access.role_id=role.id  or (access.role_id=role.pid and role.pid!=0 ) ) and role.status=1 and access.node_id=node.id and node.level=3 and node.pid=37 and node.status=1 [ RunTime:0.0080s ]
SQL: select node.id,node.name from t_role as role,t_role_user as userrole,t_access as access ,t_node as node where userrole.user_id='27' and userrole.role_id=role.id and ( access.role_id=role.id  or (access.role_id=role.pid and role.pid!=0 ) ) and role.status=1 and access.node_id=node.id and node.level=2 and node.pid=30 and node.status=1 [ RunTime:0.0060s ]
SQL: select node.id,node.name from t_role as role,t_role_user as userrole,t_access as access ,t_node as node where userrole.user_id='27' and userrole.role_id=role.id and ( access.role_id=role.id  or (access.role_id=role.pid and role.pid!=0 ) ) and role.status=1 and access.node_id=node.id and node.level=3 and node.pid=28 and node.status=1 [ RunTime:0.0070s ]
SQL: SELECT COUNT(*) AS tp_count FROM t_order LIMIT 1   [ RunTime:0.0070s ]
SQL: select user_id from t_role_user where role_id = (select id from t_role where name = '销售经理') [ RunTime:0.0520s ]
SQL: select user_id from t_role_user where role_id = (select id from t_role where name = '客服组') [ RunTime:0.0140s ]
SQL: select o.id,o.ctime,o.mtime,o.custname,o.amount,o.orderlevel,o.status,u.nickname
            from t_order o left join t_user u on o.user_id=u.id
            limit 20 offset 40 [ RunTime:0.0060s ]
SQL: select u.id,u.nickname from t_user u,t_role_user ru where ru.role_id=3 and u.id=ru.user_id [ RunTime:0.0070s ]
SQL: select node.id,node.name from t_role as role,t_role_user as userrole,t_access as access ,t_node as node where userrole.user_id='27' and userrole.role_id=role.id and ( access.role_id=role.id  or (access.role_id=role.pid and role.pid!=0 ) ) and role.status=1 and access.node_id=node.id and node.level=1 and node.status=1 [ RunTime:0.0060s ]
SQL: select node.id,node.name from t_role as role,t_role_user as userrole,t_access as access ,t_node as node where userrole.user_id='27' and userrole.role_id=role.id and ( access.role_id=role.id  or (access.role_id=role.pid and role.pid!=0 ) ) and role.status=1 and access.node_id=node.id and node.level=2 and node.pid=18 and node.status=1 [ RunTime:0.0070s ]
SQL: select node.id,node.name from t_role as role,t_role_user as userrole,t_access as access ,t_node as node where userrole.user_id='27' and userrole.role_id=role.id and ( access.role_id=role.id  or (access.role_id=role.pid and role.pid!=0 ) ) and role.status=1 and access.node_id=node.id and node.level=3 and node.pid=37 and node.status=1 [ RunTime:0.0110s ]
SQL: select node.id,node.name from t_role as role,t_role_user as userrole,t_access as access ,t_node as node where userrole.user_id='27' and userrole.role_id=role.id and ( access.role_id=role.id  or (access.role_id=role.pid and role.pid!=0 ) ) and role.status=1 and access.node_id=node.id and node.level=2 and node.pid=30 and node.status=1 [ RunTime:0.0080s ]
SQL: select node.id,node.name from t_role as role,t_role_user as userrole,t_access as access ,t_node as node where userrole.user_id='27' and userrole.role_id=role.id and ( access.role_id=role.id  or (access.role_id=role.pid and role.pid!=0 ) ) and role.status=1 and access.node_id=node.id and node.level=3 and node.pid=28 and node.status=1 [ RunTime:0.0070s ]
INFO: [ view_parse ] --START--
INFO: [ template_filter ] --START--
INFO: Run Behavior\ContentReplaceBehavior [ RunTime:0.000000s ]
INFO: [ template_filter ] --END-- [ RunTime:0.000000s ]
NOTIC: [8] Undefined variable: page_title D:\phpworkspace\fundcrm\Application\Runtime\Cache\Hefm\d882fbfc004315468cc8bc18d0450847.php 第 6 行.
NOTIC: [8] Undefined variable: page_description D:\phpworkspace\fundcrm\Application\Runtime\Cache\Hefm\d882fbfc004315468cc8bc18d0450847.php 第 8 行.
INFO: Run Behavior\ParseTemplateBehavior [ RunTime:0.018001s ]
INFO: [ view_parse ] --END-- [ RunTime:0.018001s ]
INFO: [ view_filter ] --START--
INFO: Run Behavior\WriteHtmlCacheBehavior [ RunTime:0.000000s ]
INFO: [ view_filter ] --END-- [ RunTime:0.000000s ]
INFO: [ app_end ] --START--
INFO: Run Behavior\ShowPageTraceBehavior [ RunTime:0.001000s ]
INFO: [ app_end ] --END-- [ RunTime:0.001000s ]

[ 2015-06-08T10:37:01+08:00 ] 127.0.0.1 /fundcrm/index.php/Hefm/Order/orderList/p/3.html
INFO: [ app_init ] --START--
INFO: Run Behavior\BuildLiteBehavior [ RunTime:0.000000s ]
INFO: Run Behavior\FlashBehaviors [ RunTime:0.000000s ]
INFO: [ app_init ] --END-- [ RunTime:0.000000s ]
INFO: [ app_begin ] --START--
INFO: Run Behavior\ReadHtmlCacheBehavior [ RunTime:0.000000s ]
INFO: [ app_begin ] --END-- [ RunTime:0.000000s ]
SQL: select node.id,node.name from t_role as role,t_role_user as userrole,t_access as access ,t_node as node where userrole.user_id='27' and userrole.role_id=role.id and ( access.role_id=role.id  or (access.role_id=role.pid and role.pid!=0 ) ) and role.status=1 and access.node_id=node.id and node.level=1 and node.status=1 [ RunTime:0.0080s ]
SQL: select node.id,node.name from t_role as role,t_role_user as userrole,t_access as access ,t_node as node where userrole.user_id='27' and userrole.role_id=role.id and ( access.role_id=role.id  or (access.role_id=role.pid and role.pid!=0 ) ) and role.status=1 and access.node_id=node.id and node.level=2 and node.pid=18 and node.status=1 [ RunTime:0.0070s ]
SQL: select node.id,node.name from t_role as role,t_role_user as userrole,t_access as access ,t_node as node where userrole.user_id='27' and userrole.role_id=role.id and ( access.role_id=role.id  or (access.role_id=role.pid and role.pid!=0 ) ) and role.status=1 and access.node_id=node.id and node.level=3 and node.pid=37 and node.status=1 [ RunTime:0.0060s ]
SQL: select node.id,node.name from t_role as role,t_role_user as userrole,t_access as access ,t_node as node where userrole.user_id='27' and userrole.role_id=role.id and ( access.role_id=role.id  or (access.role_id=role.pid and role.pid!=0 ) ) and role.status=1 and access.node_id=node.id and node.level=2 and node.pid=30 and node.status=1 [ RunTime:0.0060s ]
SQL: select node.id,node.name from t_role as role,t_role_user as userrole,t_access as access ,t_node as node where userrole.user_id='27' and userrole.role_id=role.id and ( access.role_id=role.id  or (access.role_id=role.pid and role.pid!=0 ) ) and role.status=1 and access.node_id=node.id and node.level=3 and node.pid=28 and node.status=1 [ RunTime:0.0060s ]
SQL: SELECT COUNT(*) AS tp_count FROM t_order LIMIT 1   [ RunTime:0.0130s ]
SQL: select user_id from t_role_user where role_id = (select id from t_role where name = '销售经理') [ RunTime:0.0060s ]
SQL: select user_id from t_role_user where role_id = (select id from t_role where name = '客服组') [ RunTime:0.0060s ]
SQL: select o.id,o.ctime,o.mtime,o.custname,o.amount,o.orderlevel,o.status,u.nickname
            from t_order o left join t_user u on o.user_id=u.id
            limit 20 offset 40 [ RunTime:0.0090s ]
SQL: select u.id,u.nickname from t_user u,t_role_user ru where ru.role_id=3 and u.id=ru.user_id [ RunTime:0.0050s ]
SQL: select node.id,node.name from t_role as role,t_role_user as userrole,t_access as access ,t_node as node where userrole.user_id='27' and userrole.role_id=role.id and ( access.role_id=role.id  or (access.role_id=role.pid and role.pid!=0 ) ) and role.status=1 and access.node_id=node.id and node.level=1 and node.status=1 [ RunTime:0.0100s ]
SQL: select node.id,node.name from t_role as role,t_role_user as userrole,t_access as access ,t_node as node where userrole.user_id='27' and userrole.role_id=role.id and ( access.role_id=role.id  or (access.role_id=role.pid and role.pid!=0 ) ) and role.status=1 and access.node_id=node.id and node.level=2 and node.pid=18 and node.status=1 [ RunTime:0.0080s ]
SQL: select node.id,node.name from t_role as role,t_role_user as userrole,t_access as access ,t_node as node where userrole.user_id='27' and userrole.role_id=role.id and ( access.role_id=role.id  or (access.role_id=role.pid and role.pid!=0 ) ) and role.status=1 and access.node_id=node.id and node.level=3 and node.pid=37 and node.status=1 [ RunTime:0.0120s ]
SQL: select node.id,node.name from t_role as role,t_role_user as userrole,t_access as access ,t_node as node where userrole.user_id='27' and userrole.role_id=role.id and ( access.role_id=role.id  or (access.role_id=role.pid and role.pid!=0 ) ) and role.status=1 and access.node_id=node.id and node.level=2 and node.pid=30 and node.status=1 [ RunTime:0.0070s ]
SQL: select node.id,node.name from t_role as role,t_role_user as userrole,t_access as access ,t_node as node where userrole.user_id='27' and userrole.role_id=role.id and ( access.role_id=role.id  or (access.role_id=role.pid and role.pid!=0 ) ) and role.status=1 and access.node_id=node.id and node.level=3 and node.pid=28 and node.status=1 [ RunTime:0.0070s ]
INFO: [ view_parse ] --START--
INFO: [ template_filter ] --START--
INFO: Run Behavior\ContentReplaceBehavior [ RunTime:0.001000s ]
INFO: [ template_filter ] --END-- [ RunTime:0.001000s ]
NOTIC: [8] Undefined variable: page_title D:\phpworkspace\fundcrm\Application\Runtime\Cache\Hefm\d882fbfc004315468cc8bc18d0450847.php 第 6 行.
NOTIC: [8] Undefined variable: page_description D:\phpworkspace\fundcrm\Application\Runtime\Cache\Hefm\d882fbfc004315468cc8bc18d0450847.php 第 8 行.
INFO: Run Behavior\ParseTemplateBehavior [ RunTime:0.017001s ]
INFO: [ view_parse ] --END-- [ RunTime:0.017001s ]
INFO: [ view_filter ] --START--
INFO: Run Behavior\WriteHtmlCacheBehavior [ RunTime:0.000000s ]
INFO: [ view_filter ] --END-- [ RunTime:0.000000s ]
INFO: [ app_end ] --START--
INFO: Run Behavior\ShowPageTraceBehavior [ RunTime:0.000000s ]
INFO: [ app_end ] --END-- [ RunTime:0.000000s ]

[ 2015-06-08T10:37:02+08:00 ] 127.0.0.1 /fundcrm/index.php/Hefm/Order/orderList
INFO: [ app_init ] --START--
INFO: Run Behavior\BuildLiteBehavior [ RunTime:0.000000s ]
INFO: Run Behavior\FlashBehaviors [ RunTime:0.000000s ]
INFO: [ app_init ] --END-- [ RunTime:0.000000s ]
INFO: [ app_begin ] --START--
INFO: Run Behavior\ReadHtmlCacheBehavior [ RunTime:0.000000s ]
INFO: [ app_begin ] --END-- [ RunTime:0.000000s ]
SQL: select node.id,node.name from t_role as role,t_role_user as userrole,t_access as access ,t_node as node where userrole.user_id='27' and userrole.role_id=role.id and ( access.role_id=role.id  or (access.role_id=role.pid and role.pid!=0 ) ) and role.status=1 and access.node_id=node.id and node.level=1 and node.status=1 [ RunTime:0.0110s ]
SQL: select node.id,node.name from t_role as role,t_role_user as userrole,t_access as access ,t_node as node where userrole.user_id='27' and userrole.role_id=role.id and ( access.role_id=role.id  or (access.role_id=role.pid and role.pid!=0 ) ) and role.status=1 and access.node_id=node.id and node.level=2 and node.pid=18 and node.status=1 [ RunTime:0.0130s ]
SQL: select node.id,node.name from t_role as role,t_role_user as userrole,t_access as access ,t_node as node where userrole.user_id='27' and userrole.role_id=role.id and ( access.role_id=role.id  or (access.role_id=role.pid and role.pid!=0 ) ) and role.status=1 and access.node_id=node.id and node.level=3 and node.pid=37 and node.status=1 [ RunTime:0.0060s ]
SQL: select node.id,node.name from t_role as role,t_role_user as userrole,t_access as access ,t_node as node where userrole.user_id='27' and userrole.role_id=role.id and ( access.role_id=role.id  or (access.role_id=role.pid and role.pid!=0 ) ) and role.status=1 and access.node_id=node.id and node.level=2 and node.pid=30 and node.status=1 [ RunTime:0.0070s ]
SQL: select node.id,node.name from t_role as role,t_role_user as userrole,t_access as access ,t_node as node where userrole.user_id='27' and userrole.role_id=role.id and ( access.role_id=role.id  or (access.role_id=role.pid and role.pid!=0 ) ) and role.status=1 and access.node_id=node.id and node.level=3 and node.pid=28 and node.status=1 [ RunTime:0.0090s ]
SQL: SELECT COUNT(*) AS tp_count FROM t_order LIMIT 1   [ RunTime:0.0060s ]
SQL: select user_id from t_role_user where role_id = (select id from t_role where name = '销售经理') [ RunTime:0.0080s ]
SQL: select user_id from t_role_user where role_id = (select id from t_role where name = '客服组') [ RunTime:0.0050s ]
SQL: select o.id,o.ctime,o.mtime,o.custname,o.amount,o.orderlevel,o.status,u.nickname
            from t_order o left join t_user u on o.user_id=u.id
            limit 20 offset 0 [ RunTime:0.0060s ]
SQL: select u.id,u.nickname from t_user u,t_role_user ru where ru.role_id=3 and u.id=ru.user_id [ RunTime:0.0070s ]
SQL: select node.id,node.name from t_role as role,t_role_user as userrole,t_access as access ,t_node as node where userrole.user_id='27' and userrole.role_id=role.id and ( access.role_id=role.id  or (access.role_id=role.pid and role.pid!=0 ) ) and role.status=1 and access.node_id=node.id and node.level=1 and node.status=1 [ RunTime:0.0140s ]
SQL: select node.id,node.name from t_role as role,t_role_user as userrole,t_access as access ,t_node as node where userrole.user_id='27' and userrole.role_id=role.id and ( access.role_id=role.id  or (access.role_id=role.pid and role.pid!=0 ) ) and role.status=1 and access.node_id=node.id and node.level=2 and node.pid=18 and node.status=1 [ RunTime:0.0070s ]
SQL: select node.id,node.name from t_role as role,t_role_user as userrole,t_access as access ,t_node as node where userrole.user_id='27' and userrole.role_id=role.id and ( access.role_id=role.id  or (access.role_id=role.pid and role.pid!=0 ) ) and role.status=1 and access.node_id=node.id and node.level=3 and node.pid=37 and node.status=1 [ RunTime:0.0070s ]
SQL: select node.id,node.name from t_role as role,t_role_user as userrole,t_access as access ,t_node as node where userrole.user_id='27' and userrole.role_id=role.id and ( access.role_id=role.id  or (access.role_id=role.pid and role.pid!=0 ) ) and role.status=1 and access.node_id=node.id and node.level=2 and node.pid=30 and node.status=1 [ RunTime:0.0070s ]
SQL: select node.id,node.name from t_role as role,t_role_user as userrole,t_access as access ,t_node as node where userrole.user_id='27' and userrole.role_id=role.id and ( access.role_id=role.id  or (access.role_id=role.pid and role.pid!=0 ) ) and role.status=1 and access.node_id=node.id and node.level=3 and node.pid=28 and node.status=1 [ RunTime:0.0090s ]
INFO: [ view_parse ] --START--
INFO: [ template_filter ] --START--
INFO: Run Behavior\ContentReplaceBehavior [ RunTime:0.000000s ]
INFO: [ template_filter ] --END-- [ RunTime:0.000000s ]
NOTIC: [8] Undefined variable: page_title D:\phpworkspace\fundcrm\Application\Runtime\Cache\Hefm\d882fbfc004315468cc8bc18d0450847.php 第 6 行.
NOTIC: [8] Undefined variable: page_description D:\phpworkspace\fundcrm\Application\Runtime\Cache\Hefm\d882fbfc004315468cc8bc18d0450847.php 第 8 行.
INFO: Run Behavior\ParseTemplateBehavior [ RunTime:0.015001s ]
INFO: [ view_parse ] --END-- [ RunTime:0.015001s ]
INFO: [ view_filter ] --START--
INFO: Run Behavior\WriteHtmlCacheBehavior [ RunTime:0.000000s ]
INFO: [ view_filter ] --END-- [ RunTime:0.000000s ]
INFO: [ app_end ] --START--
INFO: Run Behavior\ShowPageTraceBehavior [ RunTime:0.000000s ]
INFO: [ app_end ] --END-- [ RunTime:0.000000s ]

[ 2015-06-08T10:37:04+08:00 ] 127.0.0.1 /fundcrm/index.php/Hefm/Order/orderList
INFO: [ app_init ] --START--
INFO: Run Behavior\BuildLiteBehavior [ RunTime:0.001000s ]
INFO: Run Behavior\FlashBehaviors [ RunTime:0.000000s ]
INFO: [ app_init ] --END-- [ RunTime:0.001000s ]
INFO: [ app_begin ] --START--
INFO: Run Behavior\ReadHtmlCacheBehavior [ RunTime:0.000000s ]
INFO: [ app_begin ] --END-- [ RunTime:0.000000s ]
SQL: select node.id,node.name from t_role as role,t_role_user as userrole,t_access as access ,t_node as node where userrole.user_id='27' and userrole.role_id=role.id and ( access.role_id=role.id  or (access.role_id=role.pid and role.pid!=0 ) ) and role.status=1 and access.node_id=node.id and node.level=1 and node.status=1 [ RunTime:0.0100s ]
SQL: select node.id,node.name from t_role as role,t_role_user as userrole,t_access as access ,t_node as node where userrole.user_id='27' and userrole.role_id=role.id and ( access.role_id=role.id  or (access.role_id=role.pid and role.pid!=0 ) ) and role.status=1 and access.node_id=node.id and node.level=2 and node.pid=18 and node.status=1 [ RunTime:0.0070s ]
SQL: select node.id,node.name from t_role as role,t_role_user as userrole,t_access as access ,t_node as node where userrole.user_id='27' and userrole.role_id=role.id and ( access.role_id=role.id  or (access.role_id=role.pid and role.pid!=0 ) ) and role.status=1 and access.node_id=node.id and node.level=3 and node.pid=37 and node.status=1 [ RunTime:0.0060s ]
SQL: select node.id,node.name from t_role as role,t_role_user as userrole,t_access as access ,t_node as node where userrole.user_id='27' and userrole.role_id=role.id and ( access.role_id=role.id  or (access.role_id=role.pid and role.pid!=0 ) ) and role.status=1 and access.node_id=node.id and node.level=2 and node.pid=30 and node.status=1 [ RunTime:0.0070s ]
SQL: select node.id,node.name from t_role as role,t_role_user as userrole,t_access as access ,t_node as node where userrole.user_id='27' and userrole.role_id=role.id and ( access.role_id=role.id  or (access.role_id=role.pid and role.pid!=0 ) ) and role.status=1 and access.node_id=node.id and node.level=3 and node.pid=28 and node.status=1 [ RunTime:0.0070s ]
SQL: SELECT COUNT(*) AS tp_count FROM t_order LIMIT 1   [ RunTime:0.0110s ]
SQL: select user_id from t_role_user where role_id = (select id from t_role where name = '销售经理') [ RunTime:0.0100s ]
SQL: select user_id from t_role_user where role_id = (select id from t_role where name = '客服组') [ RunTime:0.0070s ]
SQL: select o.id,o.ctime,o.mtime,o.custname,o.amount,o.orderlevel,o.status,u.nickname
            from t_order o left join t_user u on o.user_id=u.id
            limit 20 offset 0 [ RunTime:0.0110s ]
SQL: select u.id,u.nickname from t_user u,t_role_user ru where ru.role_id=3 and u.id=ru.user_id [ RunTime:0.0140s ]
SQL: select node.id,node.name from t_role as role,t_role_user as userrole,t_access as access ,t_node as node where userrole.user_id='27' and userrole.role_id=role.id and ( access.role_id=role.id  or (access.role_id=role.pid and role.pid!=0 ) ) and role.status=1 and access.node_id=node.id and node.level=1 and node.status=1 [ RunTime:0.0060s ]
SQL: select node.id,node.name from t_role as role,t_role_user as userrole,t_access as access ,t_node as node where userrole.user_id='27' and userrole.role_id=role.id and ( access.role_id=role.id  or (access.role_id=role.pid and role.pid!=0 ) ) and role.status=1 and access.node_id=node.id and node.level=2 and node.pid=18 and node.status=1 [ RunTime:0.0060s ]
SQL: select node.id,node.name from t_role as role,t_role_user as userrole,t_access as access ,t_node as node where userrole.user_id='27' and userrole.role_id=role.id and ( access.role_id=role.id  or (access.role_id=role.pid and role.pid!=0 ) ) and role.status=1 and access.node_id=node.id and node.level=3 and node.pid=37 and node.status=1 [ RunTime:0.0070s ]
SQL: select node.id,node.name from t_role as role,t_role_user as userrole,t_access as access ,t_node as node where userrole.user_id='27' and userrole.role_id=role.id and ( access.role_id=role.id  or (access.role_id=role.pid and role.pid!=0 ) ) and role.status=1 and access.node_id=node.id and node.level=2 and node.pid=30 and node.status=1 [ RunTime:0.0050s ]
SQL: select node.id,node.name from t_role as role,t_role_user as userrole,t_access as access ,t_node as node where userrole.user_id='27' and userrole.role_id=role.id and ( access.role_id=role.id  or (access.role_id=role.pid and role.pid!=0 ) ) and role.status=1 and access.node_id=node.id and node.level=3 and node.pid=28 and node.status=1 [ RunTime:0.0060s ]
INFO: [ view_parse ] --START--
INFO: [ template_filter ] --START--
INFO: Run Behavior\ContentReplaceBehavior [ RunTime:0.000000s ]
INFO: [ template_filter ] --END-- [ RunTime:0.000000s ]
NOTIC: [8] Undefined variable: page_title D:\phpworkspace\fundcrm\Application\Runtime\Cache\Hefm\d882fbfc004315468cc8bc18d0450847.php 第 6 行.
NOTIC: [8] Undefined variable: page_description D:\phpworkspace\fundcrm\Application\Runtime\Cache\Hefm\d882fbfc004315468cc8bc18d0450847.php 第 8 行.
INFO: Run Behavior\ParseTemplateBehavior [ RunTime:0.017001s ]
INFO: [ view_parse ] --END-- [ RunTime:0.017001s ]
INFO: [ view_filter ] --START--
INFO: Run Behavior\WriteHtmlCacheBehavior [ RunTime:0.000000s ]
INFO: [ view_filter ] --END-- [ RunTime:0.000000s ]
INFO: [ app_end ] --START--
INFO: Run Behavior\ShowPageTraceBehavior [ RunTime:0.000000s ]
INFO: [ app_end ] --END-- [ RunTime:0.000000s ]

[ 2015-06-08T10:37:08+08:00 ] 127.0.0.1 /fundcrm/index.php/Hefm/Order/orderinfo?id=27
INFO: [ app_init ] --START--
INFO: Run Behavior\BuildLiteBehavior [ RunTime:0.000000s ]
INFO: Run Behavior\FlashBehaviors [ RunTime:0.000000s ]
INFO: [ app_init ] --END-- [ RunTime:0.000000s ]
INFO: [ app_begin ] --START--
INFO: Run Behavior\ReadHtmlCacheBehavior [ RunTime:0.000000s ]
INFO: [ app_begin ] --END-- [ RunTime:0.000000s ]
SQL: select node.id,node.name from t_role as role,t_role_user as userrole,t_access as access ,t_node as node where userrole.user_id='27' and userrole.role_id=role.id and ( access.role_id=role.id  or (access.role_id=role.pid and role.pid!=0 ) ) and role.status=1 and access.node_id=node.id and node.level=1 and node.status=1 [ RunTime:0.0120s ]
SQL: select node.id,node.name from t_role as role,t_role_user as userrole,t_access as access ,t_node as node where userrole.user_id='27' and userrole.role_id=role.id and ( access.role_id=role.id  or (access.role_id=role.pid and role.pid!=0 ) ) and role.status=1 and access.node_id=node.id and node.level=2 and node.pid=18 and node.status=1 [ RunTime:0.0080s ]
SQL: select node.id,node.name from t_role as role,t_role_user as userrole,t_access as access ,t_node as node where userrole.user_id='27' and userrole.role_id=role.id and ( access.role_id=role.id  or (access.role_id=role.pid and role.pid!=0 ) ) and role.status=1 and access.node_id=node.id and node.level=3 and node.pid=37 and node.status=1 [ RunTime:0.0070s ]
SQL: select node.id,node.name from t_role as role,t_role_user as userrole,t_access as access ,t_node as node where userrole.user_id='27' and userrole.role_id=role.id and ( access.role_id=role.id  or (access.role_id=role.pid and role.pid!=0 ) ) and role.status=1 and access.node_id=node.id and node.level=2 and node.pid=30 and node.status=1 [ RunTime:0.0060s ]
SQL: select node.id,node.name from t_role as role,t_role_user as userrole,t_access as access ,t_node as node where userrole.user_id='27' and userrole.role_id=role.id and ( access.role_id=role.id  or (access.role_id=role.pid and role.pid!=0 ) ) and role.status=1 and access.node_id=node.id and node.level=3 and node.pid=28 and node.status=1 [ RunTime:0.0060s ]
SQL: SELECT * FROM t_order WHERE ( id=27 ) LIMIT 1   [ RunTime:0.0090s ]
SQL: select email,address,identitycard from t_customer where custacco_id='' [ RunTime:0.0060s ]
SQL: SELECT user_id FROM t_order WHERE ( id = 27 ) LIMIT 1   [ RunTime:0.0050s ]
SQL: SELECT nickname FROM t_user WHERE ( id = 28 ) LIMIT 1   [ RunTime:0.0050s ]
SQL: select id,typename from t_product_type where isvalid=1 [ RunTime:0.0310s ]
SQL: SELECT id,producttype, productname, productcode
                FROM t_product where isvalid=1 and producttype=1 [ RunTime:0.0100s ]
SQL: select * from t_order_status where (id>=3 and id < 7) or id in(10,12) [ RunTime:0.0060s ]
SQL: select node.id,node.name from t_role as role,t_role_user as userrole,t_access as access ,t_node as node where userrole.user_id='27' and userrole.role_id=role.id and ( access.role_id=role.id  or (access.role_id=role.pid and role.pid!=0 ) ) and role.status=1 and access.node_id=node.id and node.level=1 and node.status=1 [ RunTime:0.0080s ]
SQL: select node.id,node.name from t_role as role,t_role_user as userrole,t_access as access ,t_node as node where userrole.user_id='27' and userrole.role_id=role.id and ( access.role_id=role.id  or (access.role_id=role.pid and role.pid!=0 ) ) and role.status=1 and access.node_id=node.id and node.level=2 and node.pid=18 and node.status=1 [ RunTime:0.0060s ]
SQL: select node.id,node.name from t_role as role,t_role_user as userrole,t_access as access ,t_node as node where userrole.user_id='27' and userrole.role_id=role.id and ( access.role_id=role.id  or (access.role_id=role.pid and role.pid!=0 ) ) and role.status=1 and access.node_id=node.id and node.level=3 and node.pid=37 and node.status=1 [ RunTime:0.0090s ]
SQL: select node.id,node.name from t_role as role,t_role_user as userrole,t_access as access ,t_node as node where userrole.user_id='27' and userrole.role_id=role.id and ( access.role_id=role.id  or (access.role_id=role.pid and role.pid!=0 ) ) and role.status=1 and access.node_id=node.id and node.level=2 and node.pid=30 and node.status=1 [ RunTime:0.0070s ]
SQL: select node.id,node.name from t_role as role,t_role_user as userrole,t_access as access ,t_node as node where userrole.user_id='27' and userrole.role_id=role.id and ( access.role_id=role.id  or (access.role_id=role.pid and role.pid!=0 ) ) and role.status=1 and access.node_id=node.id and node.level=3 and node.pid=28 and node.status=1 [ RunTime:0.0070s ]
SQL: select node.id,node.name from t_role as role,t_role_user as userrole,t_access as access ,t_node as node where userrole.user_id='27' and userrole.role_id=role.id and ( access.role_id=role.id  or (access.role_id=role.pid and role.pid!=0 ) ) and role.status=1 and access.node_id=node.id and node.level=1 and node.status=1 [ RunTime:0.0060s ]
SQL: select node.id,node.name from t_role as role,t_role_user as userrole,t_access as access ,t_node as node where userrole.user_id='27' and userrole.role_id=role.id and ( access.role_id=role.id  or (access.role_id=role.pid and role.pid!=0 ) ) and role.status=1 and access.node_id=node.id and node.level=2 and node.pid=18 and node.status=1 [ RunTime:0.0090s ]
SQL: select node.id,node.name from t_role as role,t_role_user as userrole,t_access as access ,t_node as node where userrole.user_id='27' and userrole.role_id=role.id and ( access.role_id=role.id  or (access.role_id=role.pid and role.pid!=0 ) ) and role.status=1 and access.node_id=node.id and node.level=3 and node.pid=37 and node.status=1 [ RunTime:0.0080s ]
SQL: select node.id,node.name from t_role as role,t_role_user as userrole,t_access as access ,t_node as node where userrole.user_id='27' and userrole.role_id=role.id and ( access.role_id=role.id  or (access.role_id=role.pid and role.pid!=0 ) ) and role.status=1 and access.node_id=node.id and node.level=2 and node.pid=30 and node.status=1 [ RunTime:0.0060s ]
SQL: select node.id,node.name from t_role as role,t_role_user as userrole,t_access as access ,t_node as node where userrole.user_id='27' and userrole.role_id=role.id and ( access.role_id=role.id  or (access.role_id=role.pid and role.pid!=0 ) ) and role.status=1 and access.node_id=node.id and node.level=3 and node.pid=28 and node.status=1 [ RunTime:0.0060s ]
SQL: select r.*,u.nickname
            from t_order_record r left join t_user u on r.user_id=u.id
            where order_id=27 and user_id=27 order by id desc [ RunTime:0.0130s ]
INFO: [ view_parse ] --START--
INFO: [ template_filter ] --START--
INFO: Run Behavior\ContentReplaceBehavior [ RunTime:0.001000s ]
INFO: [ template_filter ] --END-- [ RunTime:0.001000s ]
NOTIC: [8] Undefined variable: page_title D:\phpworkspace\fundcrm\Application\Runtime\Cache\Hefm\ecc666dc946ba09ad71982a4a23c6489.php 第 6 行.
NOTIC: [8] Undefined variable: page_description D:\phpworkspace\fundcrm\Application\Runtime\Cache\Hefm\ecc666dc946ba09ad71982a4a23c6489.php 第 8 行.
NOTIC: [8] Undefined offset: 2 D:\phpworkspace\fundcrm\Application\Runtime\Cache\Hefm\ecc666dc946ba09ad71982a4a23c6489.php 第 534 行.
NOTIC: [8] Undefined offset: 1 D:\phpworkspace\fundcrm\Application\Runtime\Cache\Hefm\ecc666dc946ba09ad71982a4a23c6489.php 第 544 行.
NOTIC: [8] Undefined offset: 2 D:\phpworkspace\fundcrm\Application\Runtime\Cache\Hefm\ecc666dc946ba09ad71982a4a23c6489.php 第 544 行.
NOTIC: [8] Undefined offset: 3 D:\phpworkspace\fundcrm\Application\Runtime\Cache\Hefm\ecc666dc946ba09ad71982a4a23c6489.php 第 655 行.
NOTIC: [8] Undefined offset: 7 D:\phpworkspace\fundcrm\Application\Runtime\Cache\Hefm\ecc666dc946ba09ad71982a4a23c6489.php 第 655 行.
NOTIC: [8] Undefined offset: 3 D:\phpworkspace\fundcrm\Application\Runtime\Cache\Hefm\ecc666dc946ba09ad71982a4a23c6489.php 第 663 行.
NOTIC: [8] Undefined offset: 6 D:\phpworkspace\fundcrm\Application\Runtime\Cache\Hefm\ecc666dc946ba09ad71982a4a23c6489.php 第 663 行.
NOTIC: [8] Undefined offset: 10 D:\phpworkspace\fundcrm\Application\Runtime\Cache\Hefm\ecc666dc946ba09ad71982a4a23c6489.php 第 663 行.
NOTIC: [8] Undefined offset: 12 D:\phpworkspace\fundcrm\Application\Runtime\Cache\Hefm\ecc666dc946ba09ad71982a4a23c6489.php 第 663 行.
INFO: Run Behavior\ParseTemplateBehavior [ RunTime:0.021002s ]
INFO: [ view_parse ] --END-- [ RunTime:0.021002s ]
INFO: [ view_filter ] --START--
INFO: Run Behavior\WriteHtmlCacheBehavior [ RunTime:0.000000s ]
INFO: [ view_filter ] --END-- [ RunTime:0.000000s ]
INFO: [ app_end ] --START--
INFO: Run Behavior\ShowPageTraceBehavior [ RunTime:0.000000s ]
INFO: [ app_end ] --END-- [ RunTime:0.000000s ]

[ 2015-06-08T14:14:21+08:00 ] 127.0.0.1 /fundcrm/index.php/Hefm/Interfaces/orderPush
INFO: [ app_init ] --START--
INFO: Run Behavior\BuildLiteBehavior [ RunTime:0.000000s ]
INFO: Run Behavior\FlashBehaviors [ RunTime:0.000000s ]
INFO: [ app_init ] --END-- [ RunTime:0.001000s ]
INFO: [ app_begin ] --START--
INFO: Run Behavior\ReadHtmlCacheBehavior [ RunTime:0.000000s ]
INFO: [ app_begin ] --END-- [ RunTime:0.000000s ]
ERR: 无法加载控制器:Interfaces

